0:0:0:0:0:0:0:1 - - [22/Jun/2018:13:45:54 +0800] "GET / HTTP/1.1" 200 5472
0:0:0:0:0:0:0:1 - - [22/Jun/2018:13:45:54 +0800] "GET /main/css/styles.css HTTP/1.1" 200 2875
0:0:0:0:0:0:0:1 - - [22/Jun/2018:13:45:54 +0800] "GET /main/images/fan.jpg HTTP/1.1" 200 43238
0:0:0:0:0:0:0:1 - - [22/Jun/2018:13:45:54 +0800] "GET /main/images/rainy-day.jpg HTTP/1.1" 200 66012
0:0:0:0:0:0:0:1 - - [22/Jun/2018:13:45:56 +0800] "GET /main/images/footer-background.png HTTP/1.1" 200 1330
0:0:0:0:0:0:0:1 - - [22/Jun/2018:13:45:56 +0800] "GET /main/images/header-bg.jpg HTTP/1.1" 200 10060
0:0:0:0:0:0:0:1 - - [22/Jun/2018:13:45:56 +0800] "GET /main/images/logo.jpg HTTP/1.1" 200 37392
0:0:0:0:0:0:0:1 - - [22/Jun/2018:13:45:56 +0800] "GET /favicon.ico HTTP/1.1" 200 4286
0:0:0:0:0:0:0:1 - - [22/Jun/2018:13:46:03 +0800] "GET /nca HTTP/1.1" 200 11991
0:0:0:0:0:0:0:1 - - [22/Jun/2018:13:46:03 +0800] "GET /static/magnific-popup.css HTTP/1.1" 200 6951
0:0:0:0:0:0:0:1 - - [22/Jun/2018:13:46:03 +0800] "GET /static/font-awesome.min.css HTTP/1.1" 200 31000
0:0:0:0:0:0:0:1 - - [22/Jun/2018:13:46:03 +0800] "GET /static/creative.min.css HTTP/1.1" 200 5642
0:0:0:0:0:0:0:1 - - [22/Jun/2018:13:46:03 +0800] "GET /static/bootstrap.min.css HTTP/1.1" 200 144877
0:0:0:0:0:0:0:1 - - [22/Jun/2018:13:46:03 +0800] "GET /static/jquery.easing.min.js HTTP/1.1" 200 2532
0:0:0:0:0:0:0:1 - - [22/Jun/2018:13:46:03 +0800] "GET /static/jquery.min.js HTTP/1.1" 200 86927
0:0:0:0:0:0:0:1 - - [22/Jun/2018:13:46:03 +0800] "GET /static/scrollreveal.min.js HTTP/1.1" 200 9053
0:0:0:0:0:0:0:1 - - [22/Jun/2018:13:46:03 +0800] "GET /static/bootstrap.bundle.min.js HTTP/1.1" 200 67742
0:0:0:0:0:0:0:1 - - [22/Jun/2018:13:46:03 +0800] "GET /static/creative.min.js HTTP/1.1" 200 1134
0:0:0:0:0:0:0:1 - - [22/Jun/2018:13:46:03 +0800] "GET /static/jquery.magnific-popup.min.js HTTP/1.1" 200 20216
0:0:0:0:0:0:0:1 - - [22/Jun/2018:13:46:03 +0800] "GET /static/logo.png HTTP/1.1" 200 7303
0:0:0:0:0:0:0:1 - - [22/Jun/2018:13:46:03 +0800] "GET /static/3.jpg HTTP/1.1" 200 74614
0:0:0:0:0:0:0:1 - - [22/Jun/2018:13:46:03 +0800] "GET /static/1.jpg HTTP/1.1" 200 94037
0:0:0:0:0:0:0:1 - - [22/Jun/2018:13:46:03 +0800] "GET /static/2.jpg HTTP/1.1" 200 90346
0:0:0:0:0:0:0:1 - - [22/Jun/2018:13:46:03 +0800] "GET /static/4.jpg HTTP/1.1" 200 58032
0:0:0:0:0:0:0:1 - - [22/Jun/2018:13:46:03 +0800] "GET /static/6.jpg HTTP/1.1" 200 55147
0:0:0:0:0:0:0:1 - - [22/Jun/2018:13:46:03 +0800] "GET /static/5.jpg HTTP/1.1" 200 80929
0:0:0:0:0:0:0:1 - - [22/Jun/2018:13:46:03 +0800] "GET /img/Slide.jpg HTTP/1.1" 200 99134
0:0:0:0:0:0:0:1 - - [22/Jun/2018:13:46:03 +0800] "GET /fonts/fontawesome-webfont.woff2?v=4.7.0 HTTP/1.1" 200 77160
0:0:0:0:0:0:0:1 - - [22/Jun/2018:13:46:03 +0800] "GET /static/qrcode.png HTTP/1.1" 404 149
0:0:0:0:0:0:0:1 - - [22/Jun/2018:14:14:21 +0800] "GET / HTTP/1.1" 200 5472
0:0:0:0:0:0:0:1 - - [22/Jun/2018:14:14:21 +0800] "GET /main/css/styles.css HTTP/1.1" 200 2875
0:0:0:0:0:0:0:1 - - [22/Jun/2018:14:14:21 +0800] "GET /main/images/rainy-day.jpg HTTP/1.1" 200 66012
0:0:0:0:0:0:0:1 - - [22/Jun/2018:14:14:21 +0800] "GET /main/images/fan.jpg HTTP/1.1" 200 43238
0:0:0:0:0:0:0:1 - - [22/Jun/2018:14:14:21 +0800] "GET /main/images/footer-background.png HTTP/1.1" 200 1330
0:0:0:0:0:0:0:1 - - [22/Jun/2018:14:14:21 +0800] "GET /main/images/header-bg.jpg HTTP/1.1" 200 10060
0:0:0:0:0:0:0:1 - - [22/Jun/2018:14:14:21 +0800] "GET /main/images/logo.jpg HTTP/1.1" 200 37392
0:0:0:0:0:0:0:1 - - [22/Jun/2018:14:14:27 +0800] "GET / HTTP/1.1" 200 5472
0:0:0:0:0:0:0:1 - - [22/Jun/2018:14:14:27 +0800] "GET /main/css/styles.css HTTP/1.1" 200 2875
0:0:0:0:0:0:0:1 - - [22/Jun/2018:14:14:34 +0800] "GET / HTTP/1.1" 200 5472
0:0:0:0:0:0:0:1 - - [22/Jun/2018:14:14:34 +0800] "GET /main/css/styles.css HTTP/1.1" 200 2875
0:0:0:0:0:0:0:1 - - [22/Jun/2018:14:14:34 +0800] "GET /main/images/rainy-day.jpg HTTP/1.1" 200 66012
0:0:0:0:0:0:0:1 - - [22/Jun/2018:14:14:34 +0800] "GET /main/images/fan.jpg HTTP/1.1" 200 43238
0:0:0:0:0:0:0:1 - - [22/Jun/2018:14:14:34 +0800] "GET /main/images/footer-background.png HTTP/1.1" 200 1330
0:0:0:0:0:0:0:1 - - [22/Jun/2018:14:14:34 +0800] "GET /main/images/header-bg.jpg HTTP/1.1" 200 10060
0:0:0:0:0:0:0:1 - - [22/Jun/2018:14:14:34 +0800] "GET /main/images/logo.jpg HTTP/1.1" 200 37392
0:0:0:0:0:0:0:1 - - [22/Jun/2018:14:24:08 +0800] "GET / HTTP/1.1" 200 5472
0:0:0:0:0:0:0:1 - - [22/Jun/2018:14:24:08 +0800] "GET /main/css/styles.css HTTP/1.1" 200 2875
0:0:0:0:0:0:0:1 - - [22/Jun/2018:14:24:08 +0800] "GET /main/images/rainy-day.jpg HTTP/1.1" 200 66012
0:0:0:0:0:0:0:1 - - [22/Jun/2018:14:24:08 +0800] "GET /main/images/fan.jpg HTTP/1.1" 200 43238
0:0:0:0:0:0:0:1 - - [22/Jun/2018:14:24:08 +0800] "GET /main/images/footer-background.png HTTP/1.1" 200 1330
0:0:0:0:0:0:0:1 - - [22/Jun/2018:14:24:08 +0800] "GET /main/images/header-bg.jpg HTTP/1.1" 200 10060
0:0:0:0:0:0:0:1 - - [22/Jun/2018:14:24:08 +0800] "GET /main/images/logo.jpg HTTP/1.1" 200 37392
0:0:0:0:0:0:0:1 - - [22/Jun/2018:14:26:06 +0800] "GET /nca HTTP/1.1" 200 11991
0:0:0:0:0:0:0:1 - - [22/Jun/2018:14:26:06 +0800] "GET /static/font-awesome.min.css HTTP/1.1" 404 159
0:0:0:0:0:0:0:1 - - [22/Jun/2018:14:26:06 +0800] "GET /static/jquery.min.js HTTP/1.1" 404 152
0:0:0:0:0:0:0:1 - - [22/Jun/2018:14:26:06 +0800] "GET /static/bootstrap.min.css HTTP/1.1" 404 156
0:0:0:0:0:0:0:1 - - [22/Jun/2018:14:26:06 +0800] "GET /static/creative.min.css HTTP/1.1" 404 155
0:0:0:0:0:0:0:1 - - [22/Jun/2018:14:26:06 +0800] "GET /static/magnific-popup.css HTTP/1.1" 404 157
0:0:0:0:0:0:0:1 - - [22/Jun/2018:14:26:06 +0800] "GET /static/bootstrap.bundle.min.js HTTP/1.1" 404 162
0:0:0:0:0:0:0:1 - - [22/Jun/2018:14:26:06 +0800] "GET /static/jquery.magnific-popup.min.js HTTP/1.1" 404 167
0:0:0:0:0:0:0:1 - - [22/Jun/2018:14:26:06 +0800] "GET /static/jquery.easing.min.js HTTP/1.1" 404 159
0:0:0:0:0:0:0:1 - - [22/Jun/2018:14:26:06 +0800] "GET /static/logo.png HTTP/1.1" 404 147
0:0:0:0:0:0:0:1 - - [22/Jun/2018:14:26:06 +0800] "GET /static/scrollreveal.min.js HTTP/1.1" 404 158
0:0:0:0:0:0:0:1 - - [22/Jun/2018:14:26:06 +0800] "GET /static/creative.min.js HTTP/1.1" 404 154
0:0:0:0:0:0:0:1 - - [22/Jun/2018:14:26:06 +0800] "GET /static/1.jpg HTTP/1.1" 404 144
0:0:0:0:0:0:0:1 - - [22/Jun/2018:14:26:06 +0800] "GET /static/3.jpg HTTP/1.1" 404 144
0:0:0:0:0:0:0:1 - - [22/Jun/2018:14:26:06 +0800] "GET /static/4.jpg HTTP/1.1" 404 144
0:0:0:0:0:0:0:1 - - [22/Jun/2018:14:26:06 +0800] "GET /static/2.jpg HTTP/1.1" 404 144
0:0:0:0:0:0:0:1 - - [22/Jun/2018:14:26:06 +0800] "GET /static/5.jpg HTTP/1.1" 404 144
0:0:0:0:0:0:0:1 - - [22/Jun/2018:14:26:06 +0800] "GET /static/6.jpg HTTP/1.1" 404 144
0:0:0:0:0:0:0:1 - - [22/Jun/2018:14:26:06 +0800] "GET /static/qrcode.png HTTP/1.1" 404 149
0:0:0:0:0:0:0:1 - - [22/Jun/2018:14:26:07 +0800] "GET /static/jquery.magnific-popup.min.js HTTP/1.1" 404 167
0:0:0:0:0:0:0:1 - - [22/Jun/2018:14:26:07 +0800] "GET /static/creative.min.js HTTP/1.1" 404 154
0:0:0:0:0:0:0:1 - - [22/Jun/2018:14:26:08 +0800] "GET /nca HTTP/1.1" 200 11991
0:0:0:0:0:0:0:1 - - [22/Jun/2018:14:26:08 +0800] "GET /static/magnific-popup.css HTTP/1.1" 404 157
0:0:0:0:0:0:0:1 - - [22/Jun/2018:14:26:08 +0800] "GET /static/font-awesome.min.css HTTP/1.1" 404 159
0:0:0:0:0:0:0:1 - - [22/Jun/2018:14:26:08 +0800] "GET /static/bootstrap.min.css HTTP/1.1" 404 156
0:0:0:0:0:0:0:1 - - [22/Jun/2018:14:26:08 +0800] "GET /static/creative.min.css HTTP/1.1" 404 155
0:0:0:0:0:0:0:1 - - [22/Jun/2018:14:26:08 +0800] "GET /static/jquery.min.js HTTP/1.1" 404 152
0:0:0:0:0:0:0:1 - - [22/Jun/2018:14:26:08 +0800] "GET /static/bootstrap.bundle.min.js HTTP/1.1" 404 162
0:0:0:0:0:0:0:1 - - [22/Jun/2018:14:26:08 +0800] "GET /static/jquery.easing.min.js HTTP/1.1" 404 159
0:0:0:0:0:0:0:1 - - [22/Jun/2018:14:26:08 +0800] "GET /static/scrollreveal.min.js HTTP/1.1" 404 158
0:0:0:0:0:0:0:1 - - [22/Jun/2018:14:26:09 +0800] "GET /static/jquery.magnific-popup.min.js HTTP/1.1" 404 167
0:0:0:0:0:0:0:1 - - [22/Jun/2018:14:26:09 +0800] "GET /static/2.jpg HTTP/1.1" 404 144
0:0:0:0:0:0:0:1 - - [22/Jun/2018:14:26:09 +0800] "GET /static/creative.min.js HTTP/1.1" 404 154
0:0:0:0:0:0:0:1 - - [22/Jun/2018:14:26:09 +0800] "GET /static/logo.png HTTP/1.1" 404 147
0:0:0:0:0:0:0:1 - - [22/Jun/2018:14:26:09 +0800] "GET /static/3.jpg HTTP/1.1" 404 144
0:0:0:0:0:0:0:1 - - [22/Jun/2018:14:26:09 +0800] "GET /static/1.jpg HTTP/1.1" 404 144
0:0:0:0:0:0:0:1 - - [22/Jun/2018:14:26:09 +0800] "GET /static/5.jpg HTTP/1.1" 404 144
0:0:0:0:0:0:0:1 - - [22/Jun/2018:14:26:09 +0800] "GET /static/jquery.min.js HTTP/1.1" 404 152
0:0:0:0:0:0:0:1 - - [22/Jun/2018:14:26:09 +0800] "GET /static/6.jpg HTTP/1.1" 404 144
0:0:0:0:0:0:0:1 - - [22/Jun/2018:14:26:09 +0800] "GET /static/qrcode.png HTTP/1.1" 404 149
0:0:0:0:0:0:0:1 - - [22/Jun/2018:14:26:09 +0800] "GET /static/4.jpg HTTP/1.1" 404 144
0:0:0:0:0:0:0:1 - - [22/Jun/2018:14:26:09 +0800] "GET /static/bootstrap.bundle.min.js HTTP/1.1" 404 162
0:0:0:0:0:0:0:1 - - [22/Jun/2018:14:26:09 +0800] "GET /static/jquery.easing.min.js HTTP/1.1" 404 159
0:0:0:0:0:0:0:1 - - [22/Jun/2018:14:26:09 +0800] "GET /static/scrollreveal.min.js HTTP/1.1" 404 158
0:0:0:0:0:0:0:1 - - [22/Jun/2018:14:26:09 +0800] "GET /static/jquery.magnific-popup.min.js HTTP/1.1" 404 167
0:0:0:0:0:0:0:1 - - [22/Jun/2018:14:26:09 +0800] "GET /static/creative.min.js HTTP/1.1" 404 154
0:0:0:0:0:0:0:1 - - [22/Jun/2018:14:26:09 +0800] "GET /favicon.ico HTTP/1.1" 200 4286
0:0:0:0:0:0:0:1 - - [22/Jun/2018:14:26:10 +0800] "GET /nca HTTP/1.1" 200 11991
0:0:0:0:0:0:0:1 - - [22/Jun/2018:14:26:10 +0800] "GET /static/bootstrap.min.css HTTP/1.1" 404 156
0:0:0:0:0:0:0:1 - - [22/Jun/2018:14:26:10 +0800] "GET /static/font-awesome.min.css HTTP/1.1" 404 159
0:0:0:0:0:0:0:1 - - [22/Jun/2018:14:26:10 +0800] "GET /static/creative.min.css HTTP/1.1" 404 155
0:0:0:0:0:0:0:1 - - [22/Jun/2018:14:26:10 +0800] "GET /static/magnific-popup.css HTTP/1.1" 404 157
0:0:0:0:0:0:0:1 - - [22/Jun/2018:14:26:10 +0800] "GET /static/jquery.min.js HTTP/1.1" 404 152
0:0:0:0:0:0:0:1 - - [22/Jun/2018:14:26:10 +0800] "GET /static/bootstrap.bundle.min.js HTTP/1.1" 404 162
0:0:0:0:0:0:0:1 - - [22/Jun/2018:14:26:10 +0800] "GET /static/jquery.easing.min.js HTTP/1.1" 404 159
0:0:0:0:0:0:0:1 - - [22/Jun/2018:14:26:10 +0800] "GET /static/scrollreveal.min.js HTTP/1.1" 404 158
0:0:0:0:0:0:0:1 - - [22/Jun/2018:14:26:10 +0800] "GET /static/creative.min.js HTTP/1.1" 404 154
0:0:0:0:0:0:0:1 - - [22/Jun/2018:14:26:10 +0800] "GET /static/logo.png HTTP/1.1" 404 147
0:0:0:0:0:0:0:1 - - [22/Jun/2018:14:26:10 +0800] "GET /static/jquery.magnific-popup.min.js HTTP/1.1" 404 167
0:0:0:0:0:0:0:1 - - [22/Jun/2018:14:26:10 +0800] "GET /static/1.jpg HTTP/1.1" 404 144
0:0:0:0:0:0:0:1 - - [22/Jun/2018:14:26:10 +0800] "GET /static/2.jpg HTTP/1.1" 404 144
0:0:0:0:0:0:0:1 - - [22/Jun/2018:14:26:10 +0800] "GET /static/4.jpg HTTP/1.1" 404 144
0:0:0:0:0:0:0:1 - - [22/Jun/2018:14:26:10 +0800] "GET /static/3.jpg HTTP/1.1" 404 144
0:0:0:0:0:0:0:1 - - [22/Jun/2018:14:26:10 +0800] "GET /static/5.jpg HTTP/1.1" 404 144
0:0:0:0:0:0:0:1 - - [22/Jun/2018:14:26:10 +0800] "GET /static/6.jpg HTTP/1.1" 404 144
0:0:0:0:0:0:0:1 - - [22/Jun/2018:14:26:10 +0800] "GET /static/qrcode.png HTTP/1.1" 404 149
0:0:0:0:0:0:0:1 - - [22/Jun/2018:14:26:10 +0800] "GET /static/jquery.min.js HTTP/1.1" 404 152
0:0:0:0:0:0:0:1 - - [22/Jun/2018:14:26:10 +0800] "GET /static/bootstrap.bundle.min.js HTTP/1.1" 404 162
0:0:0:0:0:0:0:1 - - [22/Jun/2018:14:26:10 +0800] "GET /static/jquery.easing.min.js HTTP/1.1" 404 159
0:0:0:0:0:0:0:1 - - [22/Jun/2018:14:26:10 +0800] "GET /static/scrollreveal.min.js HTTP/1.1" 404 158
0:0:0:0:0:0:0:1 - - [22/Jun/2018:14:26:10 +0800] "GET /static/jquery.magnific-popup.min.js HTTP/1.1" 404 167
0:0:0:0:0:0:0:1 - - [22/Jun/2018:14:26:10 +0800] "GET /static/creative.min.js HTTP/1.1" 404 154
0:0:0:0:0:0:0:1 - - [22/Jun/2018:14:26:10 +0800] "GET /favicon.ico HTTP/1.1" 200 4286
0:0:0:0:0:0:0:1 - - [22/Jun/2018:14:26:10 +0800] "GET /nca HTTP/1.1" 200 11991
0:0:0:0:0:0:0:1 - - [22/Jun/2018:14:26:10 +0800] "GET /static/bootstrap.min.css HTTP/1.1" 404 156
0:0:0:0:0:0:0:1 - - [22/Jun/2018:14:26:10 +0800] "GET /static/font-awesome.min.css HTTP/1.1" 404 159
0:0:0:0:0:0:0:1 - - [22/Jun/2018:14:26:10 +0800] "GET /static/magnific-popup.css HTTP/1.1" 404 157
0:0:0:0:0:0:0:1 - - [22/Jun/2018:14:26:10 +0800] "GET /static/creative.min.css HTTP/1.1" 404 155
0:0:0:0:0:0:0:1 - - [22/Jun/2018:14:26:10 +0800] "GET /static/jquery.min.js HTTP/1.1" 404 152
0:0:0:0:0:0:0:1 - - [22/Jun/2018:14:26:10 +0800] "GET /static/bootstrap.bundle.min.js HTTP/1.1" 404 162
0:0:0:0:0:0:0:1 - - [22/Jun/2018:14:26:10 +0800] "GET /static/jquery.easing.min.js HTTP/1.1" 404 159
0:0:0:0:0:0:0:1 - - [22/Jun/2018:14:26:10 +0800] "GET /static/scrollreveal.min.js HTTP/1.1" 404 158
0:0:0:0:0:0:0:1 - - [22/Jun/2018:14:26:10 +0800] "GET /static/jquery.magnific-popup.min.js HTTP/1.1" 404 167
0:0:0:0:0:0:0:1 - - [22/Jun/2018:14:26:10 +0800] "GET /static/creative.min.js HTTP/1.1" 404 154
0:0:0:0:0:0:0:1 - - [22/Jun/2018:14:26:10 +0800] "GET /static/1.jpg HTTP/1.1" 404 144
0:0:0:0:0:0:0:1 - - [22/Jun/2018:14:26:10 +0800] "GET /static/logo.png HTTP/1.1" 404 147
0:0:0:0:0:0:0:1 - - [22/Jun/2018:14:26:10 +0800] "GET /static/2.jpg HTTP/1.1" 404 144
0:0:0:0:0:0:0:1 - - [22/Jun/2018:14:26:10 +0800] "GET /static/6.jpg HTTP/1.1" 404 144
0:0:0:0:0:0:0:1 - - [22/Jun/2018:14:26:10 +0800] "GET /static/4.jpg HTTP/1.1" 404 144
0:0:0:0:0:0:0:1 - - [22/Jun/2018:14:26:10 +0800] "GET /static/3.jpg HTTP/1.1" 404 144
0:0:0:0:0:0:0:1 - - [22/Jun/2018:14:26:10 +0800] "GET /static/qrcode.png HTTP/1.1" 404 149
0:0:0:0:0:0:0:1 - - [22/Jun/2018:14:26:10 +0800] "GET /static/5.jpg HTTP/1.1" 404 144
0:0:0:0:0:0:0:1 - - [22/Jun/2018:14:26:10 +0800] "GET /static/scrollreveal.min.js HTTP/1.1" 404 158
0:0:0:0:0:0:0:1 - - [22/Jun/2018:14:26:10 +0800] "GET /static/jquery.magnific-popup.min.js HTTP/1.1" 404 167
0:0:0:0:0:0:0:1 - - [22/Jun/2018:14:26:10 +0800] "GET /static/creative.min.js HTTP/1.1" 404 154
0:0:0:0:0:0:0:1 - - [22/Jun/2018:14:26:10 +0800] "GET /favicon.ico HTTP/1.1" 200 4286
0:0:0:0:0:0:0:1 - - [22/Jun/2018:14:26:10 +0800] "GET /nca HTTP/1.1" 200 11991
0:0:0:0:0:0:0:1 - - [22/Jun/2018:14:26:10 +0800] "GET /static/bootstrap.min.css HTTP/1.1" 404 156
0:0:0:0:0:0:0:1 - - [22/Jun/2018:14:26:10 +0800] "GET /static/font-awesome.min.css HTTP/1.1" 404 159
0:0:0:0:0:0:0:1 - - [22/Jun/2018:14:26:10 +0800] "GET /static/creative.min.css HTTP/1.1" 404 155
0:0:0:0:0:0:0:1 - - [22/Jun/2018:14:26:10 +0800] "GET /static/magnific-popup.css HTTP/1.1" 404 157
0:0:0:0:0:0:0:1 - - [22/Jun/2018:14:26:10 +0800] "GET /static/jquery.min.js HTTP/1.1" 404 152
0:0:0:0:0:0:0:1 - - [22/Jun/2018:14:26:10 +0800] "GET /static/bootstrap.bundle.min.js HTTP/1.1" 404 162
0:0:0:0:0:0:0:1 - - [22/Jun/2018:14:26:10 +0800] "GET /static/jquery.easing.min.js HTTP/1.1" 404 159
0:0:0:0:0:0:0:1 - - [22/Jun/2018:14:26:10 +0800] "GET /static/jquery.magnific-popup.min.js HTTP/1.1" 404 167
0:0:0:0:0:0:0:1 - - [22/Jun/2018:14:26:10 +0800] "GET /static/creative.min.js HTTP/1.1" 404 154
0:0:0:0:0:0:0:1 - - [22/Jun/2018:14:26:10 +0800] "GET /static/1.jpg HTTP/1.1" 404 144
0:0:0:0:0:0:0:1 - - [22/Jun/2018:14:26:10 +0800] "GET /static/logo.png HTTP/1.1" 404 147
0:0:0:0:0:0:0:1 - - [22/Jun/2018:14:26:10 +0800] "GET /static/scrollreveal.min.js HTTP/1.1" 404 158
0:0:0:0:0:0:0:1 - - [22/Jun/2018:14:26:10 +0800] "GET /static/2.jpg HTTP/1.1" 404 144
0:0:0:0:0:0:0:1 - - [22/Jun/2018:14:26:10 +0800] "GET /static/6.jpg HTTP/1.1" 404 144
0:0:0:0:0:0:0:1 - - [22/Jun/2018:14:26:10 +0800] "GET /static/5.jpg HTTP/1.1" 404 144
0:0:0:0:0:0:0:1 - - [22/Jun/2018:14:26:10 +0800] "GET /static/4.jpg HTTP/1.1" 404 144
0:0:0:0:0:0:0:1 - - [22/Jun/2018:14:26:10 +0800] "GET /static/3.jpg HTTP/1.1" 404 144
0:0:0:0:0:0:0:1 - - [22/Jun/2018:14:26:10 +0800] "GET /static/qrcode.png HTTP/1.1" 404 149
0:0:0:0:0:0:0:1 - - [22/Jun/2018:14:26:10 +0800] "GET /static/jquery.magnific-popup.min.js HTTP/1.1" 404 167
0:0:0:0:0:0:0:1 - - [22/Jun/2018:14:26:10 +0800] "GET /static/creative.min.js HTTP/1.1" 404 154
0:0:0:0:0:0:0:1 - - [22/Jun/2018:14:26:10 +0800] "GET /favicon.ico HTTP/1.1" 200 4286
0:0:0:0:0:0:0:1 - - [22/Jun/2018:14:26:56 +0800] "GET /nca HTTP/1.1" 200 11991
0:0:0:0:0:0:0:1 - - [22/Jun/2018:14:26:56 +0800] "GET /static/magnific-popup.css HTTP/1.1" 200 6951
0:0:0:0:0:0:0:1 - - [22/Jun/2018:14:26:56 +0800] "GET /static/creative.min.css HTTP/1.1" 200 5642
0:0:0:0:0:0:0:1 - - [22/Jun/2018:14:26:56 +0800] "GET /static/bootstrap.min.css HTTP/1.1" 200 144877
0:0:0:0:0:0:0:1 - - [22/Jun/2018:14:26:56 +0800] "GET /static/3.jpg HTTP/1.1" 200 74614
0:0:0:0:0:0:0:1 - - [22/Jun/2018:14:26:56 +0800] "GET /static/1.jpg HTTP/1.1" 200 94037
0:0:0:0:0:0:0:1 - - [22/Jun/2018:14:26:56 +0800] "GET /static/logo.png HTTP/1.1" 200 7303
0:0:0:0:0:0:0:1 - - [22/Jun/2018:14:26:56 +0800] "GET /static/2.jpg HTTP/1.1" 200 90346
0:0:0:0:0:0:0:1 - - [22/Jun/2018:14:26:56 +0800] "GET /static/4.jpg HTTP/1.1" 200 58032
0:0:0:0:0:0:0:1 - - [22/Jun/2018:14:26:56 +0800] "GET /static/6.jpg HTTP/1.1" 200 55147
0:0:0:0:0:0:0:1 - - [22/Jun/2018:14:26:56 +0800] "GET /static/font-awesome.min.css HTTP/1.1" 200 31000
0:0:0:0:0:0:0:1 - - [22/Jun/2018:14:26:56 +0800] "GET /static/bootstrap.bundle.min.js HTTP/1.1" 200 67742
0:0:0:0:0:0:0:1 - - [22/Jun/2018:14:26:56 +0800] "GET /static/jquery.min.js HTTP/1.1" 200 86927
0:0:0:0:0:0:0:1 - - [22/Jun/2018:14:26:56 +0800] "GET /static/jquery.easing.min.js HTTP/1.1" 200 2532
0:0:0:0:0:0:0:1 - - [22/Jun/2018:14:26:56 +0800] "GET /static/scrollreveal.min.js HTTP/1.1" 200 9053
0:0:0:0:0:0:0:1 - - [22/Jun/2018:14:26:56 +0800] "GET /static/creative.min.js HTTP/1.1" 200 1134
0:0:0:0:0:0:0:1 - - [22/Jun/2018:14:26:56 +0800] "GET /static/jquery.magnific-popup.min.js HTTP/1.1" 200 20216
0:0:0:0:0:0:0:1 - - [22/Jun/2018:14:26:56 +0800] "GET /static/5.jpg HTTP/1.1" 200 80929
0:0:0:0:0:0:0:1 - - [22/Jun/2018:14:26:56 +0800] "GET /static/qrcode.png HTTP/1.1" 404 149
0:0:0:0:0:0:0:1 - - [22/Jun/2018:14:26:56 +0800] "GET /fonts/fontawesome-webfont.woff2?v=4.7.0 HTTP/1.1" 200 77160
0:0:0:0:0:0:0:1 - - [22/Jun/2018:14:26:56 +0800] "GET /img/Slide.jpg HTTP/1.1" 200 99134
