0:0:0:0:0:0:0:1 - - [25/May/2018:09:44:21 +0800] "GET / HTTP/1.1" 200 5472
0:0:0:0:0:0:0:1 - - [25/May/2018:09:44:21 +0800] "GET /main/css/styles.css HTTP/1.1" 200 2875
0:0:0:0:0:0:0:1 - - [25/May/2018:09:44:21 +0800] "GET /main/images/rainy-day.jpg HTTP/1.1" 200 66012
0:0:0:0:0:0:0:1 - - [25/May/2018:09:44:21 +0800] "GET /main/images/fan.jpg HTTP/1.1" 200 43238
0:0:0:0:0:0:0:1 - - [25/May/2018:09:44:21 +0800] "GET /main/images/footer-background.png HTTP/1.1" 200 1330
0:0:0:0:0:0:0:1 - - [25/May/2018:09:44:21 +0800] "GET /main/images/header-bg.jpg HTTP/1.1" 200 10060
0:0:0:0:0:0:0:1 - - [25/May/2018:09:44:21 +0800] "GET /main/images/logo.jpg HTTP/1.1" 200 37392
0:0:0:0:0:0:0:1 - - [25/May/2018:09:44:21 +0800] "GET /favicon.ico HTTP/1.1" 200 4286
0:0:0:0:0:0:0:1 - - [25/May/2018:09:44:30 +0800] "GET /.well-known/pki-validation/fileauth.txt HTTP/1.1" 404 306
0:0:0:0:0:0:0:1 - - [25/May/2018:09:45:10 +0800] "GET /.well-known/pki-validation/fileauth.txt HTTP/1.1" 404 306
0:0:0:0:0:0:0:1 - - [25/May/2018:09:45:11 +0800] "GET /favicon.ico HTTP/1.1" 200 4286
0:0:0:0:0:0:0:1 - - [25/May/2018:09:45:23 +0800] "GET /.well-known/pki-validation/fileauth.txt HTTP/1.1" 200 64
0:0:0:0:0:0:0:1 - - [25/May/2018:09:45:23 +0800] "GET /favicon.ico HTTP/1.1" 200 4286
0:0:0:0:0:0:0:1 - - [25/May/2018:09:45:24 +0800] "GET /.well-known/pki-validation/fileauth.txt HTTP/1.1" 304 -
0:0:0:0:0:0:0:1 - - [25/May/2018:09:45:24 +0800] "GET /favicon.ico HTTP/1.1" 200 4286
0:0:0:0:0:0:0:1 - - [25/May/2018:09:45:24 +0800] "GET /.well-known/pki-validation/fileauth.txt HTTP/1.1" 304 -
0:0:0:0:0:0:0:1 - - [25/May/2018:09:45:24 +0800] "GET /favicon.ico HTTP/1.1" 200 4286
0:0:0:0:0:0:0:1 - - [25/May/2018:10:50:38 +0800] "GET / HTTP/1.1" 200 5472
0:0:0:0:0:0:0:1 - - [25/May/2018:10:50:38 +0800] "GET /favicon.ico HTTP/1.1" 200 4286
0:0:0:0:0:0:0:1 - - [25/May/2018:15:24:15 +0800] "GET / HTTP/1.1" 200 5472
0:0:0:0:0:0:0:1 - - [25/May/2018:15:24:15 +0800] "GET /main/css/styles.css HTTP/1.1" 200 2875
0:0:0:0:0:0:0:1 - - [25/May/2018:15:24:15 +0800] "GET /main/images/fan.jpg HTTP/1.1" 200 43238
0:0:0:0:0:0:0:1 - - [25/May/2018:15:24:16 +0800] "GET /main/images/rainy-day.jpg HTTP/1.1" 200 66012
0:0:0:0:0:0:0:1 - - [25/May/2018:15:24:23 +0800] "GET /main/images/header-bg.jpg HTTP/1.1" 200 10060
0:0:0:0:0:0:0:1 - - [25/May/2018:15:24:23 +0800] "GET /main/images/logo.jpg HTTP/1.1" 200 37392
0:0:0:0:0:0:0:1 - - [25/May/2018:15:24:36 +0800] "GET /main/images/footer-background.png HTTP/1.1" 200 1330
0:0:0:0:0:0:0:1 - - [25/May/2018:15:24:37 +0800] "GET /favicon.ico HTTP/1.1" 200 4286
0:0:0:0:0:0:0:1 - - [25/May/2018:15:24:44 +0800] "GET /fan HTTP/1.1" 200 8657
0:0:0:0:0:0:0:1 - - [25/May/2018:15:24:44 +0800] "GET /main/css/styles.css HTTP/1.1" 200 2875
0:0:0:0:0:0:0:1 - - [25/May/2018:15:25:05 +0800] "GET /main/images/header-bg.jpg HTTP/1.1" 200 10060
0:0:0:0:0:0:0:1 - - [25/May/2018:15:25:05 +0800] "GET /main/images/logo.jpg HTTP/1.1" 200 37392
0:0:0:0:0:0:0:1 - - [25/May/2018:15:25:05 +0800] "GET /fan.mp3 HTTP/1.1" 500 253952
0:0:0:0:0:0:0:1 - - [25/May/2018:15:25:14 +0800] "GET /fan.mp3 HTTP/1.1" 500 4366336
0:0:0:0:0:0:0:1 - - [25/May/2018:15:47:56 +0800] "GET / HTTP/1.1" 200 5472
0:0:0:0:0:0:0:1 - - [25/May/2018:15:47:56 +0800] "GET /main/css/styles.css HTTP/1.1" 200 2875
0:0:0:0:0:0:0:1 - - [25/May/2018:15:47:56 +0800] "GET /main/images/fan.jpg HTTP/1.1" 200 43238
0:0:0:0:0:0:0:1 - - [25/May/2018:15:47:56 +0800] "GET /main/images/rainy-day.jpg HTTP/1.1" 200 66012
0:0:0:0:0:0:0:1 - - [25/May/2018:15:47:57 +0800] "GET /main/images/header-bg.jpg HTTP/1.1" 200 10060
0:0:0:0:0:0:0:1 - - [25/May/2018:15:47:57 +0800] "GET /main/images/footer-background.png HTTP/1.1" 200 1330
0:0:0:0:0:0:0:1 - - [25/May/2018:15:47:57 +0800] "GET /main/images/logo.jpg HTTP/1.1" 200 37392
0:0:0:0:0:0:0:1 - - [25/May/2018:16:01:29 +0800] "GET / HTTP/1.1" 200 5472
0:0:0:0:0:0:0:1 - - [25/May/2018:16:01:29 +0800] "GET /main/css/styles.css HTTP/1.1" 200 2875
0:0:0:0:0:0:0:1 - - [25/May/2018:16:01:29 +0800] "GET /main/images/fan.jpg HTTP/1.1" 200 43238
0:0:0:0:0:0:0:1 - - [25/May/2018:16:01:29 +0800] "GET /main/images/rainy-day.jpg HTTP/1.1" 200 66012
0:0:0:0:0:0:0:1 - - [25/May/2018:16:01:29 +0800] "GET /main/images/footer-background.png HTTP/1.1" 200 1330
0:0:0:0:0:0:0:1 - - [25/May/2018:16:01:29 +0800] "GET /main/images/header-bg.jpg HTTP/1.1" 200 10060
0:0:0:0:0:0:0:1 - - [25/May/2018:16:01:29 +0800] "GET /main/images/logo.jpg HTTP/1.1" 200 37392
