0:0:0:0:0:0:0:1 - - [28/May/2018:11:10:25 +0800] "GET / HTTP/1.1" 200 5472
0:0:0:0:0:0:0:1 - - [28/May/2018:11:10:25 +0800] "GET / HTTP/1.1" 200 5472
0:0:0:0:0:0:0:1 - - [28/May/2018:11:10:25 +0800] "GET /main/css/styles.css HTTP/1.1" 200 2875
0:0:0:0:0:0:0:1 - - [28/May/2018:11:10:25 +0800] "GET /main/css/styles.css HTTP/1.1" 200 2875
0:0:0:0:0:0:0:1 - - [28/May/2018:11:10:25 +0800] "GET /main/images/rainy-day.jpg HTTP/1.1" 200 66012
0:0:0:0:0:0:0:1 - - [28/May/2018:11:10:25 +0800] "GET /main/images/fan.jpg HTTP/1.1" 200 43238
0:0:0:0:0:0:0:1 - - [28/May/2018:11:10:25 +0800] "GET /main/images/rainy-day.jpg HTTP/1.1" 200 66012
0:0:0:0:0:0:0:1 - - [28/May/2018:11:10:25 +0800] "GET /main/images/fan.jpg HTTP/1.1" 200 43238
0:0:0:0:0:0:0:1 - - [28/May/2018:11:10:26 +0800] "GET /main/images/footer-background.png HTTP/1.1" 200 1330
0:0:0:0:0:0:0:1 - - [28/May/2018:11:10:26 +0800] "GET /main/images/header-bg.jpg HTTP/1.1" 200 10060
0:0:0:0:0:0:0:1 - - [28/May/2018:11:10:26 +0800] "GET /main/images/logo.jpg HTTP/1.1" 200 37392
0:0:0:0:0:0:0:1 - - [28/May/2018:11:15:50 +0800] "GET / HTTP/1.1" 200 5472
0:0:0:0:0:0:0:1 - - [28/May/2018:11:15:50 +0800] "GET /main/css/styles.css HTTP/1.1" 200 2875
0:0:0:0:0:0:0:1 - - [28/May/2018:11:15:50 +0800] "GET /main/images/rainy-day.jpg HTTP/1.1" 304 -
0:0:0:0:0:0:0:1 - - [28/May/2018:11:15:50 +0800] "GET /main/images/fan.jpg HTTP/1.1" 304 -
0:0:0:0:0:0:0:1 - - [28/May/2018:11:15:50 +0800] "GET /main/images/footer-background.png HTTP/1.1" 304 -
0:0:0:0:0:0:0:1 - - [28/May/2018:11:15:50 +0800] "GET /main/images/header-bg.jpg HTTP/1.1" 304 -
0:0:0:0:0:0:0:1 - - [28/May/2018:11:15:50 +0800] "GET /main/images/logo.jpg HTTP/1.1" 304 -
0:0:0:0:0:0:0:1 - - [28/May/2018:11:47:36 +0800] "GET / HTTP/1.1" 200 5472
0:0:0:0:0:0:0:1 - - [28/May/2018:11:47:36 +0800] "GET /main/images/rainy-day.jpg HTTP/1.1" 304 -
0:0:0:0:0:0:0:1 - - [28/May/2018:11:47:36 +0800] "GET /main/css/styles.css HTTP/1.1" 200 2875
0:0:0:0:0:0:0:1 - - [28/May/2018:11:47:36 +0800] "GET /main/images/fan.jpg HTTP/1.1" 304 -
0:0:0:0:0:0:0:1 - - [28/May/2018:11:47:36 +0800] "GET /main/images/footer-background.png HTTP/1.1" 304 -
0:0:0:0:0:0:0:1 - - [28/May/2018:11:47:36 +0800] "GET /main/images/header-bg.jpg HTTP/1.1" 304 -
0:0:0:0:0:0:0:1 - - [28/May/2018:11:47:36 +0800] "GET /main/images/logo.jpg HTTP/1.1" 304 -
0:0:0:0:0:0:0:1 - - [28/May/2018:11:47:36 +0800] "GET /favicon.ico HTTP/1.1" 200 4286
0:0:0:0:0:0:0:1 - - [28/May/2018:12:00:08 +0800] "GET / HTTP/1.1" 200 5472
0:0:0:0:0:0:0:1 - - [28/May/2018:12:00:08 +0800] "GET /main/images/rainy-day.jpg HTTP/1.1" 304 -
0:0:0:0:0:0:0:1 - - [28/May/2018:12:00:08 +0800] "GET /main/css/styles.css HTTP/1.1" 200 2875
0:0:0:0:0:0:0:1 - - [28/May/2018:12:00:08 +0800] "GET /main/images/fan.jpg HTTP/1.1" 304 -
0:0:0:0:0:0:0:1 - - [28/May/2018:12:00:08 +0800] "GET /main/images/footer-background.png HTTP/1.1" 304 -
0:0:0:0:0:0:0:1 - - [28/May/2018:12:00:08 +0800] "GET /main/images/header-bg.jpg HTTP/1.1" 304 -
0:0:0:0:0:0:0:1 - - [28/May/2018:12:00:08 +0800] "GET /main/images/logo.jpg HTTP/1.1" 304 -
0:0:0:0:0:0:0:1 - - [28/May/2018:12:00:08 +0800] "GET /favicon.ico HTTP/1.1" 200 4286
