0:0:0:0:0:0:0:1 - - [23/May/2018:09:58:14 +0800] "GET /hello HTTP/1.1" 200 206
0:0:0:0:0:0:0:1 - - [23/May/2018:09:58:14 +0800] "GET /static/main/images/example-blog01.jpg HTTP/1.1" 404 169
0:0:0:0:0:0:0:1 - - [23/May/2018:09:58:14 +0800] "GET /favicon.ico HTTP/1.1" 200 4286
0:0:0:0:0:0:0:1 - - [23/May/2018:09:59:11 +0800] "GET /hello HTTP/1.1" 200 196
0:0:0:0:0:0:0:1 - - [23/May/2018:09:59:11 +0800] "GET /main/images/example-blog01.jpg HTTP/1.1" 200 9957
0:0:0:0:0:0:0:1 - - [23/May/2018:09:59:11 +0800] "GET /favicon.ico HTTP/1.1" 200 4286
0:0:0:0:0:0:0:1 - - [23/May/2018:10:00:49 +0800] "GET / HTTP/1.1" 200 12954
0:0:0:0:0:0:0:1 - - [23/May/2018:10:00:49 +0800] "GET /main/css/styles.css HTTP/1.1" 200 2875
0:0:0:0:0:0:0:1 - - [23/May/2018:10:00:49 +0800] "GET /main/images/example-work01.jpg HTTP/1.1" 200 16241
0:0:0:0:0:0:0:1 - - [23/May/2018:10:00:49 +0800] "GET /static/main/images/example-work03.jpg HTTP/1.1" 404 169
0:0:0:0:0:0:0:1 - - [23/May/2018:10:00:49 +0800] "GET /static/main/images/example-work04.jpg HTTP/1.1" 404 169
0:0:0:0:0:0:0:1 - - [23/May/2018:10:00:49 +0800] "GET /static/main/images/example-work07.jpg HTTP/1.1" 404 169
0:0:0:0:0:0:0:1 - - [23/May/2018:10:00:49 +0800] "GET /static/main/images/example-work05.jpg HTTP/1.1" 404 169
0:0:0:0:0:0:0:1 - - [23/May/2018:10:00:49 +0800] "GET /static/main/images/example-work08.jpg HTTP/1.1" 404 169
0:0:0:0:0:0:0:1 - - [23/May/2018:10:00:49 +0800] "GET /static/main/images/example-work02.jpg HTTP/1.1" 404 169
0:0:0:0:0:0:0:1 - - [23/May/2018:10:00:49 +0800] "GET /main/images/header-bg.jpg HTTP/1.1" 200 10060
0:0:0:0:0:0:0:1 - - [23/May/2018:10:00:49 +0800] "GET /main/images/logo.png HTTP/1.1" 200 49347
0:0:0:0:0:0:0:1 - - [23/May/2018:10:00:49 +0800] "GET /static/main/images/example-work06.jpg HTTP/1.1" 404 169
0:0:0:0:0:0:0:1 - - [23/May/2018:10:00:49 +0800] "GET /main/images/footer-background.png HTTP/1.1" 200 1330
0:0:0:0:0:0:0:1 - - [23/May/2018:10:00:49 +0800] "GET /static/main/images/example-work09.jpg HTTP/1.1" 404 169
0:0:0:0:0:0:0:1 - - [23/May/2018:10:03:37 +0800] "GET / HTTP/1.1" 200 12954
0:0:0:0:0:0:0:1 - - [23/May/2018:10:03:37 +0800] "GET /static/main/images/example-work07.jpg HTTP/1.1" 404 169
0:0:0:0:0:0:0:1 - - [23/May/2018:10:03:37 +0800] "GET /static/main/images/example-work02.jpg HTTP/1.1" 404 169
0:0:0:0:0:0:0:1 - - [23/May/2018:10:03:37 +0800] "GET /static/main/images/example-work08.jpg HTTP/1.1" 404 169
0:0:0:0:0:0:0:1 - - [23/May/2018:10:03:37 +0800] "GET /static/main/images/example-work05.jpg HTTP/1.1" 404 169
0:0:0:0:0:0:0:1 - - [23/May/2018:10:03:37 +0800] "GET /static/main/images/example-work09.jpg HTTP/1.1" 404 169
0:0:0:0:0:0:0:1 - - [23/May/2018:10:03:37 +0800] "GET /static/main/images/example-work04.jpg HTTP/1.1" 404 169
0:0:0:0:0:0:0:1 - - [23/May/2018:10:03:37 +0800] "GET /static/main/images/example-work03.jpg HTTP/1.1" 404 169
0:0:0:0:0:0:0:1 - - [23/May/2018:10:03:37 +0800] "GET /static/main/images/example-work06.jpg HTTP/1.1" 404 169
0:0:0:0:0:0:0:1 - - [23/May/2018:10:03:37 +0800] "GET /favicon.ico HTTP/1.1" 200 4286
0:0:0:0:0:0:0:1 - - [23/May/2018:10:03:38 +0800] "GET / HTTP/1.1" 200 12954
0:0:0:0:0:0:0:1 - - [23/May/2018:10:03:38 +0800] "GET /static/main/images/example-work07.jpg HTTP/1.1" 404 169
0:0:0:0:0:0:0:1 - - [23/May/2018:10:03:38 +0800] "GET /static/main/images/example-work02.jpg HTTP/1.1" 404 169
0:0:0:0:0:0:0:1 - - [23/May/2018:10:03:38 +0800] "GET /static/main/images/example-work08.jpg HTTP/1.1" 404 169
0:0:0:0:0:0:0:1 - - [23/May/2018:10:03:38 +0800] "GET /static/main/images/example-work03.jpg HTTP/1.1" 404 169
0:0:0:0:0:0:0:1 - - [23/May/2018:10:03:38 +0800] "GET /static/main/images/example-work09.jpg HTTP/1.1" 404 169
0:0:0:0:0:0:0:1 - - [23/May/2018:10:03:38 +0800] "GET /static/main/images/example-work05.jpg HTTP/1.1" 404 169
0:0:0:0:0:0:0:1 - - [23/May/2018:10:03:38 +0800] "GET /static/main/images/example-work04.jpg HTTP/1.1" 404 169
0:0:0:0:0:0:0:1 - - [23/May/2018:10:03:38 +0800] "GET /static/main/images/example-work06.jpg HTTP/1.1" 404 169
0:0:0:0:0:0:0:1 - - [23/May/2018:10:03:38 +0800] "GET /favicon.ico HTTP/1.1" 200 4286
0:0:0:0:0:0:0:1 - - [23/May/2018:10:03:38 +0800] "GET / HTTP/1.1" 200 12954
0:0:0:0:0:0:0:1 - - [23/May/2018:10:03:38 +0800] "GET /static/main/images/example-work07.jpg HTTP/1.1" 404 169
0:0:0:0:0:0:0:1 - - [23/May/2018:10:03:38 +0800] "GET /static/main/images/example-work02.jpg HTTP/1.1" 404 169
0:0:0:0:0:0:0:1 - - [23/May/2018:10:03:38 +0800] "GET /static/main/images/example-work03.jpg HTTP/1.1" 404 169
0:0:0:0:0:0:0:1 - - [23/May/2018:10:03:38 +0800] "GET /static/main/images/example-work05.jpg HTTP/1.1" 404 169
0:0:0:0:0:0:0:1 - - [23/May/2018:10:03:38 +0800] "GET /static/main/images/example-work06.jpg HTTP/1.1" 404 169
0:0:0:0:0:0:0:1 - - [23/May/2018:10:03:38 +0800] "GET /static/main/images/example-work09.jpg HTTP/1.1" 404 169
0:0:0:0:0:0:0:1 - - [23/May/2018:10:03:38 +0800] "GET /static/main/images/example-work08.jpg HTTP/1.1" 404 169
0:0:0:0:0:0:0:1 - - [23/May/2018:10:03:38 +0800] "GET /static/main/images/example-work04.jpg HTTP/1.1" 404 169
0:0:0:0:0:0:0:1 - - [23/May/2018:10:03:38 +0800] "GET /favicon.ico HTTP/1.1" 200 4286
0:0:0:0:0:0:0:1 - - [23/May/2018:10:03:39 +0800] "GET / HTTP/1.1" 200 12954
0:0:0:0:0:0:0:1 - - [23/May/2018:10:03:39 +0800] "GET /static/main/images/example-work07.jpg HTTP/1.1" 404 169
0:0:0:0:0:0:0:1 - - [23/May/2018:10:03:39 +0800] "GET /static/main/images/example-work02.jpg HTTP/1.1" 404 169
0:0:0:0:0:0:0:1 - - [23/May/2018:10:03:39 +0800] "GET /static/main/images/example-work03.jpg HTTP/1.1" 404 169
0:0:0:0:0:0:0:1 - - [23/May/2018:10:03:39 +0800] "GET /static/main/images/example-work04.jpg HTTP/1.1" 404 169
0:0:0:0:0:0:0:1 - - [23/May/2018:10:03:39 +0800] "GET /static/main/images/example-work06.jpg HTTP/1.1" 404 169
0:0:0:0:0:0:0:1 - - [23/May/2018:10:03:39 +0800] "GET /static/main/images/example-work08.jpg HTTP/1.1" 404 169
0:0:0:0:0:0:0:1 - - [23/May/2018:10:03:39 +0800] "GET /static/main/images/example-work09.jpg HTTP/1.1" 404 169
0:0:0:0:0:0:0:1 - - [23/May/2018:10:03:39 +0800] "GET /static/main/images/example-work05.jpg HTTP/1.1" 404 169
0:0:0:0:0:0:0:1 - - [23/May/2018:10:03:39 +0800] "GET /favicon.ico HTTP/1.1" 200 4286
0:0:0:0:0:0:0:1 - - [23/May/2018:10:03:39 +0800] "GET / HTTP/1.1" 200 12954
0:0:0:0:0:0:0:1 - - [23/May/2018:10:03:39 +0800] "GET /static/main/images/example-work07.jpg HTTP/1.1" 404 169
0:0:0:0:0:0:0:1 - - [23/May/2018:10:03:39 +0800] "GET /static/main/images/example-work02.jpg HTTP/1.1" 404 169
0:0:0:0:0:0:0:1 - - [23/May/2018:10:03:39 +0800] "GET /static/main/images/example-work03.jpg HTTP/1.1" 404 169
0:0:0:0:0:0:0:1 - - [23/May/2018:10:03:39 +0800] "GET /static/main/images/example-work04.jpg HTTP/1.1" 404 169
0:0:0:0:0:0:0:1 - - [23/May/2018:10:03:39 +0800] "GET /static/main/images/example-work08.jpg HTTP/1.1" 404 169
0:0:0:0:0:0:0:1 - - [23/May/2018:10:03:39 +0800] "GET /static/main/images/example-work05.jpg HTTP/1.1" 404 169
0:0:0:0:0:0:0:1 - - [23/May/2018:10:03:39 +0800] "GET /static/main/images/example-work09.jpg HTTP/1.1" 404 169
0:0:0:0:0:0:0:1 - - [23/May/2018:10:03:39 +0800] "GET /static/main/images/example-work06.jpg HTTP/1.1" 404 169
0:0:0:0:0:0:0:1 - - [23/May/2018:10:03:39 +0800] "GET /favicon.ico HTTP/1.1" 200 4286
0:0:0:0:0:0:0:1 - - [23/May/2018:10:04:44 +0800] "GET / HTTP/1.1" 200 12915
0:0:0:0:0:0:0:1 - - [23/May/2018:10:04:44 +0800] "GET /main/images/example-work03.jpg HTTP/1.1" 200 11096
0:0:0:0:0:0:0:1 - - [23/May/2018:10:04:44 +0800] "GET /main/images/example-work05.jpg HTTP/1.1" 200 14376
0:0:0:0:0:0:0:1 - - [23/May/2018:10:04:44 +0800] "GET /main/images/example-work07.jpg HTTP/1.1" 200 23394
0:0:0:0:0:0:0:1 - - [23/May/2018:10:04:44 +0800] "GET /static/main/images/example-work08.jpg HTTP/1.1" 404 169
0:0:0:0:0:0:0:1 - - [23/May/2018:10:04:44 +0800] "GET /static/main/images/example-work06.jpg HTTP/1.1" 404 169
0:0:0:0:0:0:0:1 - - [23/May/2018:10:04:44 +0800] "GET /static/main/images/example-work04.jpg HTTP/1.1" 404 169
0:0:0:0:0:0:0:1 - - [23/May/2018:10:04:44 +0800] "GET /static/main/images/example-work02.jpg HTTP/1.1" 404 169
0:0:0:0:0:0:0:1 - - [23/May/2018:10:04:44 +0800] "GET /static/main/images/example-work09.jpg HTTP/1.1" 404 169
0:0:0:0:0:0:0:1 - - [23/May/2018:10:04:44 +0800] "GET /favicon.ico HTTP/1.1" 200 4286
0:0:0:0:0:0:0:1 - - [23/May/2018:10:05:10 +0800] "GET / HTTP/1.1" 200 12915
0:0:0:0:0:0:0:1 - - [23/May/2018:10:05:10 +0800] "GET /main/images/example-work07.jpg HTTP/1.1" 304 -
0:0:0:0:0:0:0:1 - - [23/May/2018:10:05:10 +0800] "GET /main/images/example-work03.jpg HTTP/1.1" 304 -
0:0:0:0:0:0:0:1 - - [23/May/2018:10:05:10 +0800] "GET /static/main/images/example-work02.jpg HTTP/1.1" 404 169
0:0:0:0:0:0:0:1 - - [23/May/2018:10:05:10 +0800] "GET /static/main/images/example-work04.jpg HTTP/1.1" 404 169
0:0:0:0:0:0:0:1 - - [23/May/2018:10:05:10 +0800] "GET /static/main/images/example-work08.jpg HTTP/1.1" 404 169
0:0:0:0:0:0:0:1 - - [23/May/2018:10:05:10 +0800] "GET /main/images/example-work05.jpg HTTP/1.1" 304 -
0:0:0:0:0:0:0:1 - - [23/May/2018:10:05:10 +0800] "GET /static/main/images/example-work06.jpg HTTP/1.1" 404 169
0:0:0:0:0:0:0:1 - - [23/May/2018:10:05:10 +0800] "GET /static/main/images/example-work09.jpg HTTP/1.1" 404 169
0:0:0:0:0:0:0:1 - - [23/May/2018:10:05:11 +0800] "GET /favicon.ico HTTP/1.1" 200 4286
0:0:0:0:0:0:0:1 - - [23/May/2018:10:05:17 +0800] "GET / HTTP/1.1" 200 12903
0:0:0:0:0:0:0:1 - - [23/May/2018:10:05:17 +0800] "GET /static/main/images/example-work02.jpg HTTP/1.1" 404 169
0:0:0:0:0:0:0:1 - - [23/May/2018:10:05:17 +0800] "GET /static/main/images/example-work04.jpg HTTP/1.1" 404 169
0:0:0:0:0:0:0:1 - - [23/May/2018:10:05:17 +0800] "GET /static/main/images/example-work06.jpg HTTP/1.1" 404 169
0:0:0:0:0:0:0:1 - - [23/May/2018:10:05:17 +0800] "GET /static/main/images/example-work09.jpg HTTP/1.1" 404 169
0:0:0:0:0:0:0:1 - - [23/May/2018:10:05:17 +0800] "GET /static/main/images/example-work08.jpg HTTP/1.1" 404 169
0:0:0:0:0:0:0:1 - - [23/May/2018:10:05:17 +0800] "GET /favicon.ico HTTP/1.1" 200 4286
0:0:0:0:0:0:0:1 - - [23/May/2018:10:05:35 +0800] "GET / HTTP/1.1" 200 12903
0:0:0:0:0:0:0:1 - - [23/May/2018:10:05:35 +0800] "GET /static/main/images/example-work02.jpg HTTP/1.1" 404 169
0:0:0:0:0:0:0:1 - - [23/May/2018:10:05:35 +0800] "GET /static/main/images/example-work04.jpg HTTP/1.1" 404 169
0:0:0:0:0:0:0:1 - - [23/May/2018:10:05:35 +0800] "GET /main/images/example-work05.jpg HTTP/1.1" 304 -
0:0:0:0:0:0:0:1 - - [23/May/2018:10:05:35 +0800] "GET /static/main/images/example-work08.jpg HTTP/1.1" 404 169
0:0:0:0:0:0:0:1 - - [23/May/2018:10:05:35 +0800] "GET /main/images/example-work03.jpg HTTP/1.1" 304 -
0:0:0:0:0:0:0:1 - - [23/May/2018:10:05:35 +0800] "GET /main/images/example-work07.jpg HTTP/1.1" 304 -
0:0:0:0:0:0:0:1 - - [23/May/2018:10:05:35 +0800] "GET /static/main/images/example-work06.jpg HTTP/1.1" 404 169
0:0:0:0:0:0:0:1 - - [23/May/2018:10:05:35 +0800] "GET /static/main/images/example-work09.jpg HTTP/1.1" 404 169
0:0:0:0:0:0:0:1 - - [23/May/2018:10:05:35 +0800] "GET /favicon.ico HTTP/1.1" 200 4286
0:0:0:0:0:0:0:1 - - [23/May/2018:10:07:27 +0800] "GET / HTTP/1.1" 200 12838
0:0:0:0:0:0:0:1 - - [23/May/2018:10:07:27 +0800] "GET /main/images/example-work07.jpg HTTP/1.1" 304 -
0:0:0:0:0:0:0:1 - - [23/May/2018:10:07:27 +0800] "GET /main/images/example-work02.jpg HTTP/1.1" 200 15388
0:0:0:0:0:0:0:1 - - [23/May/2018:10:07:27 +0800] "GET /main/images/example-work04.jpg HTTP/1.1" 200 9033
0:0:0:0:0:0:0:1 - - [23/May/2018:10:07:27 +0800] "GET /main/images/example-work05.jpg HTTP/1.1" 304 -
0:0:0:0:0:0:0:1 - - [23/May/2018:10:07:27 +0800] "GET /main/images/example-work08.jpg HTTP/1.1" 200 13010
0:0:0:0:0:0:0:1 - - [23/May/2018:10:07:27 +0800] "GET /main/images/example-work06.jpg HTTP/1.1" 200 9776
0:0:0:0:0:0:0:1 - - [23/May/2018:10:07:27 +0800] "GET /main/images/example-work09.jpg HTTP/1.1" 200 28067
0:0:0:0:0:0:0:1 - - [23/May/2018:10:07:27 +0800] "GET /main/images/example-work03.jpg HTTP/1.1" 304 -
0:0:0:0:0:0:0:1 - - [23/May/2018:10:07:27 +0800] "GET /favicon.ico HTTP/1.1" 200 4286
0:0:0:0:0:0:0:1 - - [23/May/2018:10:11:32 +0800] "GET / HTTP/1.1" 200 12811
0:0:0:0:0:0:0:1 - - [23/May/2018:10:11:32 +0800] "GET /main/images/example-work07.jpg HTTP/1.1" 304 -
0:0:0:0:0:0:0:1 - - [23/May/2018:10:11:32 +0800] "GET /main/images/example-work02.jpg HTTP/1.1" 304 -
0:0:0:0:0:0:0:1 - - [23/May/2018:10:11:32 +0800] "GET /main/images/example-work03.jpg HTTP/1.1" 304 -
0:0:0:0:0:0:0:1 - - [23/May/2018:10:11:32 +0800] "GET /main/images/example-work04.jpg HTTP/1.1" 304 -
0:0:0:0:0:0:0:1 - - [23/May/2018:10:11:32 +0800] "GET /main/images/example-work08.jpg HTTP/1.1" 304 -
0:0:0:0:0:0:0:1 - - [23/May/2018:10:11:32 +0800] "GET /main/images/example-work05.jpg HTTP/1.1" 304 -
0:0:0:0:0:0:0:1 - - [23/May/2018:10:11:32 +0800] "GET /main/images/example-work06.jpg HTTP/1.1" 304 -
0:0:0:0:0:0:0:1 - - [23/May/2018:10:11:32 +0800] "GET /main/images/example-work09.jpg HTTP/1.1" 304 -
0:0:0:0:0:0:0:1 - - [23/May/2018:10:11:32 +0800] "GET /favicon.ico HTTP/1.1" 200 4286
0:0:0:0:0:0:0:1 - - [23/May/2018:10:11:59 +0800] "GET / HTTP/1.1" 200 12799
0:0:0:0:0:0:0:1 - - [23/May/2018:10:11:59 +0800] "GET /favicon.ico HTTP/1.1" 200 4286
0:0:0:0:0:0:0:1 - - [23/May/2018:10:15:06 +0800] "GET / HTTP/1.1" 200 12799
0:0:0:0:0:0:0:1 - - [23/May/2018:10:15:06 +0800] "GET /main/images/example-work07.jpg HTTP/1.1" 304 -
0:0:0:0:0:0:0:1 - - [23/May/2018:10:15:06 +0800] "GET /main/images/example-work02.jpg HTTP/1.1" 304 -
0:0:0:0:0:0:0:1 - - [23/May/2018:10:15:06 +0800] "GET /main/images/example-work03.jpg HTTP/1.1" 304 -
0:0:0:0:0:0:0:1 - - [23/May/2018:10:15:06 +0800] "GET /main/images/example-work08.jpg HTTP/1.1" 304 -
0:0:0:0:0:0:0:1 - - [23/May/2018:10:15:06 +0800] "GET /main/images/example-work06.jpg HTTP/1.1" 304 -
0:0:0:0:0:0:0:1 - - [23/May/2018:10:15:06 +0800] "GET /main/images/example-work04.jpg HTTP/1.1" 304 -
0:0:0:0:0:0:0:1 - - [23/May/2018:10:15:06 +0800] "GET /main/images/example-work09.jpg HTTP/1.1" 304 -
0:0:0:0:0:0:0:1 - - [23/May/2018:10:15:06 +0800] "GET /main/images/example-work05.jpg HTTP/1.1" 304 -
0:0:0:0:0:0:0:1 - - [23/May/2018:10:15:06 +0800] "GET /favicon.ico HTTP/1.1" 200 4286
0:0:0:0:0:0:0:1 - - [23/May/2018:10:15:08 +0800] "GET / HTTP/1.1" 200 12799
0:0:0:0:0:0:0:1 - - [23/May/2018:10:15:08 +0800] "GET /favicon.ico HTTP/1.1" 200 4286
0:0:0:0:0:0:0:1 - - [23/May/2018:10:15:49 +0800] "GET / HTTP/1.1" 200 12799
0:0:0:0:0:0:0:1 - - [23/May/2018:10:15:49 +0800] "GET /favicon.ico HTTP/1.1" 200 4286
0:0:0:0:0:0:0:1 - - [23/May/2018:10:15:50 +0800] "GET /blog.html HTTP/1.1" 404 306
0:0:0:0:0:0:0:1 - - [23/May/2018:10:15:55 +0800] "GET / HTTP/1.1" 200 12799
0:0:0:0:0:0:0:1 - - [23/May/2018:10:15:55 +0800] "GET /favicon.ico HTTP/1.1" 200 4286
0:0:0:0:0:0:0:1 - - [23/May/2018:10:16:08 +0800] "GET / HTTP/1.1" 200 12797
0:0:0:0:0:0:0:1 - - [23/May/2018:10:16:08 +0800] "GET /favicon.ico HTTP/1.1" 200 4286
127.0.0.1 - - [23/May/2018:10:17:44 +0800] "GET / HTTP/1.1" 200 12797
127.0.0.1 - - [23/May/2018:10:17:44 +0800] "GET /favicon.ico HTTP/1.1" 200 4286
127.0.0.1 - - [23/May/2018:10:17:48 +0800] "GET / HTTP/1.1" 200 12797
127.0.0.1 - - [23/May/2018:10:17:48 +0800] "GET /main/css/styles.css HTTP/1.1" 200 2875
127.0.0.1 - - [23/May/2018:10:17:48 +0800] "GET /main/images/example-work01.jpg HTTP/1.1" 200 16241
127.0.0.1 - - [23/May/2018:10:17:48 +0800] "GET /main/images/logo.jpg HTTP/1.1" 200 37392
127.0.0.1 - - [23/May/2018:10:17:48 +0800] "GET /main/images/example-work07.jpg HTTP/1.1" 200 23394
0:0:0:0:0:0:0:1 - - [23/May/2018:10:17:49 +0800] "GET /main/images/header-bg.jpg HTTP/1.1" 200 10060
0:0:0:0:0:0:0:1 - - [23/May/2018:10:17:49 +0800] "GET /main/images/example-work02.jpg HTTP/1.1" 200 15388
0:0:0:0:0:0:0:1 - - [23/May/2018:10:17:49 +0800] "GET /main/images/example-work03.jpg HTTP/1.1" 200 11096
0:0:0:0:0:0:0:1 - - [23/May/2018:10:17:49 +0800] "GET /main/images/example-work04.jpg HTTP/1.1" 200 9033
0:0:0:0:0:0:0:1 - - [23/May/2018:10:17:49 +0800] "GET /main/images/example-work08.jpg HTTP/1.1" 200 13010
0:0:0:0:0:0:0:1 - - [23/May/2018:10:17:49 +0800] "GET /main/images/example-work05.jpg HTTP/1.1" 200 14376
0:0:0:0:0:0:0:1 - - [23/May/2018:10:17:49 +0800] "GET /main/images/example-work06.jpg HTTP/1.1" 200 9776
0:0:0:0:0:0:0:1 - - [23/May/2018:10:17:49 +0800] "GET /main/images/example-work09.jpg HTTP/1.1" 200 28067
0:0:0:0:0:0:0:1 - - [23/May/2018:10:17:49 +0800] "GET /main/images/footer-background.png HTTP/1.1" 200 1330
0:0:0:0:0:0:0:1 - - [23/May/2018:10:20:56 +0800] "GET / HTTP/1.1" 200 12797
0:0:0:0:0:0:0:1 - - [23/May/2018:10:20:57 +0800] "GET /main/images/example-work01.jpg HTTP/1.1" 304 -
0:0:0:0:0:0:0:1 - - [23/May/2018:10:20:57 +0800] "GET /main/css/styles.css HTTP/1.1" 304 -
0:0:0:0:0:0:0:1 - - [23/May/2018:10:20:57 +0800] "GET /main/images/example-work03.jpg HTTP/1.1" 304 -
0:0:0:0:0:0:0:1 - - [23/May/2018:10:20:57 +0800] "GET /main/images/example-work07.jpg HTTP/1.1" 304 -
0:0:0:0:0:0:0:1 - - [23/May/2018:10:20:57 +0800] "GET /main/images/example-work04.jpg HTTP/1.1" 304 -
0:0:0:0:0:0:0:1 - - [23/May/2018:10:20:57 +0800] "GET /main/images/example-work02.jpg HTTP/1.1" 304 -
0:0:0:0:0:0:0:1 - - [23/May/2018:10:20:57 +0800] "GET /main/images/example-work06.jpg HTTP/1.1" 304 -
0:0:0:0:0:0:0:1 - - [23/May/2018:10:20:57 +0800] "GET /main/images/example-work05.jpg HTTP/1.1" 304 -
0:0:0:0:0:0:0:1 - - [23/May/2018:10:20:57 +0800] "GET /main/images/example-work09.jpg HTTP/1.1" 304 -
0:0:0:0:0:0:0:1 - - [23/May/2018:10:20:57 +0800] "GET /main/images/example-work08.jpg HTTP/1.1" 304 -
0:0:0:0:0:0:0:1 - - [23/May/2018:10:20:57 +0800] "GET /main/images/footer-background.png HTTP/1.1" 304 -
0:0:0:0:0:0:0:1 - - [23/May/2018:10:20:57 +0800] "GET /main/images/header-bg.jpg HTTP/1.1" 304 -
0:0:0:0:0:0:0:1 - - [23/May/2018:10:20:57 +0800] "GET /main/images/logo.jpg HTTP/1.1" 304 -
0:0:0:0:0:0:0:1 - - [23/May/2018:10:20:57 +0800] "GET /favicon.ico HTTP/1.1" 200 4286
0:0:0:0:0:0:0:1 - - [23/May/2018:10:21:46 +0800] "GET / HTTP/1.1" 200 12795
0:0:0:0:0:0:0:1 - - [23/May/2018:10:21:46 +0800] "GET /main/css/styles.css HTTP/1.1" 304 -
0:0:0:0:0:0:0:1 - - [23/May/2018:10:21:46 +0800] "GET /main/images/logo.jpg HTTP/1.1" 304 -
0:0:0:0:0:0:0:1 - - [23/May/2018:10:21:46 +0800] "GET /favicon.ico HTTP/1.1" 200 4286
0:0:0:0:0:0:0:1 - - [23/May/2018:10:27:26 +0800] "GET / HTTP/1.1" 200 11462
0:0:0:0:0:0:0:1 - - [23/May/2018:10:27:26 +0800] "GET /main/css/styles.css HTTP/1.1" 304 -
0:0:0:0:0:0:0:1 - - [23/May/2018:10:27:26 +0800] "GET /main/images/example-work01.jpg HTTP/1.1" 304 -
0:0:0:0:0:0:0:1 - - [23/May/2018:10:27:26 +0800] "GET /main/images/example-work02.jpg HTTP/1.1" 304 -
0:0:0:0:0:0:0:1 - - [23/May/2018:10:27:26 +0800] "GET /main/images/example-work07.jpg HTTP/1.1" 304 -
0:0:0:0:0:0:0:1 - - [23/May/2018:10:27:26 +0800] "GET /main/images/example-work03.jpg HTTP/1.1" 304 -
0:0:0:0:0:0:0:1 - - [23/May/2018:10:27:26 +0800] "GET /main/images/example-work08.jpg HTTP/1.1" 304 -
0:0:0:0:0:0:0:1 - - [23/May/2018:10:27:26 +0800] "GET /main/images/example-work06.jpg HTTP/1.1" 304 -
0:0:0:0:0:0:0:1 - - [23/May/2018:10:27:26 +0800] "GET /main/images/example-work09.jpg HTTP/1.1" 304 -
0:0:0:0:0:0:0:1 - - [23/May/2018:10:27:26 +0800] "GET /main/images/example-work04.jpg HTTP/1.1" 304 -
0:0:0:0:0:0:0:1 - - [23/May/2018:10:27:26 +0800] "GET /main/images/example-work05.jpg HTTP/1.1" 304 -
0:0:0:0:0:0:0:1 - - [23/May/2018:10:27:26 +0800] "GET /main/images/footer-background.png HTTP/1.1" 304 -
0:0:0:0:0:0:0:1 - - [23/May/2018:10:27:26 +0800] "GET /main/images/logo.jpg HTTP/1.1" 304 -
0:0:0:0:0:0:0:1 - - [23/May/2018:10:27:26 +0800] "GET /main/images/header-bg.jpg HTTP/1.1" 304 -
0:0:0:0:0:0:0:1 - - [23/May/2018:10:27:27 +0800] "GET /favicon.ico HTTP/1.1" 200 4286
0:0:0:0:0:0:0:1 - - [23/May/2018:10:31:30 +0800] "GET / HTTP/1.1" 200 12480
0:0:0:0:0:0:0:1 - - [23/May/2018:10:31:30 +0800] "GET /main/images/example-work01.jpg HTTP/1.1" 304 -
0:0:0:0:0:0:0:1 - - [23/May/2018:10:31:30 +0800] "GET /main/css/styles.css HTTP/1.1" 304 -
0:0:0:0:0:0:0:1 - - [23/May/2018:10:31:30 +0800] "GET /main/images/example-work07.jpg HTTP/1.1" 304 -
0:0:0:0:0:0:0:1 - - [23/May/2018:10:31:30 +0800] "GET /main/images/example-work02.jpg HTTP/1.1" 304 -
0:0:0:0:0:0:0:1 - - [23/May/2018:10:31:30 +0800] "GET /main/images/example-work03.jpg HTTP/1.1" 304 -
0:0:0:0:0:0:0:1 - - [23/May/2018:10:31:30 +0800] "GET /main/images/example-work04.jpg HTTP/1.1" 304 -
0:0:0:0:0:0:0:1 - - [23/May/2018:10:31:30 +0800] "GET /main/images/example-work08.jpg HTTP/1.1" 304 -
0:0:0:0:0:0:0:1 - - [23/May/2018:10:31:30 +0800] "GET /main/images/example-work05.jpg HTTP/1.1" 304 -
0:0:0:0:0:0:0:1 - - [23/May/2018:10:31:30 +0800] "GET /main/images/example-work06.jpg HTTP/1.1" 304 -
0:0:0:0:0:0:0:1 - - [23/May/2018:10:31:30 +0800] "GET /main/images/example-work09.jpg HTTP/1.1" 304 -
0:0:0:0:0:0:0:1 - - [23/May/2018:10:31:30 +0800] "GET /main/images/footer-background.png HTTP/1.1" 304 -
0:0:0:0:0:0:0:1 - - [23/May/2018:10:31:30 +0800] "GET /main/images/header-bg.jpg HTTP/1.1" 304 -
0:0:0:0:0:0:0:1 - - [23/May/2018:10:31:30 +0800] "GET /main/images/logo.jpg HTTP/1.1" 304 -
0:0:0:0:0:0:0:1 - - [23/May/2018:10:31:30 +0800] "GET /favicon.ico HTTP/1.1" 200 4286
0:0:0:0:0:0:0:1 - - [23/May/2018:10:32:05 +0800] "GET / HTTP/1.1" 200 12480
0:0:0:0:0:0:0:1 - - [23/May/2018:10:32:05 +0800] "GET /favicon.ico HTTP/1.1" 200 4286
0:0:0:0:0:0:0:1 - - [23/May/2018:10:32:12 +0800] "GET / HTTP/1.1" 200 12479
0:0:0:0:0:0:0:1 - - [23/May/2018:10:32:12 +0800] "GET /favicon.ico HTTP/1.1" 200 4286
0:0:0:0:0:0:0:1 - - [23/May/2018:10:33:46 +0800] "GET / HTTP/1.1" 200 12367
0:0:0:0:0:0:0:1 - - [23/May/2018:10:33:46 +0800] "GET /main/css/styles.css HTTP/1.1" 304 -
0:0:0:0:0:0:0:1 - - [23/May/2018:10:33:46 +0800] "GET /main/images/logo.jpg HTTP/1.1" 304 -
0:0:0:0:0:0:0:1 - - [23/May/2018:10:33:46 +0800] "GET /favicon.ico HTTP/1.1" 200 4286
0:0:0:0:0:0:0:1 - - [23/May/2018:10:48:39 +0800] "GET / HTTP/1.1" 200 12479
0:0:0:0:0:0:0:1 - - [23/May/2018:10:48:39 +0800] "GET /main/css/styles.css HTTP/1.1" 200 2875
0:0:0:0:0:0:0:1 - - [23/May/2018:10:48:39 +0800] "GET /main/images/example-work01.jpg HTTP/1.1" 200 16241
0:0:0:0:0:0:0:1 - - [23/May/2018:10:48:39 +0800] "GET /main/images/example-work03.jpg HTTP/1.1" 200 11096
0:0:0:0:0:0:0:1 - - [23/May/2018:10:48:39 +0800] "GET /main/images/example-work02.jpg HTTP/1.1" 200 15388
0:0:0:0:0:0:0:1 - - [23/May/2018:10:48:39 +0800] "GET /main/images/example-work07.jpg HTTP/1.1" 200 23394
0:0:0:0:0:0:0:1 - - [23/May/2018:10:48:39 +0800] "GET /main/images/example-work04.jpg HTTP/1.1" 200 9033
0:0:0:0:0:0:0:1 - - [23/May/2018:10:48:39 +0800] "GET /main/images/example-work08.jpg HTTP/1.1" 200 13010
0:0:0:0:0:0:0:1 - - [23/May/2018:10:48:39 +0800] "GET /main/images/example-work05.jpg HTTP/1.1" 200 14376
0:0:0:0:0:0:0:1 - - [23/May/2018:10:48:39 +0800] "GET /main/images/example-work06.jpg HTTP/1.1" 200 9776
0:0:0:0:0:0:0:1 - - [23/May/2018:10:48:39 +0800] "GET /main/images/example-work09.jpg HTTP/1.1" 200 28067
0:0:0:0:0:0:0:1 - - [23/May/2018:10:48:39 +0800] "GET /main/images/footer-background.png HTTP/1.1" 200 1330
0:0:0:0:0:0:0:1 - - [23/May/2018:10:48:39 +0800] "GET /main/images/header-bg.jpg HTTP/1.1" 200 10060
0:0:0:0:0:0:0:1 - - [23/May/2018:10:48:39 +0800] "GET /main/images/logo.jpg HTTP/1.1" 200 37392
0:0:0:0:0:0:0:1 - - [23/May/2018:10:48:39 +0800] "GET /favicon.ico HTTP/1.1" 200 4286
0:0:0:0:0:0:0:1 - - [23/May/2018:11:37:45 +0800] "GET /main/css/styles.css HTTP/1.1" 304 -
0:0:0:0:0:0:0:1 - - [23/May/2018:12:59:49 +0800] "GET /main HTTP/1.1" 404 306
0:0:0:0:0:0:0:1 - - [23/May/2018:12:59:55 +0800] "GET /rainy/rainyday.js HTTP/1.1" 200 23541
0:0:0:0:0:0:0:1 - - [23/May/2018:12:59:55 +0800] "GET /rainyDay HTTP/1.1" 200 657153
0:0:0:0:0:0:0:1 - - [23/May/2018:12:59:56 +0800] "GET /rainy/classic.mp3 HTTP/1.1" 500 81920
0:0:0:0:0:0:0:1 - - [23/May/2018:12:59:56 +0800] "GET /rainy/classic.mp3 HTTP/1.1" 500 1712128
0:0:0:0:0:0:0:1 - - [23/May/2018:13:03:49 +0800] "GET /rainyDay HTTP/1.1" 200 659879
0:0:0:0:0:0:0:1 - - [23/May/2018:13:03:49 +0800] "GET /main/css/styles.css HTTP/1.1" 200 2875
0:0:0:0:0:0:0:1 - - [23/May/2018:13:03:50 +0800] "GET /rainy/rainyday.js HTTP/1.1" 304 -
0:0:0:0:0:0:0:1 - - [23/May/2018:13:03:50 +0800] "GET /main/images/header-bg.jpg HTTP/1.1" 200 10060
0:0:0:0:0:0:0:1 - - [23/May/2018:13:03:50 +0800] "GET /main/images/logo.jpg HTTP/1.1" 200 37392
0:0:0:0:0:0:0:1 - - [23/May/2018:13:03:50 +0800] "GET /main/images/footer-background.png HTTP/1.1" 200 1330
0:0:0:0:0:0:0:1 - - [23/May/2018:13:03:50 +0800] "GET /rainy/classic.mp3 HTTP/1.1" 500 1777664
0:0:0:0:0:0:0:1 - - [23/May/2018:13:03:51 +0800] "GET /favicon.ico HTTP/1.1" 200 4286
0:0:0:0:0:0:0:1 - - [23/May/2018:13:04:50 +0800] "GET /main/css/styles.css HTTP/1.1" 304 -
0:0:0:0:0:0:0:1 - - [23/May/2018:13:05:12 +0800] "GET /rainyDay HTTP/1.1" 200 659865
0:0:0:0:0:0:0:1 - - [23/May/2018:13:05:12 +0800] "GET /rainy/classic.mp3 HTTP/1.1" 500 3899392
0:0:0:0:0:0:0:1 - - [23/May/2018:13:05:12 +0800] "GET /rainy/rainyday.js HTTP/1.1" 304 -
0:0:0:0:0:0:0:1 - - [23/May/2018:13:05:12 +0800] "GET /main/images/header-bg.jpg HTTP/1.1" 304 -
0:0:0:0:0:0:0:1 - - [23/May/2018:13:05:12 +0800] "GET /main/images/logo.jpg HTTP/1.1" 304 -
0:0:0:0:0:0:0:1 - - [23/May/2018:13:05:12 +0800] "GET /main/images/footer-background.png HTTP/1.1" 304 -
0:0:0:0:0:0:0:1 - - [23/May/2018:13:06:29 +0800] "GET / HTTP/1.1" 200 12479
0:0:0:0:0:0:0:1 - - [23/May/2018:13:06:30 +0800] "GET /main/css/styles.css HTTP/1.1" 304 -
0:0:0:0:0:0:0:1 - - [23/May/2018:13:06:30 +0800] "GET /main/images/example-work01.jpg HTTP/1.1" 200 16241
0:0:0:0:0:0:0:1 - - [23/May/2018:13:06:30 +0800] "GET /main/images/example-work07.jpg HTTP/1.1" 200 23394
0:0:0:0:0:0:0:1 - - [23/May/2018:13:06:30 +0800] "GET /main/images/example-work02.jpg HTTP/1.1" 200 15388
0:0:0:0:0:0:0:1 - - [23/May/2018:13:06:30 +0800] "GET /main/images/example-work08.jpg HTTP/1.1" 200 13010
0:0:0:0:0:0:0:1 - - [23/May/2018:13:06:30 +0800] "GET /main/images/example-work04.jpg HTTP/1.1" 200 9033
0:0:0:0:0:0:0:1 - - [23/May/2018:13:06:30 +0800] "GET /main/images/example-work06.jpg HTTP/1.1" 200 9776
0:0:0:0:0:0:0:1 - - [23/May/2018:13:06:30 +0800] "GET /main/images/example-work03.jpg HTTP/1.1" 200 11096
0:0:0:0:0:0:0:1 - - [23/May/2018:13:06:30 +0800] "GET /main/images/example-work09.jpg HTTP/1.1" 200 28067
0:0:0:0:0:0:0:1 - - [23/May/2018:13:06:30 +0800] "GET /main/images/example-work05.jpg HTTP/1.1" 200 14376
0:0:0:0:0:0:0:1 - - [23/May/2018:13:06:30 +0800] "GET /main/images/footer-background.png HTTP/1.1" 304 -
0:0:0:0:0:0:0:1 - - [23/May/2018:13:06:30 +0800] "GET /main/images/header-bg.jpg HTTP/1.1" 304 -
0:0:0:0:0:0:0:1 - - [23/May/2018:13:06:30 +0800] "GET /main/images/logo.jpg HTTP/1.1" 304 -
0:0:0:0:0:0:0:1 - - [23/May/2018:13:06:32 +0800] "GET /portfolio-example01.html HTTP/1.1" 404 306
0:0:0:0:0:0:0:1 - - [23/May/2018:13:06:40 +0800] "GET / HTTP/1.1" 200 12468
0:0:0:0:0:0:0:1 - - [23/May/2018:13:06:41 +0800] "GET /rainyDay.html HTTP/1.1" 404 306
0:0:0:0:0:0:0:1 - - [23/May/2018:13:07:07 +0800] "GET / HTTP/1.1" 200 12463
0:0:0:0:0:0:0:1 - - [23/May/2018:13:07:07 +0800] "GET /favicon.ico HTTP/1.1" 200 4286
0:0:0:0:0:0:0:1 - - [23/May/2018:13:07:08 +0800] "GET /rainy/rainyday.js HTTP/1.1" 304 -
0:0:0:0:0:0:0:1 - - [23/May/2018:13:07:08 +0800] "GET /rainyDay HTTP/1.1" 200 659865
0:0:0:0:0:0:0:1 - - [23/May/2018:13:07:08 +0800] "GET /rainy/classic.mp3 HTTP/1.1" 304 -
0:0:0:0:0:0:0:1 - - [23/May/2018:13:07:52 +0800] "GET /rainyDay HTTP/1.1" 200 659865
0:0:0:0:0:0:0:1 - - [23/May/2018:13:07:52 +0800] "GET /main/css/styles.css HTTP/1.1" 304 -
0:0:0:0:0:0:0:1 - - [23/May/2018:13:07:53 +0800] "GET /favicon.ico HTTP/1.1" 200 4286
0:0:0:0:0:0:0:1 - - [23/May/2018:13:08:02 +0800] "GET /rainy/classic.mp3 HTTP/1.1" 304 -
0:0:0:0:0:0:0:1 - - [23/May/2018:13:08:04 +0800] "GET /rainyDay HTTP/1.1" 200 659865
0:0:0:0:0:0:0:1 - - [23/May/2018:13:08:04 +0800] "GET /rainy/classic.mp3 HTTP/1.1" 500 704512
0:0:0:0:0:0:0:1 - - [23/May/2018:13:08:04 +0800] "GET /rainy/rainyday.js HTTP/1.1" 304 -
0:0:0:0:0:0:0:1 - - [23/May/2018:13:08:05 +0800] "GET /favicon.ico HTTP/1.1" 200 4286
0:0:0:0:0:0:0:1 - - [23/May/2018:13:08:10 +0800] "GET /rainyDay HTTP/1.1" 200 659865
0:0:0:0:0:0:0:1 - - [23/May/2018:13:08:10 +0800] "GET /favicon.ico HTTP/1.1" 200 4286
0:0:0:0:0:0:0:1 - - [23/May/2018:13:08:29 +0800] "GET /rainyDay HTTP/1.1" 200 659863
0:0:0:0:0:0:0:1 - - [23/May/2018:13:08:30 +0800] "GET /favicon.ico HTTP/1.1" 200 4286
0:0:0:0:0:0:0:1 - - [23/May/2018:13:10:19 +0800] "GET /rainy/classic.mp3 HTTP/1.1" 500 704512
0:0:0:0:0:0:0:1 - - [23/May/2018:13:12:08 +0800] "GET /rainy/classic.mp3 HTTP/1.1" 500 1433600
0:0:0:0:0:0:0:1 - - [23/May/2018:13:13:41 +0800] "GET / HTTP/1.1" 200 12423
0:0:0:0:0:0:0:1 - - [23/May/2018:13:13:41 +0800] "GET /main/css/styles.css HTTP/1.1" 200 2875
0:0:0:0:0:0:0:1 - - [23/May/2018:13:13:41 +0800] "GET /main/images/example-work01.jpg HTTP/1.1" 200 16241
0:0:0:0:0:0:0:1 - - [23/May/2018:13:13:41 +0800] "GET /main/images/example-work03.jpg HTTP/1.1" 200 11096
0:0:0:0:0:0:0:1 - - [23/May/2018:13:13:41 +0800] "GET /main/images/example-work05.jpg HTTP/1.1" 200 14376
0:0:0:0:0:0:0:1 - - [23/May/2018:13:13:41 +0800] "GET /main/images/example-work02.jpg HTTP/1.1" 200 15388
0:0:0:0:0:0:0:1 - - [23/May/2018:13:13:41 +0800] "GET /main/images/example-work06.jpg HTTP/1.1" 200 9776
0:0:0:0:0:0:0:1 - - [23/May/2018:13:13:41 +0800] "GET /main/images/example-work04.jpg HTTP/1.1" 200 9033
0:0:0:0:0:0:0:1 - - [23/May/2018:13:13:41 +0800] "GET /main/images/example-work08.jpg HTTP/1.1" 200 13010
0:0:0:0:0:0:0:1 - - [23/May/2018:13:13:41 +0800] "GET /main/images/footer-background.png HTTP/1.1" 200 1330
0:0:0:0:0:0:0:1 - - [23/May/2018:13:13:41 +0800] "GET /main/images/example-work09.jpg HTTP/1.1" 200 28067
0:0:0:0:0:0:0:1 - - [23/May/2018:13:13:41 +0800] "GET /main/images/example-work07.jpg HTTP/1.1" 200 23394
0:0:0:0:0:0:0:1 - - [23/May/2018:13:13:41 +0800] "GET /main/images/header-bg.jpg HTTP/1.1" 200 10060
0:0:0:0:0:0:0:1 - - [23/May/2018:13:13:41 +0800] "GET /main/images/logo.jpg HTTP/1.1" 200 37392
0:0:0:0:0:0:0:1 - - [23/May/2018:13:13:41 +0800] "GET /favicon.ico HTTP/1.1" 200 4286
0:0:0:0:0:0:0:1 - - [23/May/2018:13:13:41 +0800] "GET / HTTP/1.1" 200 12423
0:0:0:0:0:0:0:1 - - [23/May/2018:13:13:41 +0800] "GET /favicon.ico HTTP/1.1" 200 4286
0:0:0:0:0:0:0:1 - - [23/May/2018:13:13:41 +0800] "GET / HTTP/1.1" 200 12423
0:0:0:0:0:0:0:1 - - [23/May/2018:13:13:41 +0800] "GET /favicon.ico HTTP/1.1" 200 4286
0:0:0:0:0:0:0:1 - - [23/May/2018:13:13:41 +0800] "GET / HTTP/1.1" 200 12423
0:0:0:0:0:0:0:1 - - [23/May/2018:13:13:42 +0800] "GET /favicon.ico HTTP/1.1" 200 4286
0:0:0:0:0:0:0:1 - - [23/May/2018:13:13:42 +0800] "GET / HTTP/1.1" 200 12423
0:0:0:0:0:0:0:1 - - [23/May/2018:13:13:42 +0800] "GET /favicon.ico HTTP/1.1" 200 4286
0:0:0:0:0:0:0:1 - - [23/May/2018:13:13:42 +0800] "GET / HTTP/1.1" 200 12423
0:0:0:0:0:0:0:1 - - [23/May/2018:13:13:42 +0800] "GET /favicon.ico HTTP/1.1" 200 4286
0:0:0:0:0:0:0:1 - - [23/May/2018:13:14:06 +0800] "GET / HTTP/1.1" 200 12394
0:0:0:0:0:0:0:1 - - [23/May/2018:13:14:06 +0800] "GET /favicon.ico HTTP/1.1" 200 4286
0:0:0:0:0:0:0:1 - - [23/May/2018:13:16:14 +0800] "GET / HTTP/1.1" 200 12352
0:0:0:0:0:0:0:1 - - [23/May/2018:13:16:14 +0800] "GET /main/images/example-work01.jpg HTTP/1.1" 304 -
0:0:0:0:0:0:0:1 - - [23/May/2018:13:16:14 +0800] "GET /main/css/styles.css HTTP/1.1" 304 -
0:0:0:0:0:0:0:1 - - [23/May/2018:13:16:14 +0800] "GET /main/images/example-work02.jpg HTTP/1.1" 304 -
0:0:0:0:0:0:0:1 - - [23/May/2018:13:16:14 +0800] "GET /main/images/example-work07.jpg HTTP/1.1" 304 -
0:0:0:0:0:0:0:1 - - [23/May/2018:13:16:14 +0800] "GET /main/images/example-work03.jpg HTTP/1.1" 304 -
0:0:0:0:0:0:0:1 - - [23/May/2018:13:16:14 +0800] "GET /main/images/example-work06.jpg HTTP/1.1" 304 -
0:0:0:0:0:0:0:1 - - [23/May/2018:13:16:14 +0800] "GET /main/images/example-work04.jpg HTTP/1.1" 304 -
0:0:0:0:0:0:0:1 - - [23/May/2018:13:16:14 +0800] "GET /main/images/example-work08.jpg HTTP/1.1" 304 -
0:0:0:0:0:0:0:1 - - [23/May/2018:13:16:14 +0800] "GET /main/images/example-work05.jpg HTTP/1.1" 304 -
0:0:0:0:0:0:0:1 - - [23/May/2018:13:16:14 +0800] "GET /main/images/example-work09.jpg HTTP/1.1" 304 -
0:0:0:0:0:0:0:1 - - [23/May/2018:13:16:15 +0800] "GET /favicon.ico HTTP/1.1" 200 4286
0:0:0:0:0:0:0:1 - - [23/May/2018:13:16:25 +0800] "GET /rainyDay HTTP/1.1" 200 659863
0:0:0:0:0:0:0:1 - - [23/May/2018:13:16:25 +0800] "GET /rainy/rainyday.js HTTP/1.1" 200 23541
0:0:0:0:0:0:0:1 - - [23/May/2018:13:16:25 +0800] "GET /rainy/classic.mp3 HTTP/1.1" 304 -
0:0:0:0:0:0:0:1 - - [23/May/2018:13:19:20 +0800] "GET / HTTP/1.1" 200 12345
0:0:0:0:0:0:0:1 - - [23/May/2018:13:19:20 +0800] "GET /main/css/styles.css HTTP/1.1" 304 -
0:0:0:0:0:0:0:1 - - [23/May/2018:13:19:20 +0800] "GET /main/images/example-work07.jpg HTTP/1.1" 304 -
0:0:0:0:0:0:0:1 - - [23/May/2018:13:19:20 +0800] "GET /main/images/example-work03.jpg HTTP/1.1" 304 -
0:0:0:0:0:0:0:1 - - [23/May/2018:13:19:20 +0800] "GET /main/images/example-work08.jpg HTTP/1.1" 304 -
0:0:0:0:0:0:0:1 - - [23/May/2018:13:19:20 +0800] "GET /main/images/example-work02.jpg HTTP/1.1" 304 -
0:0:0:0:0:0:0:1 - - [23/May/2018:13:19:20 +0800] "GET /main/images/example-work04.jpg HTTP/1.1" 304 -
0:0:0:0:0:0:0:1 - - [23/May/2018:13:19:20 +0800] "GET /main/images/example-work06.jpg HTTP/1.1" 304 -
0:0:0:0:0:0:0:1 - - [23/May/2018:13:19:20 +0800] "GET /main/images/example-work05.jpg HTTP/1.1" 304 -
0:0:0:0:0:0:0:1 - - [23/May/2018:13:19:20 +0800] "GET /main/images/example-work09.jpg HTTP/1.1" 304 -
0:0:0:0:0:0:0:1 - - [23/May/2018:13:19:21 +0800] "GET /main/images/footer-background.png HTTP/1.1" 304 -
0:0:0:0:0:0:0:1 - - [23/May/2018:13:19:21 +0800] "GET /main/images/header-bg.jpg HTTP/1.1" 304 -
0:0:0:0:0:0:0:1 - - [23/May/2018:13:19:21 +0800] "GET /main/images/logo.jpg HTTP/1.1" 304 -
0:0:0:0:0:0:0:1 - - [23/May/2018:13:19:21 +0800] "GET /main/images/rainday.png HTTP/1.1" 404 155
0:0:0:0:0:0:0:1 - - [23/May/2018:13:19:21 +0800] "GET /favicon.ico HTTP/1.1" 200 4286
0:0:0:0:0:0:0:1 - - [23/May/2018:13:19:21 +0800] "GET / HTTP/1.1" 200 12345
0:0:0:0:0:0:0:1 - - [23/May/2018:13:19:21 +0800] "GET /main/images/rainday.png HTTP/1.1" 404 155
0:0:0:0:0:0:0:1 - - [23/May/2018:13:19:21 +0800] "GET /favicon.ico HTTP/1.1" 200 4286
0:0:0:0:0:0:0:1 - - [23/May/2018:13:19:21 +0800] "GET / HTTP/1.1" 200 12345
0:0:0:0:0:0:0:1 - - [23/May/2018:13:19:21 +0800] "GET /main/images/rainday.png HTTP/1.1" 404 155
0:0:0:0:0:0:0:1 - - [23/May/2018:13:19:21 +0800] "GET /favicon.ico HTTP/1.1" 200 4286
0:0:0:0:0:0:0:1 - - [23/May/2018:13:19:22 +0800] "GET / HTTP/1.1" 200 12345
0:0:0:0:0:0:0:1 - - [23/May/2018:13:19:22 +0800] "GET /main/images/rainday.png HTTP/1.1" 404 155
0:0:0:0:0:0:0:1 - - [23/May/2018:13:19:22 +0800] "GET /favicon.ico HTTP/1.1" 200 4286
0:0:0:0:0:0:0:1 - - [23/May/2018:13:19:22 +0800] "GET / HTTP/1.1" 200 12345
0:0:0:0:0:0:0:1 - - [23/May/2018:13:19:22 +0800] "GET /main/images/rainday.png HTTP/1.1" 404 155
0:0:0:0:0:0:0:1 - - [23/May/2018:13:19:22 +0800] "GET /favicon.ico HTTP/1.1" 200 4286
0:0:0:0:0:0:0:1 - - [23/May/2018:13:19:22 +0800] "GET / HTTP/1.1" 200 12345
0:0:0:0:0:0:0:1 - - [23/May/2018:13:19:22 +0800] "GET /main/images/rainday.png HTTP/1.1" 404 155
0:0:0:0:0:0:0:1 - - [23/May/2018:13:19:22 +0800] "GET /favicon.ico HTTP/1.1" 200 4286
0:0:0:0:0:0:0:1 - - [23/May/2018:13:19:22 +0800] "GET / HTTP/1.1" 200 12345
0:0:0:0:0:0:0:1 - - [23/May/2018:13:19:22 +0800] "GET /main/images/rainday.png HTTP/1.1" 404 155
0:0:0:0:0:0:0:1 - - [23/May/2018:13:19:22 +0800] "GET /favicon.ico HTTP/1.1" 200 4286
0:0:0:0:0:0:0:1 - - [23/May/2018:13:20:12 +0800] "GET / HTTP/1.1" 200 12347
0:0:0:0:0:0:0:1 - - [23/May/2018:13:20:12 +0800] "GET /main/images/rainy-day.png HTTP/1.1" 200 1332724
0:0:0:0:0:0:0:1 - - [23/May/2018:13:20:12 +0800] "GET /favicon.ico HTTP/1.1" 200 4286
127.0.0.1 - - [23/May/2018:13:23:12 +0800] "GET / HTTP/1.1" 200 12347
127.0.0.1 - - [23/May/2018:13:23:13 +0800] "GET /main/css/styles.css HTTP/1.1" 200 2875
0:0:0:0:0:0:0:1 - - [23/May/2018:13:23:13 +0800] "GET /main/images/rainy-day.jpg HTTP/1.1" 200 66012
0:0:0:0:0:0:0:1 - - [23/May/2018:13:23:13 +0800] "GET /main/images/example-work07.jpg HTTP/1.1" 200 23394
127.0.0.1 - - [23/May/2018:13:23:13 +0800] "GET /main/images/example-work02.jpg HTTP/1.1" 200 15388
0:0:0:0:0:0:0:1 - - [23/May/2018:13:23:13 +0800] "GET /main/images/example-work08.jpg HTTP/1.1" 200 13010
0:0:0:0:0:0:0:1 - - [23/May/2018:13:23:13 +0800] "GET /main/images/example-work05.jpg HTTP/1.1" 200 14376
0:0:0:0:0:0:0:1 - - [23/May/2018:13:23:13 +0800] "GET /main/images/example-work06.jpg HTTP/1.1" 200 9776
0:0:0:0:0:0:0:1 - - [23/May/2018:13:23:13 +0800] "GET /main/images/example-work04.jpg HTTP/1.1" 200 9033
127.0.0.1 - - [23/May/2018:13:23:13 +0800] "GET /main/images/example-work03.jpg HTTP/1.1" 200 11096
127.0.0.1 - - [23/May/2018:13:23:13 +0800] "GET /main/images/example-work09.jpg HTTP/1.1" 200 28067
127.0.0.1 - - [23/May/2018:13:23:13 +0800] "GET /main/images/header-bg.jpg HTTP/1.1" 200 10060
0:0:0:0:0:0:0:1 - - [23/May/2018:13:23:13 +0800] "GET /main/images/logo.jpg HTTP/1.1" 200 37392
0:0:0:0:0:0:0:1 - - [23/May/2018:13:23:13 +0800] "GET /main/images/footer-background.png HTTP/1.1" 200 1330
0:0:0:0:0:0:0:1 - - [23/May/2018:13:23:13 +0800] "GET /favicon.ico HTTP/1.1" 200 4286
127.0.0.1 - - [23/May/2018:13:23:20 +0800] "GET /rainy/rainyday.js HTTP/1.1" 200 23541
0:0:0:0:0:0:0:1 - - [23/May/2018:13:23:20 +0800] "GET /rainyDay HTTP/1.1" 200 659863
0:0:0:0:0:0:0:1 - - [23/May/2018:13:23:20 +0800] "GET /rainy/classic.mp3 HTTP/1.1" 500 32768
127.0.0.1 - - [23/May/2018:13:23:23 +0800] "GET /rainy/classic.mp3 HTTP/1.1" 500 4653056
127.0.0.1 - - [23/May/2018:13:23:24 +0800] "GET /rainyDay HTTP/1.1" 200 659863
127.0.0.1 - - [23/May/2018:13:23:51 +0800] "GET /rainyDay HTTP/1.1" 200 659863
0:0:0:0:0:0:0:1 - - [23/May/2018:13:23:52 +0800] "GET /main/css/styles.css HTTP/1.1" 304 -
0:0:0:0:0:0:0:1 - - [23/May/2018:13:23:52 +0800] "GET /rainy/rainyday.js HTTP/1.1" 304 -
0:0:0:0:0:0:0:1 - - [23/May/2018:13:23:52 +0800] "GET /favicon.ico HTTP/1.1" 200 4286
0:0:0:0:0:0:0:1 - - [23/May/2018:13:23:54 +0800] "GET / HTTP/1.1" 200 12347
0:0:0:0:0:0:0:1 - - [23/May/2018:13:23:54 +0800] "GET /main/images/rainy-day.jpg HTTP/1.1" 304 -
0:0:0:0:0:0:0:1 - - [23/May/2018:13:23:54 +0800] "GET /main/images/example-work07.jpg HTTP/1.1" 304 -
0:0:0:0:0:0:0:1 - - [23/May/2018:13:23:54 +0800] "GET /main/images/example-work02.jpg HTTP/1.1" 304 -
0:0:0:0:0:0:0:1 - - [23/May/2018:13:23:54 +0800] "GET /main/images/example-work03.jpg HTTP/1.1" 304 -
127.0.0.1 - - [23/May/2018:13:23:54 +0800] "GET /main/images/example-work04.jpg HTTP/1.1" 304 -
0:0:0:0:0:0:0:1 - - [23/May/2018:13:23:54 +0800] "GET /main/images/example-work08.jpg HTTP/1.1" 304 -
0:0:0:0:0:0:0:1 - - [23/May/2018:13:23:54 +0800] "GET /main/images/example-work05.jpg HTTP/1.1" 304 -
0:0:0:0:0:0:0:1 - - [23/May/2018:13:23:54 +0800] "GET /main/images/example-work06.jpg HTTP/1.1" 304 -
0:0:0:0:0:0:0:1 - - [23/May/2018:13:23:54 +0800] "GET /main/images/example-work09.jpg HTTP/1.1" 304 -
0:0:0:0:0:0:0:1 - - [23/May/2018:13:23:54 +0800] "GET /favicon.ico HTTP/1.1" 200 4286
0:0:0:0:0:0:0:1 - - [23/May/2018:13:23:55 +0800] "GET /rainyDay HTTP/1.1" 200 659863
0:0:0:0:0:0:0:1 - - [23/May/2018:13:24:04 +0800] "GET /rainyDay HTTP/1.1" 200 659863
0:0:0:0:0:0:0:1 - - [23/May/2018:13:24:05 +0800] "GET /rainy/classic.mp3 HTTP/1.1" 500 3883008
0:0:0:0:0:0:0:1 - - [23/May/2018:13:24:05 +0800] "GET /favicon.ico HTTP/1.1" 200 4286
0:0:0:0:0:0:0:1 - - [23/May/2018:13:24:08 +0800] "GET /index.html HTTP/1.1" 404 306
0:0:0:0:0:0:0:1 - - [23/May/2018:13:25:20 +0800] "GET /main/css/styles.css HTTP/1.1" 304 -
0:0:0:0:0:0:0:1 - - [23/May/2018:13:25:20 +0800] "GET /main/images/rainy-day.jpg HTTP/1.1" 304 -
0:0:0:0:0:0:0:1 - - [23/May/2018:13:25:20 +0800] "GET /main/images/example-work02.jpg HTTP/1.1" 304 -
0:0:0:0:0:0:0:1 - - [23/May/2018:13:25:20 +0800] "GET / HTTP/1.1" 200 12347
0:0:0:0:0:0:0:1 - - [23/May/2018:13:25:20 +0800] "GET /main/images/example-work07.jpg HTTP/1.1" 304 -
0:0:0:0:0:0:0:1 - - [23/May/2018:13:25:20 +0800] "GET /main/images/example-work08.jpg HTTP/1.1" 304 -
0:0:0:0:0:0:0:1 - - [23/May/2018:13:25:20 +0800] "GET /main/images/example-work03.jpg HTTP/1.1" 304 -
0:0:0:0:0:0:0:1 - - [23/May/2018:13:25:20 +0800] "GET /main/images/example-work05.jpg HTTP/1.1" 304 -
0:0:0:0:0:0:0:1 - - [23/May/2018:13:25:20 +0800] "GET /main/images/example-work04.jpg HTTP/1.1" 304 -
0:0:0:0:0:0:0:1 - - [23/May/2018:13:25:20 +0800] "GET /main/images/example-work06.jpg HTTP/1.1" 304 -
0:0:0:0:0:0:0:1 - - [23/May/2018:13:25:20 +0800] "GET /main/images/example-work09.jpg HTTP/1.1" 304 -
0:0:0:0:0:0:0:1 - - [23/May/2018:13:25:20 +0800] "GET /favicon.ico HTTP/1.1" 200 4286
0:0:0:0:0:0:0:1 - - [23/May/2018:13:25:52 +0800] "GET / HTTP/1.1" 200 12368
0:0:0:0:0:0:0:1 - - [23/May/2018:13:25:52 +0800] "GET /main/images/rainy-day.jpg HTTP/1.1" 304 -
0:0:0:0:0:0:0:1 - - [23/May/2018:13:25:52 +0800] "GET /favicon.ico HTTP/1.1" 200 4286
0:0:0:0:0:0:0:1 - - [23/May/2018:13:27:13 +0800] "GET / HTTP/1.1" 200 12396
0:0:0:0:0:0:0:1 - - [23/May/2018:13:27:13 +0800] "GET /main/css/styles.css HTTP/1.1" 304 -
0:0:0:0:0:0:0:1 - - [23/May/2018:13:27:13 +0800] "GET /main/images/rainy-day.jpg HTTP/1.1" 304 -
0:0:0:0:0:0:0:1 - - [23/May/2018:13:27:13 +0800] "GET /main/images/example-work02.jpg HTTP/1.1" 304 -
0:0:0:0:0:0:0:1 - - [23/May/2018:13:27:13 +0800] "GET /main/images/example-work07.jpg HTTP/1.1" 304 -
0:0:0:0:0:0:0:1 - - [23/May/2018:13:27:13 +0800] "GET /main/images/example-work04.jpg HTTP/1.1" 304 -
0:0:0:0:0:0:0:1 - - [23/May/2018:13:27:13 +0800] "GET /main/images/example-work03.jpg HTTP/1.1" 304 -
0:0:0:0:0:0:0:1 - - [23/May/2018:13:27:13 +0800] "GET /main/images/example-work08.jpg HTTP/1.1" 304 -
0:0:0:0:0:0:0:1 - - [23/May/2018:13:27:13 +0800] "GET /main/images/example-work09.jpg HTTP/1.1" 304 -
0:0:0:0:0:0:0:1 - - [23/May/2018:13:27:13 +0800] "GET /main/images/example-work06.jpg HTTP/1.1" 304 -
0:0:0:0:0:0:0:1 - - [23/May/2018:13:27:13 +0800] "GET /main/images/example-work05.jpg HTTP/1.1" 304 -
0:0:0:0:0:0:0:1 - - [23/May/2018:13:27:13 +0800] "GET /favicon.ico HTTP/1.1" 200 4286
0:0:0:0:0:0:0:1 - - [23/May/2018:13:27:33 +0800] "GET / HTTP/1.1" 200 12396
0:0:0:0:0:0:0:1 - - [23/May/2018:13:27:33 +0800] "GET /favicon.ico HTTP/1.1" 200 4286
0:0:0:0:0:0:0:1 - - [23/May/2018:13:27:40 +0800] "GET / HTTP/1.1" 200 12390
0:0:0:0:0:0:0:1 - - [23/May/2018:13:27:40 +0800] "GET /main/images/rainy-day.jpg HTTP/1.1" 304 -
0:0:0:0:0:0:0:1 - - [23/May/2018:13:27:40 +0800] "GET /favicon.ico HTTP/1.1" 200 4286
0:0:0:0:0:0:0:1 - - [23/May/2018:13:28:19 +0800] "GET / HTTP/1.1" 200 12390
0:0:0:0:0:0:0:1 - - [23/May/2018:13:28:19 +0800] "GET /main/css/styles.css HTTP/1.1" 304 -
0:0:0:0:0:0:0:1 - - [23/May/2018:13:28:19 +0800] "GET /main/images/rainy-day.jpg HTTP/1.1" 304 -
0:0:0:0:0:0:0:1 - - [23/May/2018:13:28:19 +0800] "GET /main/images/example-work07.jpg HTTP/1.1" 304 -
0:0:0:0:0:0:0:1 - - [23/May/2018:13:28:20 +0800] "GET /main/images/example-work02.jpg HTTP/1.1" 304 -
0:0:0:0:0:0:0:1 - - [23/May/2018:13:28:20 +0800] "GET /main/images/example-work04.jpg HTTP/1.1" 304 -
0:0:0:0:0:0:0:1 - - [23/May/2018:13:28:20 +0800] "GET /main/images/example-work03.jpg HTTP/1.1" 304 -
0:0:0:0:0:0:0:1 - - [23/May/2018:13:28:20 +0800] "GET /main/images/example-work08.jpg HTTP/1.1" 304 -
0:0:0:0:0:0:0:1 - - [23/May/2018:13:28:20 +0800] "GET /main/images/example-work05.jpg HTTP/1.1" 304 -
0:0:0:0:0:0:0:1 - - [23/May/2018:13:28:20 +0800] "GET /main/images/example-work06.jpg HTTP/1.1" 304 -
0:0:0:0:0:0:0:1 - - [23/May/2018:13:28:20 +0800] "GET /main/images/example-work09.jpg HTTP/1.1" 304 -
0:0:0:0:0:0:0:1 - - [23/May/2018:13:28:20 +0800] "GET /favicon.ico HTTP/1.1" 200 4286
0:0:0:0:0:0:0:1 - - [23/May/2018:13:28:26 +0800] "GET /rainy/classic.mp3 HTTP/1.1" 206 819200
0:0:0:0:0:0:0:1 - - [23/May/2018:13:28:28 +0800] "GET / HTTP/1.1" 200 12429
0:0:0:0:0:0:0:1 - - [23/May/2018:13:28:28 +0800] "GET /favicon.ico HTTP/1.1" 200 4286
0:0:0:0:0:0:0:1 - - [23/May/2018:13:28:52 +0800] "GET / HTTP/1.1" 200 12429
0:0:0:0:0:0:0:1 - - [23/May/2018:13:28:52 +0800] "GET /main/images/rainy-day.jpg HTTP/1.1" 304 -
0:0:0:0:0:0:0:1 - - [23/May/2018:13:28:52 +0800] "GET /favicon.ico HTTP/1.1" 200 4286
0:0:0:0:0:0:0:1 - - [23/May/2018:13:29:00 +0800] "GET / HTTP/1.1" 200 12431
0:0:0:0:0:0:0:1 - - [23/May/2018:13:29:00 +0800] "GET /favicon.ico HTTP/1.1" 200 4286
0:0:0:0:0:0:0:1 - - [23/May/2018:13:29:05 +0800] "GET /rainy/rainyday.js HTTP/1.1" 304 -
0:0:0:0:0:0:0:1 - - [23/May/2018:13:29:05 +0800] "GET /rainyDay HTTP/1.1" 200 659855
0:0:0:0:0:0:0:1 - - [23/May/2018:13:30:36 +0800] "GET /rainyDay HTTP/1.1" 200 659855
0:0:0:0:0:0:0:1 - - [23/May/2018:13:30:36 +0800] "GET /rainy/rainyday.js HTTP/1.1" 304 -
0:0:0:0:0:0:0:1 - - [23/May/2018:13:30:36 +0800] "GET /main/css/styles.css HTTP/1.1" 304 -
0:0:0:0:0:0:0:1 - - [23/May/2018:13:30:37 +0800] "GET /favicon.ico HTTP/1.1" 200 4286
0:0:0:0:0:0:0:1 - - [23/May/2018:13:30:43 +0800] "GET / HTTP/1.1" 200 12679
0:0:0:0:0:0:0:1 - - [23/May/2018:13:30:44 +0800] "GET /main/images/rainy-day.jpg HTTP/1.1" 304 -
0:0:0:0:0:0:0:1 - - [23/May/2018:13:30:44 +0800] "GET /main/images/example-work07.jpg HTTP/1.1" 304 -
0:0:0:0:0:0:0:1 - - [23/May/2018:13:30:44 +0800] "GET /main/images/example-work02.jpg HTTP/1.1" 304 -
0:0:0:0:0:0:0:1 - - [23/May/2018:13:30:44 +0800] "GET /main/images/example-work03.jpg HTTP/1.1" 304 -
0:0:0:0:0:0:0:1 - - [23/May/2018:13:30:44 +0800] "GET /main/images/example-work04.jpg HTTP/1.1" 304 -
0:0:0:0:0:0:0:1 - - [23/May/2018:13:30:44 +0800] "GET /main/images/example-work08.jpg HTTP/1.1" 304 -
0:0:0:0:0:0:0:1 - - [23/May/2018:13:30:44 +0800] "GET /main/images/example-work06.jpg HTTP/1.1" 304 -
0:0:0:0:0:0:0:1 - - [23/May/2018:13:30:44 +0800] "GET /main/images/example-work05.jpg HTTP/1.1" 304 -
0:0:0:0:0:0:0:1 - - [23/May/2018:13:30:44 +0800] "GET /main/images/example-work09.jpg HTTP/1.1" 304 -
0:0:0:0:0:0:0:1 - - [23/May/2018:13:30:44 +0800] "GET /favicon.ico HTTP/1.1" 200 4286
0:0:0:0:0:0:0:1 - - [23/May/2018:13:34:27 +0800] "GET /main/images/rainy-day.jpg HTTP/1.1" 304 -
0:0:0:0:0:0:0:1 - - [23/May/2018:13:34:27 +0800] "GET /main/css/styles.css HTTP/1.1" 304 -
0:0:0:0:0:0:0:1 - - [23/May/2018:13:34:27 +0800] "GET /main/images/example-work07.jpg HTTP/1.1" 304 -
0:0:0:0:0:0:0:1 - - [23/May/2018:13:34:27 +0800] "GET /main/images/example-work03.jpg HTTP/1.1" 304 -
0:0:0:0:0:0:0:1 - - [23/May/2018:13:34:27 +0800] "GET /main/images/example-work02.jpg HTTP/1.1" 304 -
0:0:0:0:0:0:0:1 - - [23/May/2018:13:34:27 +0800] "GET /main/images/example-work05.jpg HTTP/1.1" 304 -
0:0:0:0:0:0:0:1 - - [23/May/2018:13:34:27 +0800] "GET /main/images/example-work04.jpg HTTP/1.1" 304 -
0:0:0:0:0:0:0:1 - - [23/May/2018:13:34:27 +0800] "GET /main/images/example-work09.jpg HTTP/1.1" 304 -
0:0:0:0:0:0:0:1 - - [23/May/2018:13:34:27 +0800] "GET / HTTP/1.1" 200 12631
0:0:0:0:0:0:0:1 - - [23/May/2018:13:34:27 +0800] "GET /main/images/example-work08.jpg HTTP/1.1" 304 -
0:0:0:0:0:0:0:1 - - [23/May/2018:13:34:27 +0800] "GET /main/images/example-work06.jpg HTTP/1.1" 304 -
0:0:0:0:0:0:0:1 - - [23/May/2018:13:34:27 +0800] "GET /favicon.ico HTTP/1.1" 200 4286
0:0:0:0:0:0:0:1 - - [23/May/2018:13:34:29 +0800] "GET /blog HTTP/1.1" 200 10441
0:0:0:0:0:0:0:1 - - [23/May/2018:13:34:29 +0800] "GET /main/images/example-blog05.jpg HTTP/1.1" 200 3097
0:0:0:0:0:0:0:1 - - [23/May/2018:13:34:29 +0800] "GET /main/images/example-blog06.jpg HTTP/1.1" 200 11426
0:0:0:0:0:0:0:1 - - [23/May/2018:13:34:29 +0800] "GET /main/images/example-blog03.jpg HTTP/1.1" 200 13233
0:0:0:0:0:0:0:1 - - [23/May/2018:13:34:29 +0800] "GET /static/main/images/example-blog01.jpg HTTP/1.1" 404 169
0:0:0:0:0:0:0:1 - - [23/May/2018:13:34:29 +0800] "GET /static/main/images/example-blog07.jpg HTTP/1.1" 404 169
0:0:0:0:0:0:0:1 - - [23/May/2018:13:34:29 +0800] "GET /static/main/images/example-blog02.jpg HTTP/1.1" 404 169
0:0:0:0:0:0:0:1 - - [23/May/2018:13:34:29 +0800] "GET /static/main/images/example-blog04.jpg HTTP/1.1" 404 169
0:0:0:0:0:0:0:1 - - [23/May/2018:13:34:30 +0800] "GET /about.html HTTP/1.1" 404 306
0:0:0:0:0:0:0:1 - - [23/May/2018:13:34:32 +0800] "GET /contact.html HTTP/1.1" 404 306
0:0:0:0:0:0:0:1 - - [23/May/2018:13:34:34 +0800] "GET /index.html HTTP/1.1" 404 306
0:0:0:0:0:0:0:1 - - [23/May/2018:13:34:36 +0800] "GET /blog.html HTTP/1.1" 404 306
0:0:0:0:0:0:0:1 - - [23/May/2018:13:37:35 +0800] "GET / HTTP/1.1" 200 12637
0:0:0:0:0:0:0:1 - - [23/May/2018:13:37:35 +0800] "GET /main/images/rainy-day.jpg HTTP/1.1" 304 -
0:0:0:0:0:0:0:1 - - [23/May/2018:13:37:35 +0800] "GET /main/css/styles.css HTTP/1.1" 304 -
0:0:0:0:0:0:0:1 - - [23/May/2018:13:37:35 +0800] "GET /main/images/example-work07.jpg HTTP/1.1" 304 -
0:0:0:0:0:0:0:1 - - [23/May/2018:13:37:35 +0800] "GET /main/images/example-work02.jpg HTTP/1.1" 304 -
0:0:0:0:0:0:0:1 - - [23/May/2018:13:37:35 +0800] "GET /main/images/example-work03.jpg HTTP/1.1" 304 -
0:0:0:0:0:0:0:1 - - [23/May/2018:13:37:35 +0800] "GET /main/images/example-work04.jpg HTTP/1.1" 304 -
0:0:0:0:0:0:0:1 - - [23/May/2018:13:37:35 +0800] "GET /main/images/example-work08.jpg HTTP/1.1" 304 -
0:0:0:0:0:0:0:1 - - [23/May/2018:13:37:35 +0800] "GET /main/images/example-work05.jpg HTTP/1.1" 304 -
0:0:0:0:0:0:0:1 - - [23/May/2018:13:37:35 +0800] "GET /main/images/example-work09.jpg HTTP/1.1" 304 -
0:0:0:0:0:0:0:1 - - [23/May/2018:13:37:35 +0800] "GET /main/images/header-bg.jpg HTTP/1.1" 304 -
0:0:0:0:0:0:0:1 - - [23/May/2018:13:37:35 +0800] "GET /main/images/footer-background.png HTTP/1.1" 304 -
0:0:0:0:0:0:0:1 - - [23/May/2018:13:37:35 +0800] "GET /main/images/logo.jpg HTTP/1.1" 304 -
0:0:0:0:0:0:0:1 - - [23/May/2018:13:37:35 +0800] "GET /main/images/example-work06.jpg HTTP/1.1" 304 -
0:0:0:0:0:0:0:1 - - [23/May/2018:13:37:36 +0800] "GET /blog HTTP/1.1" 200 10392
0:0:0:0:0:0:0:1 - - [23/May/2018:13:37:36 +0800] "GET /main/images/example-blog05.jpg HTTP/1.1" 304 -
0:0:0:0:0:0:0:1 - - [23/May/2018:13:37:36 +0800] "GET /main/images/example-blog03.jpg HTTP/1.1" 304 -
0:0:0:0:0:0:0:1 - - [23/May/2018:13:37:36 +0800] "GET /main/images/example-blog06.jpg HTTP/1.1" 304 -
0:0:0:0:0:0:0:1 - - [23/May/2018:13:37:36 +0800] "GET /static/main/images/example-blog01.jpg HTTP/1.1" 404 169
0:0:0:0:0:0:0:1 - - [23/May/2018:13:37:36 +0800] "GET /static/main/images/example-blog07.jpg HTTP/1.1" 404 169
0:0:0:0:0:0:0:1 - - [23/May/2018:13:37:36 +0800] "GET /static/main/images/example-blog02.jpg HTTP/1.1" 404 169
0:0:0:0:0:0:0:1 - - [23/May/2018:13:37:36 +0800] "GET /static/main/images/example-blog04.jpg HTTP/1.1" 404 169
0:0:0:0:0:0:0:1 - - [23/May/2018:13:37:38 +0800] "GET / HTTP/1.1" 200 12637
0:0:0:0:0:0:0:1 - - [23/May/2018:13:37:39 +0800] "GET /blog HTTP/1.1" 200 10392
0:0:0:0:0:0:0:1 - - [23/May/2018:13:37:39 +0800] "GET /static/main/images/example-blog01.jpg HTTP/1.1" 404 169
0:0:0:0:0:0:0:1 - - [23/May/2018:13:37:39 +0800] "GET /static/main/images/example-blog02.jpg HTTP/1.1" 404 169
0:0:0:0:0:0:0:1 - - [23/May/2018:13:37:39 +0800] "GET /static/main/images/example-blog07.jpg HTTP/1.1" 404 169
0:0:0:0:0:0:0:1 - - [23/May/2018:13:37:39 +0800] "GET /static/main/images/example-blog04.jpg HTTP/1.1" 404 169
0:0:0:0:0:0:0:1 - - [23/May/2018:13:37:39 +0800] "GET /about HTTP/1.1" 200 5949
0:0:0:0:0:0:0:1 - - [23/May/2018:13:37:39 +0800] "GET /static/main/images/about-header.jpg HTTP/1.1" 404 167
0:0:0:0:0:0:0:1 - - [23/May/2018:13:37:41 +0800] "GET /contact HTTP/1.1" 200 6172
0:0:0:0:0:0:0:1 - - [23/May/2018:13:37:41 +0800] "GET /static/main/images/contact-image.jpg HTTP/1.1" 404 168
0:0:0:0:0:0:0:1 - - [23/May/2018:13:37:49 +0800] "GET /blog HTTP/1.1" 200 10392
0:0:0:0:0:0:0:1 - - [23/May/2018:13:37:49 +0800] "GET /static/main/images/example-blog01.jpg HTTP/1.1" 404 169
0:0:0:0:0:0:0:1 - - [23/May/2018:13:37:49 +0800] "GET /static/main/images/example-blog02.jpg HTTP/1.1" 404 169
0:0:0:0:0:0:0:1 - - [23/May/2018:13:37:49 +0800] "GET /static/main/images/example-blog07.jpg HTTP/1.1" 404 169
0:0:0:0:0:0:0:1 - - [23/May/2018:13:37:49 +0800] "GET /static/main/images/example-blog04.jpg HTTP/1.1" 404 169
0:0:0:0:0:0:0:1 - - [23/May/2018:13:37:50 +0800] "GET / HTTP/1.1" 200 12637
0:0:0:0:0:0:0:1 - - [23/May/2018:13:37:50 +0800] "GET /blog HTTP/1.1" 200 10392
0:0:0:0:0:0:0:1 - - [23/May/2018:13:37:50 +0800] "GET /static/main/images/example-blog01.jpg HTTP/1.1" 404 169
0:0:0:0:0:0:0:1 - - [23/May/2018:13:37:50 +0800] "GET /static/main/images/example-blog02.jpg HTTP/1.1" 404 169
0:0:0:0:0:0:0:1 - - [23/May/2018:13:37:50 +0800] "GET /static/main/images/example-blog04.jpg HTTP/1.1" 404 169
0:0:0:0:0:0:0:1 - - [23/May/2018:13:37:50 +0800] "GET /static/main/images/example-blog07.jpg HTTP/1.1" 404 169
0:0:0:0:0:0:0:1 - - [23/May/2018:13:37:51 +0800] "GET /about HTTP/1.1" 200 5949
0:0:0:0:0:0:0:1 - - [23/May/2018:13:37:51 +0800] "GET /static/main/images/about-header.jpg HTTP/1.1" 404 167
0:0:0:0:0:0:0:1 - - [23/May/2018:13:37:51 +0800] "GET /blog HTTP/1.1" 200 10392
0:0:0:0:0:0:0:1 - - [23/May/2018:13:37:51 +0800] "GET /static/main/images/example-blog01.jpg HTTP/1.1" 404 169
0:0:0:0:0:0:0:1 - - [23/May/2018:13:37:51 +0800] "GET /static/main/images/example-blog02.jpg HTTP/1.1" 404 169
0:0:0:0:0:0:0:1 - - [23/May/2018:13:37:51 +0800] "GET /static/main/images/example-blog04.jpg HTTP/1.1" 404 169
0:0:0:0:0:0:0:1 - - [23/May/2018:13:37:51 +0800] "GET /static/main/images/example-blog07.jpg HTTP/1.1" 404 169
0:0:0:0:0:0:0:1 - - [23/May/2018:13:37:51 +0800] "GET / HTTP/1.1" 200 12637
127.0.0.1 - - [23/May/2018:13:41:20 +0800] "GET /about HTTP/1.1" 200 5936
127.0.0.1 - - [23/May/2018:13:41:20 +0800] "GET /favicon.ico HTTP/1.1" 200 4286
127.0.0.1 - - [23/May/2018:13:41:21 +0800] "GET /about HTTP/1.1" 200 5936
127.0.0.1 - - [23/May/2018:13:41:21 +0800] "GET /favicon.ico HTTP/1.1" 200 4286
127.0.0.1 - - [23/May/2018:13:41:21 +0800] "GET /about HTTP/1.1" 200 5936
127.0.0.1 - - [23/May/2018:13:41:21 +0800] "GET /favicon.ico HTTP/1.1" 200 4286
127.0.0.1 - - [23/May/2018:13:41:21 +0800] "GET /about HTTP/1.1" 200 5936
127.0.0.1 - - [23/May/2018:13:41:21 +0800] "GET /favicon.ico HTTP/1.1" 200 4286
127.0.0.1 - - [23/May/2018:13:42:16 +0800] "GET /blog HTTP/1.1" 200 10340
127.0.0.1 - - [23/May/2018:13:42:21 +0800] "GET /about HTTP/1.1" 200 5936
127.0.0.1 - - [23/May/2018:13:42:25 +0800] "GET /about HTTP/1.1" 200 5936
127.0.0.1 - - [23/May/2018:13:42:25 +0800] "GET /contact HTTP/1.1" 200 6172
127.0.0.1 - - [23/May/2018:13:42:25 +0800] "GET /static/main/images/contact-image.jpg HTTP/1.1" 404 168
127.0.0.1 - - [23/May/2018:13:42:48 +0800] "GET /contact HTTP/1.1" 200 6172
127.0.0.1 - - [23/May/2018:13:42:48 +0800] "GET /static/main/images/contact-image.jpg HTTP/1.1" 404 168
127.0.0.1 - - [23/May/2018:13:42:48 +0800] "GET /favicon.ico HTTP/1.1" 200 4286
127.0.0.1 - - [23/May/2018:13:42:49 +0800] "GET /about HTTP/1.1" 200 5936
127.0.0.1 - - [23/May/2018:13:42:50 +0800] "GET /blog HTTP/1.1" 200 10340
127.0.0.1 - - [23/May/2018:13:42:51 +0800] "GET / HTTP/1.1" 200 12637
127.0.0.1 - - [23/May/2018:13:42:51 +0800] "GET /main/images/rainy-day.jpg HTTP/1.1" 304 -
127.0.0.1 - - [23/May/2018:13:43:05 +0800] "GET /blog HTTP/1.1" 200 10340
0:0:0:0:0:0:0:1 - - [23/May/2018:13:43:05 +0800] "GET /main/images/example-blog01.jpg HTTP/1.1" 304 -
0:0:0:0:0:0:0:1 - - [23/May/2018:13:43:05 +0800] "GET /main/images/example-blog02.jpg HTTP/1.1" 304 -
127.0.0.1 - - [23/May/2018:13:43:05 +0800] "GET /main/css/styles.css HTTP/1.1" 304 -
127.0.0.1 - - [23/May/2018:13:43:05 +0800] "GET /main/images/example-blog04.jpg HTTP/1.1" 304 -
0:0:0:0:0:0:0:1 - - [23/May/2018:13:43:05 +0800] "GET /main/images/example-blog07.jpg HTTP/1.1" 304 -
0:0:0:0:0:0:0:1 - - [23/May/2018:13:43:07 +0800] "GET /about HTTP/1.1" 200 5936
0:0:0:0:0:0:0:1 - - [23/May/2018:13:43:07 +0800] "GET /main/images/about-header.jpg HTTP/1.1" 304 -
0:0:0:0:0:0:0:1 - - [23/May/2018:13:43:09 +0800] "GET /contact HTTP/1.1" 200 6172
0:0:0:0:0:0:0:1 - - [23/May/2018:13:43:09 +0800] "GET /static/main/images/contact-image.jpg HTTP/1.1" 404 168
0:0:0:0:0:0:0:1 - - [23/May/2018:13:43:14 +0800] "GET / HTTP/1.1" 200 12637
0:0:0:0:0:0:0:1 - - [23/May/2018:13:43:14 +0800] "GET /main/images/example-work07.jpg HTTP/1.1" 304 -
0:0:0:0:0:0:0:1 - - [23/May/2018:13:43:14 +0800] "GET /main/images/example-work02.jpg HTTP/1.1" 304 -
0:0:0:0:0:0:0:1 - - [23/May/2018:13:43:14 +0800] "GET /main/images/example-work03.jpg HTTP/1.1" 304 -
0:0:0:0:0:0:0:1 - - [23/May/2018:13:43:14 +0800] "GET /main/images/example-work08.jpg HTTP/1.1" 304 -
127.0.0.1 - - [23/May/2018:13:43:14 +0800] "GET /main/images/example-work04.jpg HTTP/1.1" 304 -
0:0:0:0:0:0:0:1 - - [23/May/2018:13:43:14 +0800] "GET /main/images/example-work05.jpg HTTP/1.1" 304 -
0:0:0:0:0:0:0:1 - - [23/May/2018:13:43:14 +0800] "GET /main/images/example-work06.jpg HTTP/1.1" 304 -
0:0:0:0:0:0:0:1 - - [23/May/2018:13:43:14 +0800] "GET /main/images/example-work09.jpg HTTP/1.1" 304 -
0:0:0:0:0:0:0:1 - - [23/May/2018:13:43:16 +0800] "GET /rainy/rainyday.js HTTP/1.1" 304 -
0:0:0:0:0:0:0:1 - - [23/May/2018:13:43:16 +0800] "GET /rainyDay HTTP/1.1" 200 659855
0:0:0:0:0:0:0:1 - - [23/May/2018:13:43:16 +0800] "GET /rainy/classic.mp3 HTTP/1.1" 304 -
0:0:0:0:0:0:0:1 - - [23/May/2018:15:18:54 +0800] "GET / HTTP/1.1" 200 12653
0:0:0:0:0:0:0:1 - - [23/May/2018:15:18:54 +0800] "GET /main/images/rainy-day.jpg HTTP/1.1" 200 66012
0:0:0:0:0:0:0:1 - - [23/May/2018:15:18:54 +0800] "GET /main/css/styles.css HTTP/1.1" 200 2875
0:0:0:0:0:0:0:1 - - [23/May/2018:15:18:54 +0800] "GET /main/images/example-work07.jpg HTTP/1.1" 200 23394
0:0:0:0:0:0:0:1 - - [23/May/2018:15:18:54 +0800] "GET /main/images/example-work02.jpg HTTP/1.1" 200 15388
0:0:0:0:0:0:0:1 - - [23/May/2018:15:18:54 +0800] "GET /main/images/example-work04.jpg HTTP/1.1" 200 9033
0:0:0:0:0:0:0:1 - - [23/May/2018:15:18:54 +0800] "GET /main/images/example-work03.jpg HTTP/1.1" 200 11096
0:0:0:0:0:0:0:1 - - [23/May/2018:15:18:54 +0800] "GET /main/images/example-work05.jpg HTTP/1.1" 200 14376
0:0:0:0:0:0:0:1 - - [23/May/2018:15:18:54 +0800] "GET /main/images/footer-background.png HTTP/1.1" 200 1330
0:0:0:0:0:0:0:1 - - [23/May/2018:15:18:54 +0800] "GET /main/images/example-work08.jpg HTTP/1.1" 200 13010
0:0:0:0:0:0:0:1 - - [23/May/2018:15:18:54 +0800] "GET /main/images/example-work06.jpg HTTP/1.1" 200 9776
0:0:0:0:0:0:0:1 - - [23/May/2018:15:18:54 +0800] "GET /main/images/example-work09.jpg HTTP/1.1" 200 28067
0:0:0:0:0:0:0:1 - - [23/May/2018:15:18:54 +0800] "GET /main/images/header-bg.jpg HTTP/1.1" 200 10060
0:0:0:0:0:0:0:1 - - [23/May/2018:15:18:54 +0800] "GET /main/images/logo.jpg HTTP/1.1" 200 37392
127.0.0.1 - - [23/May/2018:17:09:29 +0800] "GET /en_GB/all.js HTTP/1.1" 404 144
127.0.0.1 - - [23/May/2018:18:39:34 +0800] "GET /track?sid=5260fc448bc06f09886c11ee HTTP/1.1" 404 137
127.0.0.1 - - [23/May/2018:20:07:36 +0800] "POST / HTTP/1.1" 200 12653
