0:0:0:0:0:0:0:1 - - [13/Jul/2018:10:58:59 +0800] "GET / HTTP/1.1" 200 5472
0:0:0:0:0:0:0:1 - - [13/Jul/2018:10:58:59 +0800] "GET /main/images/fan.jpg HTTP/1.1" 200 43238
0:0:0:0:0:0:0:1 - - [13/Jul/2018:10:58:59 +0800] "GET /main/css/styles.css HTTP/1.1" 200 2875
0:0:0:0:0:0:0:1 - - [13/Jul/2018:10:58:59 +0800] "GET /main/images/rainy-day.jpg HTTP/1.1" 200 66012
0:0:0:0:0:0:0:1 - - [13/Jul/2018:10:59:01 +0800] "GET /main/images/header-bg.jpg HTTP/1.1" 200 10060
0:0:0:0:0:0:0:1 - - [13/Jul/2018:10:59:01 +0800] "GET /main/images/footer-background.png HTTP/1.1" 200 1330
0:0:0:0:0:0:0:1 - - [13/Jul/2018:10:59:01 +0800] "GET /main/images/logo.jpg HTTP/1.1" 200 37392
0:0:0:0:0:0:0:1 - - [13/Jul/2018:10:59:02 +0800] "GET /favicon.ico HTTP/1.1" 200 4286
0:0:0:0:0:0:0:1 - - [13/Jul/2018:10:59:08 +0800] "GET /video HTTP/1.1" 200 664
0:0:0:0:0:0:0:1 - - [13/Jul/2018:10:59:08 +0800] "GET /js/bootstrap.min.js HTTP/1.1" 200 48944
0:0:0:0:0:0:0:1 - - [13/Jul/2018:10:59:08 +0800] "GET /css/bootstrap.min.css HTTP/1.1" 200 144877
0:0:0:0:0:0:0:1 - - [13/Jul/2018:11:02:03 +0800] "GET /video HTTP/1.1" 200 664
0:0:0:0:0:0:0:1 - - [13/Jul/2018:11:02:03 +0800] "GET /js/bootstrap.min.js.map HTTP/1.1" 404 155
0:0:0:0:0:0:0:1 - - [13/Jul/2018:11:02:03 +0800] "GET /css/bootstrap.min.css.map HTTP/1.1" 404 157
0:0:0:0:0:0:0:1 - - [13/Jul/2018:11:02:05 +0800] "GET /video HTTP/1.1" 200 664
0:0:0:0:0:0:0:1 - - [13/Jul/2018:11:02:05 +0800] "GET /js/bootstrap.min.js.map HTTP/1.1" 404 155
0:0:0:0:0:0:0:1 - - [13/Jul/2018:11:02:05 +0800] "GET /css/bootstrap.min.css.map HTTP/1.1" 404 157
0:0:0:0:0:0:0:1 - - [13/Jul/2018:11:02:06 +0800] "GET /video HTTP/1.1" 200 664
0:0:0:0:0:0:0:1 - - [13/Jul/2018:11:02:06 +0800] "GET /js/bootstrap.min.js.map HTTP/1.1" 404 155
0:0:0:0:0:0:0:1 - - [13/Jul/2018:11:02:06 +0800] "GET /css/bootstrap.min.css.map HTTP/1.1" 404 157
0:0:0:0:0:0:0:1 - - [13/Jul/2018:11:02:07 +0800] "GET /video HTTP/1.1" 200 664
0:0:0:0:0:0:0:1 - - [13/Jul/2018:11:02:07 +0800] "GET /css/bootstrap.min.css HTTP/1.1" 304 -
0:0:0:0:0:0:0:1 - - [13/Jul/2018:11:02:07 +0800] "GET /js/bootstrap.min.js HTTP/1.1" 304 -
0:0:0:0:0:0:0:1 - - [13/Jul/2018:11:02:07 +0800] "GET /js/bootstrap.min.js.map HTTP/1.1" 404 155
0:0:0:0:0:0:0:1 - - [13/Jul/2018:11:02:07 +0800] "GET /css/bootstrap.min.css.map HTTP/1.1" 404 157
0:0:0:0:0:0:0:1 - - [13/Jul/2018:11:02:09 +0800] "GET /video HTTP/1.1" 200 664
0:0:0:0:0:0:0:1 - - [13/Jul/2018:11:02:09 +0800] "GET /js/bootstrap.min.js HTTP/1.1" 200 48944
0:0:0:0:0:0:0:1 - - [13/Jul/2018:11:02:09 +0800] "GET /css/bootstrap.min.css HTTP/1.1" 200 144877
0:0:0:0:0:0:0:1 - - [13/Jul/2018:11:02:09 +0800] "GET /js/bootstrap.min.js.map HTTP/1.1" 404 155
0:0:0:0:0:0:0:1 - - [13/Jul/2018:11:02:09 +0800] "GET /css/bootstrap.min.css.map HTTP/1.1" 404 157
0:0:0:0:0:0:0:1 - - [13/Jul/2018:11:02:13 +0800] "GET /video HTTP/1.1" 200 664
0:0:0:0:0:0:0:1 - - [13/Jul/2018:11:02:13 +0800] "GET /js/bootstrap.min.js.map HTTP/1.1" 404 155
0:0:0:0:0:0:0:1 - - [13/Jul/2018:11:02:13 +0800] "GET /css/bootstrap.min.css.map HTTP/1.1" 404 157
0:0:0:0:0:0:0:1 - - [13/Jul/2018:11:09:31 +0800] "GET /video HTTP/1.1" 200 9546
0:0:0:0:0:0:0:1 - - [13/Jul/2018:11:09:31 +0800] "GET /css/bootstrap.min.css HTTP/1.1" 304 -
0:0:0:0:0:0:0:1 - - [13/Jul/2018:11:09:31 +0800] "GET /js/bootstrap.min.js HTTP/1.1" 304 -
0:0:0:0:0:0:0:1 - - [13/Jul/2018:11:09:31 +0800] "GET /img/letvlogo.png HTTP/1.1" 404 148
0:0:0:0:0:0:0:1 - - [13/Jul/2018:11:09:31 +0800] "GET /img/hunantvlogo.png HTTP/1.1" 404 151
0:0:0:0:0:0:0:1 - - [13/Jul/2018:11:09:31 +0800] "GET /img/qqlogo.png HTTP/1.1" 404 146
0:0:0:0:0:0:0:1 - - [13/Jul/2018:11:09:31 +0800] "GET /js/bootstrap.min.js.map HTTP/1.1" 404 155
0:0:0:0:0:0:0:1 - - [13/Jul/2018:11:09:31 +0800] "GET /img/youkulogo.png HTTP/1.1" 404 149
0:0:0:0:0:0:0:1 - - [13/Jul/2018:11:09:31 +0800] "GET /img/iqiyilogo.png HTTP/1.1" 404 149
0:0:0:0:0:0:0:1 - - [13/Jul/2018:11:09:31 +0800] "GET /img/baofeng.png HTTP/1.1" 404 147
0:0:0:0:0:0:0:1 - - [13/Jul/2018:11:09:31 +0800] "GET /img/tudoulogo.png HTTP/1.1" 404 149
0:0:0:0:0:0:0:1 - - [13/Jul/2018:11:09:31 +0800] "GET /img/pptv.png HTTP/1.1" 404 144
0:0:0:0:0:0:0:1 - - [13/Jul/2018:11:09:31 +0800] "GET /img/56logo.png HTTP/1.1" 404 146
0:0:0:0:0:0:0:1 - - [13/Jul/2018:11:09:31 +0800] "GET /css/bootstrap.min.css.map HTTP/1.1" 404 157
0:0:0:0:0:0:0:1 - - [13/Jul/2018:11:09:31 +0800] "GET /img/yinyuetailogo.png HTTP/1.1" 404 153
0:0:0:0:0:0:0:1 - - [13/Jul/2018:11:09:31 +0800] "GET /img/kankan.png HTTP/1.1" 404 146
0:0:0:0:0:0:0:1 - - [13/Jul/2018:11:09:31 +0800] "GET /img/wasulogo.png HTTP/1.1" 404 148
0:0:0:0:0:0:0:1 - - [13/Jul/2018:11:09:31 +0800] "GET /img/1905logo.png HTTP/1.1" 404 148
0:0:0:0:0:0:0:1 - - [13/Jul/2018:11:09:31 +0800] "GET /img/sinalogo.png HTTP/1.1" 404 148
0:0:0:0:0:0:0:1 - - [13/Jul/2018:11:09:31 +0800] "GET /img/baomihualogo.png HTTP/1.1" 404 152
0:0:0:0:0:0:0:1 - - [13/Jul/2018:11:09:31 +0800] "GET /img/ku6logo.png HTTP/1.1" 404 147
0:0:0:0:0:0:0:1 - - [13/Jul/2018:11:09:31 +0800] "GET /img/fengxing.png HTTP/1.1" 404 148
0:0:0:0:0:0:0:1 - - [13/Jul/2018:11:09:31 +0800] "GET /img/sohulogo.png HTTP/1.1" 404 148
0:0:0:0:0:0:0:1 - - [13/Jul/2018:11:09:31 +0800] "GET /img/kankannewslogo.png HTTP/1.1" 404 154
0:0:0:0:0:0:0:1 - - [13/Jul/2018:11:09:31 +0800] "GET /img/tangdoulogo.png HTTP/1.1" 404 151
0:0:0:0:0:0:0:1 - - [13/Jul/2018:11:09:31 +0800] "GET /img/cntvlogo.png HTTP/1.1" 404 148
0:0:0:0:0:0:0:1 - - [13/Jul/2018:11:09:31 +0800] "GET /img/acfun.png HTTP/1.1" 404 145
0:0:0:0:0:0:0:1 - - [13/Jul/2018:11:09:31 +0800] "GET /img/bilibili.png HTTP/1.1" 404 148
0:0:0:0:0:0:0:1 - - [13/Jul/2018:11:09:31 +0800] "GET /img/aipai.png HTTP/1.1" 404 145
0:0:0:0:0:0:0:1 - - [13/Jul/2018:11:10:11 +0800] "GET /video HTTP/1.1" 200 9546
0:0:0:0:0:0:0:1 - - [13/Jul/2018:11:10:11 +0800] "GET /img/iqiyilogo.png HTTP/1.1" 404 149
0:0:0:0:0:0:0:1 - - [13/Jul/2018:11:10:11 +0800] "GET /img/qqlogo.png HTTP/1.1" 404 146
0:0:0:0:0:0:0:1 - - [13/Jul/2018:11:10:11 +0800] "GET /img/hunantvlogo.png HTTP/1.1" 404 151
0:0:0:0:0:0:0:1 - - [13/Jul/2018:11:10:11 +0800] "GET /img/youkulogo.png HTTP/1.1" 404 149
0:0:0:0:0:0:0:1 - - [13/Jul/2018:11:10:11 +0800] "GET /img/letvlogo.png HTTP/1.1" 404 148
0:0:0:0:0:0:0:1 - - [13/Jul/2018:11:10:11 +0800] "GET /img/tudoulogo.png HTTP/1.1" 404 149
0:0:0:0:0:0:0:1 - - [13/Jul/2018:11:10:11 +0800] "GET /img/baofeng.png HTTP/1.1" 404 147
0:0:0:0:0:0:0:1 - - [13/Jul/2018:11:10:11 +0800] "GET /js/bootstrap.min.js.map HTTP/1.1" 404 155
0:0:0:0:0:0:0:1 - - [13/Jul/2018:11:10:11 +0800] "GET /img/kankan.png HTTP/1.1" 404 146
0:0:0:0:0:0:0:1 - - [13/Jul/2018:11:10:11 +0800] "GET /img/1905logo.png HTTP/1.1" 404 148
0:0:0:0:0:0:0:1 - - [13/Jul/2018:11:10:11 +0800] "GET /img/pptv.png HTTP/1.1" 404 144
0:0:0:0:0:0:0:1 - - [13/Jul/2018:11:10:11 +0800] "GET /img/56logo.png HTTP/1.1" 404 146
0:0:0:0:0:0:0:1 - - [13/Jul/2018:11:10:11 +0800] "GET /img/yinyuetailogo.png HTTP/1.1" 404 153
0:0:0:0:0:0:0:1 - - [13/Jul/2018:11:10:11 +0800] "GET /img/wasulogo.png HTTP/1.1" 404 148
0:0:0:0:0:0:0:1 - - [13/Jul/2018:11:10:11 +0800] "GET /img/ku6logo.png HTTP/1.1" 404 147
0:0:0:0:0:0:0:1 - - [13/Jul/2018:11:10:11 +0800] "GET /img/sohulogo.png HTTP/1.1" 404 148
0:0:0:0:0:0:0:1 - - [13/Jul/2018:11:10:11 +0800] "GET /img/baomihualogo.png HTTP/1.1" 404 152
0:0:0:0:0:0:0:1 - - [13/Jul/2018:11:10:11 +0800] "GET /img/kankannewslogo.png HTTP/1.1" 404 154
0:0:0:0:0:0:0:1 - - [13/Jul/2018:11:10:11 +0800] "GET /img/tangdoulogo.png HTTP/1.1" 404 151
0:0:0:0:0:0:0:1 - - [13/Jul/2018:11:10:11 +0800] "GET /img/cntvlogo.png HTTP/1.1" 404 148
0:0:0:0:0:0:0:1 - - [13/Jul/2018:11:10:11 +0800] "GET /img/sinalogo.png HTTP/1.1" 404 148
0:0:0:0:0:0:0:1 - - [13/Jul/2018:11:10:11 +0800] "GET /img/aipai.png HTTP/1.1" 404 145
0:0:0:0:0:0:0:1 - - [13/Jul/2018:11:10:11 +0800] "GET /img/bilibili.png HTTP/1.1" 404 148
0:0:0:0:0:0:0:1 - - [13/Jul/2018:11:10:11 +0800] "GET /img/fengxing.png HTTP/1.1" 404 148
0:0:0:0:0:0:0:1 - - [13/Jul/2018:11:10:11 +0800] "GET /img/acfun.png HTTP/1.1" 404 145
0:0:0:0:0:0:0:1 - - [13/Jul/2018:11:10:11 +0800] "GET /css/bootstrap.min.css.map HTTP/1.1" 404 157
0:0:0:0:0:0:0:1 - - [13/Jul/2018:11:10:12 +0800] "GET /video HTTP/1.1" 200 9546
0:0:0:0:0:0:0:1 - - [13/Jul/2018:11:10:12 +0800] "GET /img/iqiyilogo.png HTTP/1.1" 404 149
0:0:0:0:0:0:0:1 - - [13/Jul/2018:11:10:12 +0800] "GET /img/qqlogo.png HTTP/1.1" 404 146
0:0:0:0:0:0:0:1 - - [13/Jul/2018:11:10:12 +0800] "GET /img/hunantvlogo.png HTTP/1.1" 404 151
0:0:0:0:0:0:0:1 - - [13/Jul/2018:11:10:12 +0800] "GET /img/youkulogo.png HTTP/1.1" 404 149
0:0:0:0:0:0:0:1 - - [13/Jul/2018:11:10:12 +0800] "GET /img/letvlogo.png HTTP/1.1" 404 148
0:0:0:0:0:0:0:1 - - [13/Jul/2018:11:10:12 +0800] "GET /img/tudoulogo.png HTTP/1.1" 404 149
0:0:0:0:0:0:0:1 - - [13/Jul/2018:11:10:12 +0800] "GET /img/1905logo.png HTTP/1.1" 404 148
0:0:0:0:0:0:0:1 - - [13/Jul/2018:11:10:12 +0800] "GET /img/baofeng.png HTTP/1.1" 404 147
0:0:0:0:0:0:0:1 - - [13/Jul/2018:11:10:12 +0800] "GET /img/kankan.png HTTP/1.1" 404 146
0:0:0:0:0:0:0:1 - - [13/Jul/2018:11:10:12 +0800] "GET /img/pptv.png HTTP/1.1" 404 144
0:0:0:0:0:0:0:1 - - [13/Jul/2018:11:10:12 +0800] "GET /img/yinyuetailogo.png HTTP/1.1" 404 153
0:0:0:0:0:0:0:1 - - [13/Jul/2018:11:10:12 +0800] "GET /img/56logo.png HTTP/1.1" 404 146
0:0:0:0:0:0:0:1 - - [13/Jul/2018:11:10:12 +0800] "GET /js/bootstrap.min.js.map HTTP/1.1" 404 155
0:0:0:0:0:0:0:1 - - [13/Jul/2018:11:10:12 +0800] "GET /img/sinalogo.png HTTP/1.1" 404 148
0:0:0:0:0:0:0:1 - - [13/Jul/2018:11:10:12 +0800] "GET /img/fengxing.png HTTP/1.1" 404 148
0:0:0:0:0:0:0:1 - - [13/Jul/2018:11:10:12 +0800] "GET /img/wasulogo.png HTTP/1.1" 404 148
0:0:0:0:0:0:0:1 - - [13/Jul/2018:11:10:12 +0800] "GET /img/baomihualogo.png HTTP/1.1" 404 152
0:0:0:0:0:0:0:1 - - [13/Jul/2018:11:10:12 +0800] "GET /img/sohulogo.png HTTP/1.1" 404 148
0:0:0:0:0:0:0:1 - - [13/Jul/2018:11:10:12 +0800] "GET /img/ku6logo.png HTTP/1.1" 404 147
0:0:0:0:0:0:0:1 - - [13/Jul/2018:11:10:12 +0800] "GET /img/tangdoulogo.png HTTP/1.1" 404 151
0:0:0:0:0:0:0:1 - - [13/Jul/2018:11:10:12 +0800] "GET /img/kankannewslogo.png HTTP/1.1" 404 154
0:0:0:0:0:0:0:1 - - [13/Jul/2018:11:10:12 +0800] "GET /img/cntvlogo.png HTTP/1.1" 404 148
0:0:0:0:0:0:0:1 - - [13/Jul/2018:11:10:12 +0800] "GET /img/acfun.png HTTP/1.1" 404 145
0:0:0:0:0:0:0:1 - - [13/Jul/2018:11:10:12 +0800] "GET /img/bilibili.png HTTP/1.1" 404 148
0:0:0:0:0:0:0:1 - - [13/Jul/2018:11:10:12 +0800] "GET /img/aipai.png HTTP/1.1" 404 145
0:0:0:0:0:0:0:1 - - [13/Jul/2018:11:10:12 +0800] "GET /css/bootstrap.min.css.map HTTP/1.1" 404 157
0:0:0:0:0:0:0:1 - - [13/Jul/2018:11:10:12 +0800] "GET /video HTTP/1.1" 200 9546
0:0:0:0:0:0:0:1 - - [13/Jul/2018:11:10:12 +0800] "GET /img/iqiyilogo.png HTTP/1.1" 404 149
0:0:0:0:0:0:0:1 - - [13/Jul/2018:11:10:12 +0800] "GET /img/qqlogo.png HTTP/1.1" 404 146
0:0:0:0:0:0:0:1 - - [13/Jul/2018:11:10:12 +0800] "GET /img/youkulogo.png HTTP/1.1" 404 149
0:0:0:0:0:0:0:1 - - [13/Jul/2018:11:10:12 +0800] "GET /js/bootstrap.min.js.map HTTP/1.1" 404 155
0:0:0:0:0:0:0:1 - - [13/Jul/2018:11:10:12 +0800] "GET /img/letvlogo.png HTTP/1.1" 404 148
0:0:0:0:0:0:0:1 - - [13/Jul/2018:11:10:12 +0800] "GET /img/hunantvlogo.png HTTP/1.1" 404 151
0:0:0:0:0:0:0:1 - - [13/Jul/2018:11:10:12 +0800] "GET /img/tudoulogo.png HTTP/1.1" 404 149
0:0:0:0:0:0:0:1 - - [13/Jul/2018:11:10:12 +0800] "GET /img/pptv.png HTTP/1.1" 404 144
0:0:0:0:0:0:0:1 - - [13/Jul/2018:11:10:12 +0800] "GET /img/baofeng.png HTTP/1.1" 404 147
0:0:0:0:0:0:0:1 - - [13/Jul/2018:11:10:12 +0800] "GET /img/kankan.png HTTP/1.1" 404 146
0:0:0:0:0:0:0:1 - - [13/Jul/2018:11:10:12 +0800] "GET /img/56logo.png HTTP/1.1" 404 146
0:0:0:0:0:0:0:1 - - [13/Jul/2018:11:10:12 +0800] "GET /img/fengxing.png HTTP/1.1" 404 148
0:0:0:0:0:0:0:1 - - [13/Jul/2018:11:10:12 +0800] "GET /img/ku6logo.png HTTP/1.1" 404 147
0:0:0:0:0:0:0:1 - - [13/Jul/2018:11:10:12 +0800] "GET /img/yinyuetailogo.png HTTP/1.1" 404 153
0:0:0:0:0:0:0:1 - - [13/Jul/2018:11:10:12 +0800] "GET /img/wasulogo.png HTTP/1.1" 404 148
0:0:0:0:0:0:0:1 - - [13/Jul/2018:11:10:12 +0800] "GET /img/sinalogo.png HTTP/1.1" 404 148
0:0:0:0:0:0:0:1 - - [13/Jul/2018:11:10:12 +0800] "GET /img/kankannewslogo.png HTTP/1.1" 404 154
0:0:0:0:0:0:0:1 - - [13/Jul/2018:11:10:12 +0800] "GET /img/sohulogo.png HTTP/1.1" 404 148
0:0:0:0:0:0:0:1 - - [13/Jul/2018:11:10:12 +0800] "GET /img/baomihualogo.png HTTP/1.1" 404 152
0:0:0:0:0:0:0:1 - - [13/Jul/2018:11:10:12 +0800] "GET /img/1905logo.png HTTP/1.1" 404 148
0:0:0:0:0:0:0:1 - - [13/Jul/2018:11:10:12 +0800] "GET /img/cntvlogo.png HTTP/1.1" 404 148
0:0:0:0:0:0:0:1 - - [13/Jul/2018:11:10:12 +0800] "GET /img/tangdoulogo.png HTTP/1.1" 404 151
0:0:0:0:0:0:0:1 - - [13/Jul/2018:11:10:12 +0800] "GET /img/acfun.png HTTP/1.1" 404 145
0:0:0:0:0:0:0:1 - - [13/Jul/2018:11:10:12 +0800] "GET /img/bilibili.png HTTP/1.1" 404 148
0:0:0:0:0:0:0:1 - - [13/Jul/2018:11:10:12 +0800] "GET /img/aipai.png HTTP/1.1" 404 145
0:0:0:0:0:0:0:1 - - [13/Jul/2018:11:10:12 +0800] "GET /css/bootstrap.min.css.map HTTP/1.1" 404 157
0:0:0:0:0:0:0:1 - - [13/Jul/2018:11:10:21 +0800] "GET /video HTTP/1.1" 200 9546
0:0:0:0:0:0:0:1 - - [13/Jul/2018:11:10:21 +0800] "GET /img/iqiyilogo.png HTTP/1.1" 404 149
0:0:0:0:0:0:0:1 - - [13/Jul/2018:11:10:21 +0800] "GET /img/qqlogo.png HTTP/1.1" 404 146
0:0:0:0:0:0:0:1 - - [13/Jul/2018:11:10:21 +0800] "GET /img/youkulogo.png HTTP/1.1" 404 149
0:0:0:0:0:0:0:1 - - [13/Jul/2018:11:10:21 +0800] "GET /img/hunantvlogo.png HTTP/1.1" 404 151
0:0:0:0:0:0:0:1 - - [13/Jul/2018:11:10:21 +0800] "GET /img/letvlogo.png HTTP/1.1" 404 148
0:0:0:0:0:0:0:1 - - [13/Jul/2018:11:10:21 +0800] "GET /img/tudoulogo.png HTTP/1.1" 404 149
0:0:0:0:0:0:0:1 - - [13/Jul/2018:11:10:21 +0800] "GET /img/baofeng.png HTTP/1.1" 404 147
0:0:0:0:0:0:0:1 - - [13/Jul/2018:11:10:21 +0800] "GET /img/1905logo.png HTTP/1.1" 404 148
0:0:0:0:0:0:0:1 - - [13/Jul/2018:11:10:21 +0800] "GET /img/kankan.png HTTP/1.1" 404 146
0:0:0:0:0:0:0:1 - - [13/Jul/2018:11:10:21 +0800] "GET /img/pptv.png HTTP/1.1" 404 144
0:0:0:0:0:0:0:1 - - [13/Jul/2018:11:10:21 +0800] "GET /img/yinyuetailogo.png HTTP/1.1" 404 153
0:0:0:0:0:0:0:1 - - [13/Jul/2018:11:10:21 +0800] "GET /img/56logo.png HTTP/1.1" 404 146
0:0:0:0:0:0:0:1 - - [13/Jul/2018:11:10:21 +0800] "GET /js/bootstrap.min.js.map HTTP/1.1" 404 155
0:0:0:0:0:0:0:1 - - [13/Jul/2018:11:10:21 +0800] "GET /img/fengxing.png HTTP/1.1" 404 148
0:0:0:0:0:0:0:1 - - [13/Jul/2018:11:10:21 +0800] "GET /img/ku6logo.png HTTP/1.1" 404 147
0:0:0:0:0:0:0:1 - - [13/Jul/2018:11:10:21 +0800] "GET /img/sinalogo.png HTTP/1.1" 404 148
0:0:0:0:0:0:0:1 - - [13/Jul/2018:11:10:21 +0800] "GET /img/wasulogo.png HTTP/1.1" 404 148
0:0:0:0:0:0:0:1 - - [13/Jul/2018:11:10:21 +0800] "GET /img/baomihualogo.png HTTP/1.1" 404 152
0:0:0:0:0:0:0:1 - - [13/Jul/2018:11:10:21 +0800] "GET /img/kankannewslogo.png HTTP/1.1" 404 154
0:0:0:0:0:0:0:1 - - [13/Jul/2018:11:10:21 +0800] "GET /img/sohulogo.png HTTP/1.1" 404 148
0:0:0:0:0:0:0:1 - - [13/Jul/2018:11:10:21 +0800] "GET /img/tangdoulogo.png HTTP/1.1" 404 151
0:0:0:0:0:0:0:1 - - [13/Jul/2018:11:10:21 +0800] "GET /img/cntvlogo.png HTTP/1.1" 404 148
0:0:0:0:0:0:0:1 - - [13/Jul/2018:11:10:21 +0800] "GET /img/bilibili.png HTTP/1.1" 404 148
0:0:0:0:0:0:0:1 - - [13/Jul/2018:11:10:21 +0800] "GET /img/acfun.png HTTP/1.1" 404 145
0:0:0:0:0:0:0:1 - - [13/Jul/2018:11:10:21 +0800] "GET /img/aipai.png HTTP/1.1" 404 145
0:0:0:0:0:0:0:1 - - [13/Jul/2018:11:10:21 +0800] "GET /css/bootstrap.min.css.map HTTP/1.1" 404 157
0:0:0:0:0:0:0:1 - - [13/Jul/2018:11:10:22 +0800] "GET /video HTTP/1.1" 200 9546
0:0:0:0:0:0:0:1 - - [13/Jul/2018:11:10:22 +0800] "GET /img/iqiyilogo.png HTTP/1.1" 404 149
0:0:0:0:0:0:0:1 - - [13/Jul/2018:11:10:22 +0800] "GET /img/qqlogo.png HTTP/1.1" 404 146
0:0:0:0:0:0:0:1 - - [13/Jul/2018:11:10:22 +0800] "GET /img/youkulogo.png HTTP/1.1" 404 149
0:0:0:0:0:0:0:1 - - [13/Jul/2018:11:10:22 +0800] "GET /img/hunantvlogo.png HTTP/1.1" 404 151
0:0:0:0:0:0:0:1 - - [13/Jul/2018:11:10:22 +0800] "GET /img/letvlogo.png HTTP/1.1" 404 148
0:0:0:0:0:0:0:1 - - [13/Jul/2018:11:10:22 +0800] "GET /img/tudoulogo.png HTTP/1.1" 404 149
0:0:0:0:0:0:0:1 - - [13/Jul/2018:11:10:22 +0800] "GET /img/1905logo.png HTTP/1.1" 404 148
0:0:0:0:0:0:0:1 - - [13/Jul/2018:11:10:22 +0800] "GET /img/kankan.png HTTP/1.1" 404 146
0:0:0:0:0:0:0:1 - - [13/Jul/2018:11:10:22 +0800] "GET /img/baofeng.png HTTP/1.1" 404 147
0:0:0:0:0:0:0:1 - - [13/Jul/2018:11:10:22 +0800] "GET /img/pptv.png HTTP/1.1" 404 144
0:0:0:0:0:0:0:1 - - [13/Jul/2018:11:10:22 +0800] "GET /img/yinyuetailogo.png HTTP/1.1" 404 153
0:0:0:0:0:0:0:1 - - [13/Jul/2018:11:10:22 +0800] "GET /js/bootstrap.min.js.map HTTP/1.1" 404 155
0:0:0:0:0:0:0:1 - - [13/Jul/2018:11:10:22 +0800] "GET /img/fengxing.png HTTP/1.1" 404 148
0:0:0:0:0:0:0:1 - - [13/Jul/2018:11:10:22 +0800] "GET /img/ku6logo.png HTTP/1.1" 404 147
0:0:0:0:0:0:0:1 - - [13/Jul/2018:11:10:22 +0800] "GET /img/baomihualogo.png HTTP/1.1" 404 152
0:0:0:0:0:0:0:1 - - [13/Jul/2018:11:10:22 +0800] "GET /img/56logo.png HTTP/1.1" 404 146
0:0:0:0:0:0:0:1 - - [13/Jul/2018:11:10:22 +0800] "GET /img/wasulogo.png HTTP/1.1" 404 148
0:0:0:0:0:0:0:1 - - [13/Jul/2018:11:10:22 +0800] "GET /img/sinalogo.png HTTP/1.1" 404 148
0:0:0:0:0:0:0:1 - - [13/Jul/2018:11:10:22 +0800] "GET /img/tangdoulogo.png HTTP/1.1" 404 151
0:0:0:0:0:0:0:1 - - [13/Jul/2018:11:10:22 +0800] "GET /img/sohulogo.png HTTP/1.1" 404 148
0:0:0:0:0:0:0:1 - - [13/Jul/2018:11:10:22 +0800] "GET /img/cntvlogo.png HTTP/1.1" 404 148
0:0:0:0:0:0:0:1 - - [13/Jul/2018:11:10:22 +0800] "GET /img/kankannewslogo.png HTTP/1.1" 404 154
0:0:0:0:0:0:0:1 - - [13/Jul/2018:11:10:22 +0800] "GET /img/bilibili.png HTTP/1.1" 404 148
0:0:0:0:0:0:0:1 - - [13/Jul/2018:11:10:22 +0800] "GET /img/acfun.png HTTP/1.1" 404 145
0:0:0:0:0:0:0:1 - - [13/Jul/2018:11:10:22 +0800] "GET /img/aipai.png HTTP/1.1" 404 145
0:0:0:0:0:0:0:1 - - [13/Jul/2018:11:10:22 +0800] "GET /css/bootstrap.min.css.map HTTP/1.1" 404 157
127.0.0.1 - - [13/Jul/2018:11:11:45 +0800] "GET /video HTTP/1.1" 200 9552
127.0.0.1 - - [13/Jul/2018:11:11:45 +0800] "GET /js/bootstrap.min.js HTTP/1.1" 304 -
127.0.0.1 - - [13/Jul/2018:11:11:45 +0800] "GET /css/bootstrap.min.css HTTP/1.1" 304 -
127.0.0.1 - - [13/Jul/2018:11:11:45 +0800] "GET /img/video/iqiyilogo.png HTTP/1.1" 200 6433
127.0.0.1 - - [13/Jul/2018:11:11:45 +0800] "GET /img/youkulogo.png HTTP/1.1" 404 149
127.0.0.1 - - [13/Jul/2018:11:11:45 +0800] "GET /img/letvlogo.png HTTP/1.1" 404 148
127.0.0.1 - - [13/Jul/2018:11:11:45 +0800] "GET /js/bootstrap.min.js.map HTTP/1.1" 404 155
127.0.0.1 - - [13/Jul/2018:11:11:45 +0800] "GET /img/tudoulogo.png HTTP/1.1" 404 149
127.0.0.1 - - [13/Jul/2018:11:11:45 +0800] "GET /img/qqlogo.png HTTP/1.1" 404 146
127.0.0.1 - - [13/Jul/2018:11:11:45 +0800] "GET /img/hunantvlogo.png HTTP/1.1" 404 151
127.0.0.1 - - [13/Jul/2018:11:11:45 +0800] "GET /img/1905logo.png HTTP/1.1" 404 148
127.0.0.1 - - [13/Jul/2018:11:11:45 +0800] "GET /img/yinyuetailogo.png HTTP/1.1" 404 153
127.0.0.1 - - [13/Jul/2018:11:11:45 +0800] "GET /img/pptv.png HTTP/1.1" 404 144
127.0.0.1 - - [13/Jul/2018:11:11:45 +0800] "GET /img/baofeng.png HTTP/1.1" 404 147
127.0.0.1 - - [13/Jul/2018:11:11:45 +0800] "GET /img/56logo.png HTTP/1.1" 404 146
127.0.0.1 - - [13/Jul/2018:11:11:45 +0800] "GET /img/fengxing.png HTTP/1.1" 404 148
127.0.0.1 - - [13/Jul/2018:11:11:45 +0800] "GET /img/kankan.png HTTP/1.1" 404 146
127.0.0.1 - - [13/Jul/2018:11:11:45 +0800] "GET /css/bootstrap.min.css.map HTTP/1.1" 404 157
127.0.0.1 - - [13/Jul/2018:11:11:45 +0800] "GET /img/sohulogo.png HTTP/1.1" 404 148
127.0.0.1 - - [13/Jul/2018:11:11:45 +0800] "GET /img/wasulogo.png HTTP/1.1" 404 148
127.0.0.1 - - [13/Jul/2018:11:11:45 +0800] "GET /img/kankannewslogo.png HTTP/1.1" 404 154
127.0.0.1 - - [13/Jul/2018:11:11:45 +0800] "GET /img/tangdoulogo.png HTTP/1.1" 404 151
127.0.0.1 - - [13/Jul/2018:11:11:45 +0800] "GET /img/cntvlogo.png HTTP/1.1" 404 148
127.0.0.1 - - [13/Jul/2018:11:11:45 +0800] "GET /img/ku6logo.png HTTP/1.1" 404 147
127.0.0.1 - - [13/Jul/2018:11:11:45 +0800] "GET /img/baomihualogo.png HTTP/1.1" 404 152
127.0.0.1 - - [13/Jul/2018:11:11:45 +0800] "GET /img/aipai.png HTTP/1.1" 404 145
127.0.0.1 - - [13/Jul/2018:11:11:45 +0800] "GET /img/sinalogo.png HTTP/1.1" 404 148
127.0.0.1 - - [13/Jul/2018:11:11:45 +0800] "GET /img/bilibili.png HTTP/1.1" 404 148
127.0.0.1 - - [13/Jul/2018:11:11:45 +0800] "GET /img/acfun.png HTTP/1.1" 404 145
0:0:0:0:0:0:0:1 - - [13/Jul/2018:11:17:43 +0800] "GET /img/video/iqiyilogo.png HTTP/1.1" 304 -
0:0:0:0:0:0:0:1 - - [13/Jul/2018:11:17:43 +0800] "GET /video HTTP/1.1" 200 9690
0:0:0:0:0:0:0:1 - - [13/Jul/2018:11:17:43 +0800] "GET /js/bootstrap.min.js HTTP/1.1" 304 -
0:0:0:0:0:0:0:1 - - [13/Jul/2018:11:17:43 +0800] "GET /css/bootstrap.min.css HTTP/1.1" 304 -
0:0:0:0:0:0:0:1 - - [13/Jul/2018:11:17:43 +0800] "GET /img/video/youkulogo.png HTTP/1.1" 200 11611
0:0:0:0:0:0:0:1 - - [13/Jul/2018:11:17:43 +0800] "GET /img/video/qqlogo.png HTTP/1.1" 200 17016
0:0:0:0:0:0:0:1 - - [13/Jul/2018:11:17:43 +0800] "GET /img/video/hunantvlogo.png HTTP/1.1" 200 14876
0:0:0:0:0:0:0:1 - - [13/Jul/2018:11:17:43 +0800] "GET /img/video/letvlogo.png HTTP/1.1" 200 12389
0:0:0:0:0:0:0:1 - - [13/Jul/2018:11:17:43 +0800] "GET /img/video/baofeng.png HTTP/1.1" 200 4435
0:0:0:0:0:0:0:1 - - [13/Jul/2018:11:17:43 +0800] "GET /img/video/1905logo.png HTTP/1.1" 200 12064
0:0:0:0:0:0:0:1 - - [13/Jul/2018:11:17:43 +0800] "GET /img/video/tudoulogo.png HTTP/1.1" 200 14262
0:0:0:0:0:0:0:1 - - [13/Jul/2018:11:17:43 +0800] "GET /img/video/yinyuetailogo.png HTTP/1.1" 200 15905
0:0:0:0:0:0:0:1 - - [13/Jul/2018:11:17:43 +0800] "GET /img/video/kankan.png HTTP/1.1" 200 18598
0:0:0:0:0:0:0:1 - - [13/Jul/2018:11:17:43 +0800] "GET /img/video/56logo.png HTTP/1.1" 200 7315
0:0:0:0:0:0:0:1 - - [13/Jul/2018:11:17:43 +0800] "GET /img/video/fengxing.png HTTP/1.1" 200 5544
0:0:0:0:0:0:0:1 - - [13/Jul/2018:11:17:43 +0800] "GET /img/video/wasulogo.png HTTP/1.1" 200 10082
0:0:0:0:0:0:0:1 - - [13/Jul/2018:11:17:43 +0800] "GET /img/video/sohulogo.png HTTP/1.1" 200 23625
0:0:0:0:0:0:0:1 - - [13/Jul/2018:11:17:43 +0800] "GET /img/video/sinalogo.png HTTP/1.1" 200 5880
0:0:0:0:0:0:0:1 - - [13/Jul/2018:11:17:43 +0800] "GET /img/video/kankannewslogo.png HTTP/1.1" 200 9202
0:0:0:0:0:0:0:1 - - [13/Jul/2018:11:17:43 +0800] "GET /img/video/tangdoulogo.png HTTP/1.1" 200 6425
0:0:0:0:0:0:0:1 - - [13/Jul/2018:11:17:43 +0800] "GET /img/video/cntvlogo.png HTTP/1.1" 200 16111
0:0:0:0:0:0:0:1 - - [13/Jul/2018:11:17:43 +0800] "GET /img/video/acfun.png HTTP/1.1" 200 4372
0:0:0:0:0:0:0:1 - - [13/Jul/2018:11:17:43 +0800] "GET /img/video/aipai.png HTTP/1.1" 200 10613
0:0:0:0:0:0:0:1 - - [13/Jul/2018:11:17:43 +0800] "GET /img/video/pptv.png HTTP/1.1" 200 9143
0:0:0:0:0:0:0:1 - - [13/Jul/2018:11:17:43 +0800] "GET /img/video/ku6logo.png HTTP/1.1" 200 15081
0:0:0:0:0:0:0:1 - - [13/Jul/2018:11:17:43 +0800] "GET /img/video/baomihualogo.png HTTP/1.1" 200 16107
0:0:0:0:0:0:0:1 - - [13/Jul/2018:11:17:43 +0800] "GET /img/video/bilibili.png HTTP/1.1" 200 4850
0:0:0:0:0:0:0:1 - - [13/Jul/2018:11:17:44 +0800] "GET /css/bootstrap.min.css.map HTTP/1.1" 404 157
0:0:0:0:0:0:0:1 - - [13/Jul/2018:11:17:44 +0800] "GET /js/bootstrap.min.js.map HTTP/1.1" 404 155
0:0:0:0:0:0:0:1 - - [13/Jul/2018:11:22:37 +0800] "GET /video HTTP/1.1" 200 10993
0:0:0:0:0:0:0:1 - - [13/Jul/2018:11:22:37 +0800] "GET /img/video/iqiyilogo.png HTTP/1.1" 304 -
0:0:0:0:0:0:0:1 - - [13/Jul/2018:11:22:37 +0800] "GET /css/bootstrap.min.css HTTP/1.1" 304 -
0:0:0:0:0:0:0:1 - - [13/Jul/2018:11:22:37 +0800] "GET /img/video/qqlogo.png HTTP/1.1" 304 -
0:0:0:0:0:0:0:1 - - [13/Jul/2018:11:22:37 +0800] "GET /js/bootstrap.min.js HTTP/1.1" 304 -
0:0:0:0:0:0:0:1 - - [13/Jul/2018:11:22:37 +0800] "GET /img/video/youkulogo.png HTTP/1.1" 304 -
0:0:0:0:0:0:0:1 - - [13/Jul/2018:11:22:37 +0800] "GET /img/video/hunantvlogo.png HTTP/1.1" 304 -
0:0:0:0:0:0:0:1 - - [13/Jul/2018:11:22:37 +0800] "GET /img/video/tudoulogo.png HTTP/1.1" 304 -
0:0:0:0:0:0:0:1 - - [13/Jul/2018:11:22:37 +0800] "GET /img/video/letvlogo.png HTTP/1.1" 304 -
0:0:0:0:0:0:0:1 - - [13/Jul/2018:11:22:37 +0800] "GET /img/video/kankan.png HTTP/1.1" 304 -
0:0:0:0:0:0:0:1 - - [13/Jul/2018:11:22:37 +0800] "GET /img/video/yinyuetailogo.png HTTP/1.1" 304 -
0:0:0:0:0:0:0:1 - - [13/Jul/2018:11:22:37 +0800] "GET /img/video/56logo.png HTTP/1.1" 304 -
0:0:0:0:0:0:0:1 - - [13/Jul/2018:11:22:37 +0800] "GET /img/video/1905logo.png HTTP/1.1" 304 -
0:0:0:0:0:0:0:1 - - [13/Jul/2018:11:22:37 +0800] "GET /img/video/baofeng.png HTTP/1.1" 304 -
0:0:0:0:0:0:0:1 - - [13/Jul/2018:11:22:37 +0800] "GET /img/video/fengxing.png HTTP/1.1" 304 -
0:0:0:0:0:0:0:1 - - [13/Jul/2018:11:22:37 +0800] "GET /img/video/pptv.png HTTP/1.1" 304 -
0:0:0:0:0:0:0:1 - - [13/Jul/2018:11:22:37 +0800] "GET /img/video/ku6logo.png HTTP/1.1" 304 -
0:0:0:0:0:0:0:1 - - [13/Jul/2018:11:22:37 +0800] "GET /img/video/wasulogo.png HTTP/1.1" 304 -
0:0:0:0:0:0:0:1 - - [13/Jul/2018:11:22:37 +0800] "GET /img/video/sohulogo.png HTTP/1.1" 304 -
0:0:0:0:0:0:0:1 - - [13/Jul/2018:11:22:37 +0800] "GET /img/video/kankannewslogo.png HTTP/1.1" 304 -
0:0:0:0:0:0:0:1 - - [13/Jul/2018:11:22:37 +0800] "GET /img/video/sinalogo.png HTTP/1.1" 304 -
0:0:0:0:0:0:0:1 - - [13/Jul/2018:11:22:37 +0800] "GET /img/video/bilibili.png HTTP/1.1" 304 -
0:0:0:0:0:0:0:1 - - [13/Jul/2018:11:22:37 +0800] "GET /img/video/cntvlogo.png HTTP/1.1" 304 -
0:0:0:0:0:0:0:1 - - [13/Jul/2018:11:22:37 +0800] "GET /img/video/tangdoulogo.png HTTP/1.1" 304 -
0:0:0:0:0:0:0:1 - - [13/Jul/2018:11:22:37 +0800] "GET /img/video/baomihualogo.png HTTP/1.1" 304 -
0:0:0:0:0:0:0:1 - - [13/Jul/2018:11:22:37 +0800] "GET /img/video/acfun.png HTTP/1.1" 304 -
0:0:0:0:0:0:0:1 - - [13/Jul/2018:11:22:37 +0800] "GET /img/video/aipai.png HTTP/1.1" 304 -
0:0:0:0:0:0:0:1 - - [13/Jul/2018:11:22:38 +0800] "GET /favicon.ico HTTP/1.1" 200 1150
127.0.0.1 - - [13/Jul/2018:11:55:24 +0800] "GET /pagead/js/adsbygoogle.js HTTP/1.1" 404 156
127.0.0.1 - - [13/Jul/2018:11:55:29 +0800] "GET /pagead/js/adsbygoogle.js HTTP/1.1" 404 156
0:0:0:0:0:0:0:1 - - [13/Jul/2018:12:03:19 +0800] "GET /video HTTP/1.1" 200 10993
0:0:0:0:0:0:0:1 - - [13/Jul/2018:12:03:19 +0800] "GET /js/bootstrap.min.js HTTP/1.1" 304 -
0:0:0:0:0:0:0:1 - - [13/Jul/2018:12:03:19 +0800] "GET /css/bootstrap.min.css HTTP/1.1" 304 -
0:0:0:0:0:0:0:1 - - [13/Jul/2018:12:03:19 +0800] "GET /img/video/iqiyilogo.png HTTP/1.1" 304 -
0:0:0:0:0:0:0:1 - - [13/Jul/2018:12:03:19 +0800] "GET /img/video/qqlogo.png HTTP/1.1" 304 -
0:0:0:0:0:0:0:1 - - [13/Jul/2018:12:03:19 +0800] "GET /img/video/hunantvlogo.png HTTP/1.1" 304 -
0:0:0:0:0:0:0:1 - - [13/Jul/2018:12:03:19 +0800] "GET /img/video/youkulogo.png HTTP/1.1" 304 -
0:0:0:0:0:0:0:1 - - [13/Jul/2018:12:03:19 +0800] "GET /img/video/baofeng.png HTTP/1.1" 304 -
0:0:0:0:0:0:0:1 - - [13/Jul/2018:12:03:19 +0800] "GET /img/video/tudoulogo.png HTTP/1.1" 304 -
0:0:0:0:0:0:0:1 - - [13/Jul/2018:12:03:19 +0800] "GET /img/video/letvlogo.png HTTP/1.1" 304 -
0:0:0:0:0:0:0:1 - - [13/Jul/2018:12:03:19 +0800] "GET /img/video/1905logo.png HTTP/1.1" 304 -
0:0:0:0:0:0:0:1 - - [13/Jul/2018:12:03:19 +0800] "GET /img/video/kankan.png HTTP/1.1" 304 -
0:0:0:0:0:0:0:1 - - [13/Jul/2018:12:03:19 +0800] "GET /img/video/ku6logo.png HTTP/1.1" 304 -
0:0:0:0:0:0:0:1 - - [13/Jul/2018:12:03:19 +0800] "GET /img/video/pptv.png HTTP/1.1" 304 -
0:0:0:0:0:0:0:1 - - [13/Jul/2018:12:03:19 +0800] "GET /img/video/wasulogo.png HTTP/1.1" 304 -
0:0:0:0:0:0:0:1 - - [13/Jul/2018:12:03:19 +0800] "GET /img/video/yinyuetailogo.png HTTP/1.1" 304 -
0:0:0:0:0:0:0:1 - - [13/Jul/2018:12:03:19 +0800] "GET /img/video/fengxing.png HTTP/1.1" 304 -
0:0:0:0:0:0:0:1 - - [13/Jul/2018:12:03:19 +0800] "GET /img/video/56logo.png HTTP/1.1" 304 -
0:0:0:0:0:0:0:1 - - [13/Jul/2018:12:03:19 +0800] "GET /img/video/baomihualogo.png HTTP/1.1" 304 -
0:0:0:0:0:0:0:1 - - [13/Jul/2018:12:03:19 +0800] "GET /img/video/sohulogo.png HTTP/1.1" 304 -
0:0:0:0:0:0:0:1 - - [13/Jul/2018:12:03:19 +0800] "GET /img/video/kankannewslogo.png HTTP/1.1" 304 -
0:0:0:0:0:0:0:1 - - [13/Jul/2018:12:03:19 +0800] "GET /img/video/tangdoulogo.png HTTP/1.1" 304 -
0:0:0:0:0:0:0:1 - - [13/Jul/2018:12:03:19 +0800] "GET /img/video/acfun.png HTTP/1.1" 304 -
0:0:0:0:0:0:0:1 - - [13/Jul/2018:12:03:19 +0800] "GET /img/video/cntvlogo.png HTTP/1.1" 304 -
0:0:0:0:0:0:0:1 - - [13/Jul/2018:12:03:19 +0800] "GET /img/video/bilibili.png HTTP/1.1" 304 -
0:0:0:0:0:0:0:1 - - [13/Jul/2018:12:03:19 +0800] "GET /img/video/aipai.png HTTP/1.1" 304 -
0:0:0:0:0:0:0:1 - - [13/Jul/2018:12:03:19 +0800] "GET /img/video/sinalogo.png HTTP/1.1" 304 -
0:0:0:0:0:0:0:1 - - [13/Jul/2018:12:03:20 +0800] "GET /favicon.ico HTTP/1.1" 200 1150
0:0:0:0:0:0:0:1 - - [13/Jul/2018:12:09:59 +0800] "GET /video HTTP/1.1" 200 11106
0:0:0:0:0:0:0:1 - - [13/Jul/2018:12:09:59 +0800] "GET /css/bootstrap.min.css HTTP/1.1" 304 -
0:0:0:0:0:0:0:1 - - [13/Jul/2018:12:09:59 +0800] "GET /js/bootstrap.min.js HTTP/1.1" 304 -
0:0:0:0:0:0:0:1 - - [13/Jul/2018:12:09:59 +0800] "GET /img/video/qqlogo.png HTTP/1.1" 304 -
0:0:0:0:0:0:0:1 - - [13/Jul/2018:12:09:59 +0800] "GET /img/video/iqiyilogo.png HTTP/1.1" 304 -
0:0:0:0:0:0:0:1 - - [13/Jul/2018:12:09:59 +0800] "GET /img/video/youkulogo.png HTTP/1.1" 304 -
0:0:0:0:0:0:0:1 - - [13/Jul/2018:12:09:59 +0800] "GET /img/video/hunantvlogo.png HTTP/1.1" 304 -
0:0:0:0:0:0:0:1 - - [13/Jul/2018:12:09:59 +0800] "GET /img/video/letvlogo.png HTTP/1.1" 304 -
0:0:0:0:0:0:0:1 - - [13/Jul/2018:12:09:59 +0800] "GET /img/video/baofeng.png HTTP/1.1" 304 -
0:0:0:0:0:0:0:1 - - [13/Jul/2018:12:09:59 +0800] "GET /img/video/tudoulogo.png HTTP/1.1" 304 -
0:0:0:0:0:0:0:1 - - [13/Jul/2018:12:09:59 +0800] "GET /img/video/kankan.png HTTP/1.1" 304 -
0:0:0:0:0:0:0:1 - - [13/Jul/2018:12:09:59 +0800] "GET /img/video/1905logo.png HTTP/1.1" 304 -
0:0:0:0:0:0:0:1 - - [13/Jul/2018:12:09:59 +0800] "GET /img/video/yinyuetailogo.png HTTP/1.1" 304 -
0:0:0:0:0:0:0:1 - - [13/Jul/2018:12:09:59 +0800] "GET /img/video/56logo.png HTTP/1.1" 304 -
0:0:0:0:0:0:0:1 - - [13/Jul/2018:12:09:59 +0800] "GET /img/video/pptv.png HTTP/1.1" 304 -
0:0:0:0:0:0:0:1 - - [13/Jul/2018:12:09:59 +0800] "GET /img/video/fengxing.png HTTP/1.1" 304 -
0:0:0:0:0:0:0:1 - - [13/Jul/2018:12:09:59 +0800] "GET /img/video/wasulogo.png HTTP/1.1" 304 -
0:0:0:0:0:0:0:1 - - [13/Jul/2018:12:09:59 +0800] "GET /img/video/sohulogo.png HTTP/1.1" 304 -
0:0:0:0:0:0:0:1 - - [13/Jul/2018:12:09:59 +0800] "GET /img/video/sinalogo.png HTTP/1.1" 304 -
0:0:0:0:0:0:0:1 - - [13/Jul/2018:12:09:59 +0800] "GET /img/video/kankannewslogo.png HTTP/1.1" 304 -
0:0:0:0:0:0:0:1 - - [13/Jul/2018:12:09:59 +0800] "GET /img/video/acfun.png HTTP/1.1" 304 -
0:0:0:0:0:0:0:1 - - [13/Jul/2018:12:09:59 +0800] "GET /img/video/tangdoulogo.png HTTP/1.1" 304 -
0:0:0:0:0:0:0:1 - - [13/Jul/2018:12:09:59 +0800] "GET /img/video/baomihualogo.png HTTP/1.1" 304 -
0:0:0:0:0:0:0:1 - - [13/Jul/2018:12:09:59 +0800] "GET /img/video/ku6logo.png HTTP/1.1" 304 -
0:0:0:0:0:0:0:1 - - [13/Jul/2018:12:09:59 +0800] "GET /img/video/cntvlogo.png HTTP/1.1" 304 -
0:0:0:0:0:0:0:1 - - [13/Jul/2018:12:09:59 +0800] "GET /img/video/bilibili.png HTTP/1.1" 304 -
0:0:0:0:0:0:0:1 - - [13/Jul/2018:12:09:59 +0800] "GET /img/video/aipai.png HTTP/1.1" 304 -
0:0:0:0:0:0:0:1 - - [13/Jul/2018:12:10:00 +0800] "GET /favicon.ico HTTP/1.1" 200 1150
0:0:0:0:0:0:0:1 - - [13/Jul/2018:12:10:47 +0800] "GET /video HTTP/1.1" 200 11106
0:0:0:0:0:0:0:1 - - [13/Jul/2018:12:10:48 +0800] "GET /favicon.ico HTTP/1.1" 200 1150
127.0.0.1 - - [13/Jul/2018:12:16:58 +0800] "GET /pagead/js/adsbygoogle.js HTTP/1.1" 404 156
127.0.0.1 - - [13/Jul/2018:12:16:58 +0800] "GET /pagead/show_ads.js HTTP/1.1" 404 150
127.0.0.1 - - [13/Jul/2018:12:19:20 +0800] "GET /pagead/js/adsbygoogle.js HTTP/1.1" 404 156
127.0.0.1 - - [13/Jul/2018:12:19:20 +0800] "GET /pagead/show_ads.js HTTP/1.1" 404 150
127.0.0.1 - - [13/Jul/2018:12:19:22 +0800] "GET /pagead/show_ads.js HTTP/1.1" 404 150
127.0.0.1 - - [13/Jul/2018:12:19:30 +0800] "GET /pagead/show_ads.js HTTP/1.1" 404 150
127.0.0.1 - - [13/Jul/2018:12:19:32 +0800] "GET /pagead/show_ads.js HTTP/1.1" 404 150
127.0.0.1 - - [13/Jul/2018:12:19:32 +0800] "GET /pagead/js/adsbygoogle.js HTTP/1.1" 404 156
0:0:0:0:0:0:0:1 - - [13/Jul/2018:12:22:36 +0800] "GET /css/bootstrap.min.css HTTP/1.1" 304 -
0:0:0:0:0:0:0:1 - - [13/Jul/2018:12:22:36 +0800] "GET /js/bootstrap.min.js HTTP/1.1" 304 -
0:0:0:0:0:0:0:1 - - [13/Jul/2018:12:22:36 +0800] "GET /img/video/iqiyilogo.png HTTP/1.1" 304 -
0:0:0:0:0:0:0:1 - - [13/Jul/2018:12:22:36 +0800] "GET /video HTTP/1.1" 200 11451
0:0:0:0:0:0:0:1 - - [13/Jul/2018:12:22:36 +0800] "GET /img/video/qqlogo.png HTTP/1.1" 304 -
0:0:0:0:0:0:0:1 - - [13/Jul/2018:12:22:36 +0800] "GET /img/video/hunantvlogo.png HTTP/1.1" 304 -
0:0:0:0:0:0:0:1 - - [13/Jul/2018:12:22:36 +0800] "GET /img/video/youkulogo.png HTTP/1.1" 304 -
0:0:0:0:0:0:0:1 - - [13/Jul/2018:12:22:36 +0800] "GET /img/video/letvlogo.png HTTP/1.1" 304 -
0:0:0:0:0:0:0:1 - - [13/Jul/2018:12:22:36 +0800] "GET /img/video/tudoulogo.png HTTP/1.1" 304 -
0:0:0:0:0:0:0:1 - - [13/Jul/2018:12:22:36 +0800] "GET /img/video/baofeng.png HTTP/1.1" 304 -
0:0:0:0:0:0:0:1 - - [13/Jul/2018:12:22:36 +0800] "GET /img/video/56logo.png HTTP/1.1" 304 -
0:0:0:0:0:0:0:1 - - [13/Jul/2018:12:22:36 +0800] "GET /img/video/pptv.png HTTP/1.1" 304 -
0:0:0:0:0:0:0:1 - - [13/Jul/2018:12:22:36 +0800] "GET /img/video/1905logo.png HTTP/1.1" 304 -
0:0:0:0:0:0:0:1 - - [13/Jul/2018:12:22:36 +0800] "GET /img/video/yinyuetailogo.png HTTP/1.1" 304 -
0:0:0:0:0:0:0:1 - - [13/Jul/2018:12:22:36 +0800] "GET /img/video/ku6logo.png HTTP/1.1" 304 -
0:0:0:0:0:0:0:1 - - [13/Jul/2018:12:22:36 +0800] "GET /img/video/sinalogo.png HTTP/1.1" 304 -
0:0:0:0:0:0:0:1 - - [13/Jul/2018:12:22:36 +0800] "GET /img/video/wasulogo.png HTTP/1.1" 304 -
0:0:0:0:0:0:0:1 - - [13/Jul/2018:12:22:36 +0800] "GET /img/video/sohulogo.png HTTP/1.1" 304 -
0:0:0:0:0:0:0:1 - - [13/Jul/2018:12:22:36 +0800] "GET /img/video/baomihualogo.png HTTP/1.1" 304 -
0:0:0:0:0:0:0:1 - - [13/Jul/2018:12:22:36 +0800] "GET /img/video/cntvlogo.png HTTP/1.1" 304 -
0:0:0:0:0:0:0:1 - - [13/Jul/2018:12:22:36 +0800] "GET /img/video/tangdoulogo.png HTTP/1.1" 304 -
0:0:0:0:0:0:0:1 - - [13/Jul/2018:12:22:36 +0800] "GET /img/video/kankannewslogo.png HTTP/1.1" 304 -
0:0:0:0:0:0:0:1 - - [13/Jul/2018:12:22:36 +0800] "GET /img/video/acfun.png HTTP/1.1" 304 -
0:0:0:0:0:0:0:1 - - [13/Jul/2018:12:22:36 +0800] "GET /img/video/bilibili.png HTTP/1.1" 304 -
0:0:0:0:0:0:0:1 - - [13/Jul/2018:12:22:36 +0800] "GET /img/video/aipai.png HTTP/1.1" 304 -
0:0:0:0:0:0:0:1 - - [13/Jul/2018:12:22:36 +0800] "GET /img/video/fengxing.png HTTP/1.1" 304 -
0:0:0:0:0:0:0:1 - - [13/Jul/2018:12:22:36 +0800] "GET /img/video/kankan.png HTTP/1.1" 304 -
0:0:0:0:0:0:0:1 - - [13/Jul/2018:12:22:36 +0800] "GET /favicon.ico HTTP/1.1" 200 1150
0:0:0:0:0:0:0:1 - - [13/Jul/2018:12:22:42 +0800] "GET /css/bootstrap.min.css.map HTTP/1.1" 404 157
0:0:0:0:0:0:0:1 - - [13/Jul/2018:12:22:42 +0800] "GET /js/bootstrap.min.js.map HTTP/1.1" 404 155
0:0:0:0:0:0:0:1 - - [13/Jul/2018:12:23:42 +0800] "GET /video HTTP/1.1" 200 11446
0:0:0:0:0:0:0:1 - - [13/Jul/2018:12:23:42 +0800] "GET /js/jquery.min.js HTTP/1.1" 200 86927
0:0:0:0:0:0:0:1 - - [13/Jul/2018:12:23:42 +0800] "GET /css/bootstrap.min.css.map HTTP/1.1" 404 157
0:0:0:0:0:0:0:1 - - [13/Jul/2018:12:23:48 +0800] "GET /video HTTP/1.1" 200 11446
0:0:0:0:0:0:0:1 - - [13/Jul/2018:12:23:48 +0800] "GET /css/bootstrap.min.css.map HTTP/1.1" 404 157
0:0:0:0:0:0:0:1 - - [13/Jul/2018:12:25:38 +0800] "GET /video HTTP/1.1" 200 11446
0:0:0:0:0:0:0:1 - - [13/Jul/2018:12:25:38 +0800] "GET /css/bootstrap.min.css.map HTTP/1.1" 404 157
127.0.0.1 - - [13/Jul/2018:12:25:51 +0800] "GET /pagead/show_ads.js HTTP/1.1" 404 150
127.0.0.1 - - [13/Jul/2018:12:25:51 +0800] "GET /pagead/js/adsbygoogle.js HTTP/1.1" 404 156
127.0.0.1 - - [13/Jul/2018:12:26:03 +0800] "GET /pagead/show_ads.js HTTP/1.1" 404 150
0:0:0:0:0:0:0:1 - - [13/Jul/2018:12:33:50 +0800] "GET /js/jquery.min.js HTTP/1.1" 304 -
0:0:0:0:0:0:0:1 - - [13/Jul/2018:12:33:50 +0800] "GET /video HTTP/1.1" 200 11527
0:0:0:0:0:0:0:1 - - [13/Jul/2018:12:33:50 +0800] "GET /img/video/qqlogo.png HTTP/1.1" 304 -
0:0:0:0:0:0:0:1 - - [13/Jul/2018:12:33:50 +0800] "GET /css/bootstrap.min.css HTTP/1.1" 304 -
0:0:0:0:0:0:0:1 - - [13/Jul/2018:12:33:50 +0800] "GET /img/video/iqiyilogo.png HTTP/1.1" 304 -
0:0:0:0:0:0:0:1 - - [13/Jul/2018:12:33:50 +0800] "GET /img/video/youkulogo.png HTTP/1.1" 304 -
0:0:0:0:0:0:0:1 - - [13/Jul/2018:12:33:50 +0800] "GET /img/video/hunantvlogo.png HTTP/1.1" 304 -
0:0:0:0:0:0:0:1 - - [13/Jul/2018:12:33:50 +0800] "GET /img/video/pptv.png HTTP/1.1" 304 -
0:0:0:0:0:0:0:1 - - [13/Jul/2018:12:33:50 +0800] "GET /img/video/letvlogo.png HTTP/1.1" 304 -
0:0:0:0:0:0:0:1 - - [13/Jul/2018:12:33:50 +0800] "GET /img/video/baofeng.png HTTP/1.1" 304 -
0:0:0:0:0:0:0:1 - - [13/Jul/2018:12:33:50 +0800] "GET /img/video/1905logo.png HTTP/1.1" 304 -
0:0:0:0:0:0:0:1 - - [13/Jul/2018:12:33:50 +0800] "GET /img/video/yinyuetailogo.png HTTP/1.1" 304 -
0:0:0:0:0:0:0:1 - - [13/Jul/2018:12:33:50 +0800] "GET /img/video/tudoulogo.png HTTP/1.1" 304 -
0:0:0:0:0:0:0:1 - - [13/Jul/2018:12:33:50 +0800] "GET /img/video/kankan.png HTTP/1.1" 304 -
0:0:0:0:0:0:0:1 - - [13/Jul/2018:12:33:50 +0800] "GET /img/video/ku6logo.png HTTP/1.1" 304 -
0:0:0:0:0:0:0:1 - - [13/Jul/2018:12:33:50 +0800] "GET /img/video/sinalogo.png HTTP/1.1" 304 -
0:0:0:0:0:0:0:1 - - [13/Jul/2018:12:33:50 +0800] "GET /img/video/fengxing.png HTTP/1.1" 304 -
0:0:0:0:0:0:0:1 - - [13/Jul/2018:12:33:50 +0800] "GET /img/video/wasulogo.png HTTP/1.1" 304 -
0:0:0:0:0:0:0:1 - - [13/Jul/2018:12:33:50 +0800] "GET /img/video/56logo.png HTTP/1.1" 304 -
0:0:0:0:0:0:0:1 - - [13/Jul/2018:12:33:50 +0800] "GET /img/video/baomihualogo.png HTTP/1.1" 304 -
0:0:0:0:0:0:0:1 - - [13/Jul/2018:12:33:50 +0800] "GET /img/video/tangdoulogo.png HTTP/1.1" 304 -
0:0:0:0:0:0:0:1 - - [13/Jul/2018:12:33:50 +0800] "GET /img/video/cntvlogo.png HTTP/1.1" 304 -
0:0:0:0:0:0:0:1 - - [13/Jul/2018:12:33:50 +0800] "GET /img/video/sohulogo.png HTTP/1.1" 304 -
0:0:0:0:0:0:0:1 - - [13/Jul/2018:12:33:50 +0800] "GET /img/video/kankannewslogo.png HTTP/1.1" 304 -
0:0:0:0:0:0:0:1 - - [13/Jul/2018:12:33:50 +0800] "GET /img/video/aipai.png HTTP/1.1" 304 -
0:0:0:0:0:0:0:1 - - [13/Jul/2018:12:33:50 +0800] "GET /img/video/acfun.png HTTP/1.1" 304 -
0:0:0:0:0:0:0:1 - - [13/Jul/2018:12:33:50 +0800] "GET /img/video/bilibili.png HTTP/1.1" 304 -
0:0:0:0:0:0:0:1 - - [13/Jul/2018:12:33:50 +0800] "GET /css/bootstrap.min.css.map HTTP/1.1" 404 157
0:0:0:0:0:0:0:1 - - [13/Jul/2018:12:35:37 +0800] "GET /video HTTP/1.1" 200 11627
0:0:0:0:0:0:0:1 - - [13/Jul/2018:12:35:37 +0800] "GET /css/bootstrap.min.css.map HTTP/1.1" 404 157
0:0:0:0:0:0:0:1 - - [13/Jul/2018:12:36:08 +0800] "GET /video HTTP/1.1" 200 11634
0:0:0:0:0:0:0:1 - - [13/Jul/2018:12:36:08 +0800] "GET /css/bootstrap.min.css.map HTTP/1.1" 404 157
0:0:0:0:0:0:0:1 - - [13/Jul/2018:12:38:29 +0800] "GET /video HTTP/1.1" 200 11634
0:0:0:0:0:0:0:1 - - [13/Jul/2018:12:38:30 +0800] "GET /css/bootstrap.min.css.map HTTP/1.1" 404 157
0:0:0:0:0:0:0:1 - - [13/Jul/2018:12:43:51 +0800] "GET /video HTTP/1.1" 200 11634
0:0:0:0:0:0:0:1 - - [13/Jul/2018:12:43:51 +0800] "GET /img/video/qqlogo.png HTTP/1.1" 304 -
0:0:0:0:0:0:0:1 - - [13/Jul/2018:12:43:51 +0800] "GET /js/jquery.min.js HTTP/1.1" 304 -
0:0:0:0:0:0:0:1 - - [13/Jul/2018:12:43:51 +0800] "GET /css/bootstrap.min.css HTTP/1.1" 304 -
0:0:0:0:0:0:0:1 - - [13/Jul/2018:12:43:51 +0800] "GET /img/video/iqiyilogo.png HTTP/1.1" 304 -
0:0:0:0:0:0:0:1 - - [13/Jul/2018:12:43:51 +0800] "GET /img/video/youkulogo.png HTTP/1.1" 304 -
0:0:0:0:0:0:0:1 - - [13/Jul/2018:12:43:51 +0800] "GET /img/video/hunantvlogo.png HTTP/1.1" 304 -
0:0:0:0:0:0:0:1 - - [13/Jul/2018:12:43:51 +0800] "GET /img/video/letvlogo.png HTTP/1.1" 304 -
0:0:0:0:0:0:0:1 - - [13/Jul/2018:12:43:52 +0800] "GET /img/video/tudoulogo.png HTTP/1.1" 304 -
0:0:0:0:0:0:0:1 - - [13/Jul/2018:12:43:52 +0800] "GET /img/video/baofeng.png HTTP/1.1" 304 -
0:0:0:0:0:0:0:1 - - [13/Jul/2018:12:43:52 +0800] "GET /img/video/pptv.png HTTP/1.1" 304 -
0:0:0:0:0:0:0:1 - - [13/Jul/2018:12:43:52 +0800] "GET /img/video/56logo.png HTTP/1.1" 304 -
0:0:0:0:0:0:0:1 - - [13/Jul/2018:12:43:52 +0800] "GET /img/video/fengxing.png HTTP/1.1" 304 -
0:0:0:0:0:0:0:1 - - [13/Jul/2018:12:43:52 +0800] "GET /img/video/kankan.png HTTP/1.1" 304 -
0:0:0:0:0:0:0:1 - - [13/Jul/2018:12:43:52 +0800] "GET /img/video/wasulogo.png HTTP/1.1" 304 -
0:0:0:0:0:0:0:1 - - [13/Jul/2018:12:43:52 +0800] "GET /img/video/sinalogo.png HTTP/1.1" 304 -
0:0:0:0:0:0:0:1 - - [13/Jul/2018:12:43:52 +0800] "GET /img/video/sohulogo.png HTTP/1.1" 304 -
0:0:0:0:0:0:0:1 - - [13/Jul/2018:12:43:52 +0800] "GET /img/video/ku6logo.png HTTP/1.1" 304 -
0:0:0:0:0:0:0:1 - - [13/Jul/2018:12:43:52 +0800] "GET /img/video/kankannewslogo.png HTTP/1.1" 304 -
0:0:0:0:0:0:0:1 - - [13/Jul/2018:12:43:52 +0800] "GET /img/video/baomihualogo.png HTTP/1.1" 304 -
0:0:0:0:0:0:0:1 - - [13/Jul/2018:12:43:52 +0800] "GET /img/video/tangdoulogo.png HTTP/1.1" 304 -
0:0:0:0:0:0:0:1 - - [13/Jul/2018:12:43:52 +0800] "GET /img/video/acfun.png HTTP/1.1" 304 -
0:0:0:0:0:0:0:1 - - [13/Jul/2018:12:43:52 +0800] "GET /img/video/cntvlogo.png HTTP/1.1" 304 -
0:0:0:0:0:0:0:1 - - [13/Jul/2018:12:43:52 +0800] "GET /img/video/bilibili.png HTTP/1.1" 304 -
0:0:0:0:0:0:0:1 - - [13/Jul/2018:12:43:52 +0800] "GET /img/video/aipai.png HTTP/1.1" 304 -
0:0:0:0:0:0:0:1 - - [13/Jul/2018:12:43:52 +0800] "GET /img/video/1905logo.png HTTP/1.1" 304 -
0:0:0:0:0:0:0:1 - - [13/Jul/2018:12:43:52 +0800] "GET /img/video/yinyuetailogo.png HTTP/1.1" 304 -
0:0:0:0:0:0:0:1 - - [13/Jul/2018:12:43:52 +0800] "GET /favicon.ico HTTP/1.1" 200 1150
0:0:0:0:0:0:0:1 - - [13/Jul/2018:14:16:00 +0800] "GET /video HTTP/1.1" 200 11820
0:0:0:0:0:0:0:1 - - [13/Jul/2018:14:16:00 +0800] "GET /js/jquery.min.js HTTP/1.1" 304 -
0:0:0:0:0:0:0:1 - - [13/Jul/2018:14:16:00 +0800] "GET /img/video/iqiyilogo.png HTTP/1.1" 304 -
0:0:0:0:0:0:0:1 - - [13/Jul/2018:14:16:00 +0800] "GET /css/bootstrap.min.css HTTP/1.1" 304 -
0:0:0:0:0:0:0:1 - - [13/Jul/2018:14:16:00 +0800] "GET /img/video/qqlogo.png HTTP/1.1" 304 -
0:0:0:0:0:0:0:1 - - [13/Jul/2018:14:16:00 +0800] "GET /img/video/youkulogo.png HTTP/1.1" 304 -
0:0:0:0:0:0:0:1 - - [13/Jul/2018:14:16:00 +0800] "GET /img/video/hunantvlogo.png HTTP/1.1" 304 -
0:0:0:0:0:0:0:1 - - [13/Jul/2018:14:16:00 +0800] "GET /img/video/letvlogo.png HTTP/1.1" 304 -
0:0:0:0:0:0:0:1 - - [13/Jul/2018:14:16:00 +0800] "GET /img/video/tudoulogo.png HTTP/1.1" 304 -
0:0:0:0:0:0:0:1 - - [13/Jul/2018:14:16:00 +0800] "GET /img/video/baofeng.png HTTP/1.1" 304 -
0:0:0:0:0:0:0:1 - - [13/Jul/2018:14:16:00 +0800] "GET /img/video/kankan.png HTTP/1.1" 304 -
0:0:0:0:0:0:0:1 - - [13/Jul/2018:14:16:00 +0800] "GET /img/video/fengxing.png HTTP/1.1" 304 -
0:0:0:0:0:0:0:1 - - [13/Jul/2018:14:16:00 +0800] "GET /img/video/56logo.png HTTP/1.1" 304 -
0:0:0:0:0:0:0:1 - - [13/Jul/2018:14:16:00 +0800] "GET /img/video/ku6logo.png HTTP/1.1" 304 -
0:0:0:0:0:0:0:1 - - [13/Jul/2018:14:16:00 +0800] "GET /img/video/1905logo.png HTTP/1.1" 304 -
0:0:0:0:0:0:0:1 - - [13/Jul/2018:14:16:00 +0800] "GET /img/video/wasulogo.png HTTP/1.1" 304 -
0:0:0:0:0:0:0:1 - - [13/Jul/2018:14:16:00 +0800] "GET /img/video/sinalogo.png HTTP/1.1" 304 -
0:0:0:0:0:0:0:1 - - [13/Jul/2018:14:16:00 +0800] "GET /img/video/pptv.png HTTP/1.1" 304 -
0:0:0:0:0:0:0:1 - - [13/Jul/2018:14:16:00 +0800] "GET /img/video/baomihualogo.png HTTP/1.1" 304 -
0:0:0:0:0:0:0:1 - - [13/Jul/2018:14:16:00 +0800] "GET /img/video/kankannewslogo.png HTTP/1.1" 304 -
0:0:0:0:0:0:0:1 - - [13/Jul/2018:14:16:00 +0800] "GET /img/video/sohulogo.png HTTP/1.1" 304 -
0:0:0:0:0:0:0:1 - - [13/Jul/2018:14:16:00 +0800] "GET /img/video/tangdoulogo.png HTTP/1.1" 304 -
0:0:0:0:0:0:0:1 - - [13/Jul/2018:14:16:00 +0800] "GET /img/video/bilibili.png HTTP/1.1" 304 -
0:0:0:0:0:0:0:1 - - [13/Jul/2018:14:16:00 +0800] "GET /img/video/acfun.png HTTP/1.1" 304 -
0:0:0:0:0:0:0:1 - - [13/Jul/2018:14:16:00 +0800] "GET /img/video/aipai.png HTTP/1.1" 304 -
0:0:0:0:0:0:0:1 - - [13/Jul/2018:14:16:00 +0800] "GET /img/video/yinyuetailogo.png HTTP/1.1" 304 -
0:0:0:0:0:0:0:1 - - [13/Jul/2018:14:16:00 +0800] "GET /img/video/cntvlogo.png HTTP/1.1" 304 -
0:0:0:0:0:0:0:1 - - [13/Jul/2018:14:16:34 +0800] "GET /video HTTP/1.1" 200 11820
0:0:0:0:0:0:0:1 - - [13/Jul/2018:14:16:34 +0800] "GET /favicon.ico HTTP/1.1" 200 1150
0:0:0:0:0:0:0:1 - - [13/Jul/2018:14:19:27 +0800] "GET /video HTTP/1.1" 200 11820
0:0:0:0:0:0:0:1 - - [13/Jul/2018:14:19:27 +0800] "GET /favicon.ico HTTP/1.1" 200 1150
0:0:0:0:0:0:0:1 - - [13/Jul/2018:14:19:30 +0800] "GET /video HTTP/1.1" 200 11820
0:0:0:0:0:0:0:1 - - [13/Jul/2018:14:19:30 +0800] "GET /favicon.ico HTTP/1.1" 200 1150
0:0:0:0:0:0:0:1 - - [13/Jul/2018:14:19:47 +0800] "GET /video HTTP/1.1" 200 11820
0:0:0:0:0:0:0:1 - - [13/Jul/2018:14:19:48 +0800] "GET /favicon.ico HTTP/1.1" 200 1150
0:0:0:0:0:0:0:1 - - [13/Jul/2018:14:20:52 +0800] "GET /video HTTP/1.1" 200 11871
0:0:0:0:0:0:0:1 - - [13/Jul/2018:14:20:52 +0800] "GET /favicon.ico HTTP/1.1" 200 1150
0:0:0:0:0:0:0:1 - - [13/Jul/2018:14:21:01 +0800] "GET /video HTTP/1.1" 200 11871
0:0:0:0:0:0:0:1 - - [13/Jul/2018:14:21:01 +0800] "GET /favicon.ico HTTP/1.1" 200 1150
0:0:0:0:0:0:0:1 - - [13/Jul/2018:14:21:18 +0800] "GET /video? HTTP/1.1" 200 11871
0:0:0:0:0:0:0:1 - - [13/Jul/2018:14:21:21 +0800] "GET /video? HTTP/1.1" 200 11871
0:0:0:0:0:0:0:1 - - [13/Jul/2018:14:21:22 +0800] "GET /video? HTTP/1.1" 200 11871
0:0:0:0:0:0:0:1 - - [13/Jul/2018:14:21:25 +0800] "GET /video? HTTP/1.1" 200 11871
0:0:0:0:0:0:0:1 - - [13/Jul/2018:14:21:45 +0800] "GET /video? HTTP/1.1" 200 11869
0:0:0:0:0:0:0:1 - - [13/Jul/2018:14:21:45 +0800] "GET /favicon.ico HTTP/1.1" 200 1150
0:0:0:0:0:0:0:1 - - [13/Jul/2018:14:21:46 +0800] "GET /video? HTTP/1.1" 200 11869
0:0:0:0:0:0:0:1 - - [13/Jul/2018:14:21:47 +0800] "GET /favicon.ico HTTP/1.1" 200 1150
0:0:0:0:0:0:0:1 - - [13/Jul/2018:14:21:47 +0800] "GET /video? HTTP/1.1" 200 11869
0:0:0:0:0:0:0:1 - - [13/Jul/2018:14:21:47 +0800] "GET /video? HTTP/1.1" 200 11869
0:0:0:0:0:0:0:1 - - [13/Jul/2018:14:21:47 +0800] "GET /favicon.ico HTTP/1.1" 200 1150
0:0:0:0:0:0:0:1 - - [13/Jul/2018:14:21:47 +0800] "GET /video? HTTP/1.1" 200 11869
0:0:0:0:0:0:0:1 - - [13/Jul/2018:14:21:48 +0800] "GET /favicon.ico HTTP/1.1" 200 1150
0:0:0:0:0:0:0:1 - - [13/Jul/2018:14:21:48 +0800] "GET /video? HTTP/1.1" 200 11869
0:0:0:0:0:0:0:1 - - [13/Jul/2018:14:21:48 +0800] "GET /favicon.ico HTTP/1.1" 200 1150
0:0:0:0:0:0:0:1 - - [13/Jul/2018:14:21:48 +0800] "GET /video? HTTP/1.1" 200 11869
0:0:0:0:0:0:0:1 - - [13/Jul/2018:14:21:48 +0800] "GET /favicon.ico HTTP/1.1" 200 1150
0:0:0:0:0:0:0:1 - - [13/Jul/2018:14:21:49 +0800] "GET /video? HTTP/1.1" 200 11869
0:0:0:0:0:0:0:1 - - [13/Jul/2018:14:21:49 +0800] "GET /favicon.ico HTTP/1.1" 200 1150
0:0:0:0:0:0:0:1 - - [13/Jul/2018:14:21:49 +0800] "GET /video? HTTP/1.1" 200 11869
0:0:0:0:0:0:0:1 - - [13/Jul/2018:14:21:49 +0800] "GET /favicon.ico HTTP/1.1" 200 1150
0:0:0:0:0:0:0:1 - - [13/Jul/2018:14:21:59 +0800] "GET /video? HTTP/1.1" 200 11869
0:0:0:0:0:0:0:1 - - [13/Jul/2018:14:21:59 +0800] "GET /favicon.ico HTTP/1.1" 200 1150
192.168.2.45 - - [13/Jul/2018:15:23:23 +0800] "GET /hp/device/InternalPages/Index?id=ConfigurationPage HTTP/1.1" 404 161
0:0:0:0:0:0:0:1 - - [13/Jul/2018:17:10:50 +0800] "GET /video HTTP/1.1" 200 12055
0:0:0:0:0:0:0:1 - - [13/Jul/2018:17:10:50 +0800] "GET /img/video/iqiyilogo.png HTTP/1.1" 200 6433
0:0:0:0:0:0:0:1 - - [13/Jul/2018:17:10:50 +0800] "GET /img/video/qqlogo.png HTTP/1.1" 200 17016
0:0:0:0:0:0:0:1 - - [13/Jul/2018:17:10:50 +0800] "GET /js/jquery.min.js HTTP/1.1" 200 86927
0:0:0:0:0:0:0:1 - - [13/Jul/2018:17:10:50 +0800] "GET /css/bootstrap.min.css HTTP/1.1" 200 144877
0:0:0:0:0:0:0:1 - - [13/Jul/2018:17:10:50 +0800] "GET /img/video/youkulogo.png HTTP/1.1" 200 11611
0:0:0:0:0:0:0:1 - - [13/Jul/2018:17:10:50 +0800] "GET /img/video/hunantvlogo.png HTTP/1.1" 200 14876
0:0:0:0:0:0:0:1 - - [13/Jul/2018:17:10:50 +0800] "GET /img/video/letvlogo.png HTTP/1.1" 200 12389
0:0:0:0:0:0:0:1 - - [13/Jul/2018:17:10:50 +0800] "GET /img/video/tudoulogo.png HTTP/1.1" 200 14262
0:0:0:0:0:0:0:1 - - [13/Jul/2018:17:10:50 +0800] "GET /img/video/baofeng.png HTTP/1.1" 200 4435
0:0:0:0:0:0:0:1 - - [13/Jul/2018:17:10:50 +0800] "GET /img/video/kankan.png HTTP/1.1" 200 18598
0:0:0:0:0:0:0:1 - - [13/Jul/2018:17:10:50 +0800] "GET /img/video/1905logo.png HTTP/1.1" 200 12064
0:0:0:0:0:0:0:1 - - [13/Jul/2018:17:10:50 +0800] "GET /img/video/wasulogo.png HTTP/1.1" 200 10082
0:0:0:0:0:0:0:1 - - [13/Jul/2018:17:10:50 +0800] "GET /img/video/pptv.png HTTP/1.1" 200 9143
0:0:0:0:0:0:0:1 - - [13/Jul/2018:17:10:50 +0800] "GET /img/video/56logo.png HTTP/1.1" 200 7315
0:0:0:0:0:0:0:1 - - [13/Jul/2018:17:10:50 +0800] "GET /img/video/fengxing.png HTTP/1.1" 200 5544
0:0:0:0:0:0:0:1 - - [13/Jul/2018:17:10:50 +0800] "GET /img/video/ku6logo.png HTTP/1.1" 200 15081
0:0:0:0:0:0:0:1 - - [13/Jul/2018:17:10:50 +0800] "GET /img/video/yinyuetailogo.png HTTP/1.1" 200 15905
0:0:0:0:0:0:0:1 - - [13/Jul/2018:17:10:50 +0800] "GET /img/video/tangdoulogo.png HTTP/1.1" 200 6425
0:0:0:0:0:0:0:1 - - [13/Jul/2018:17:10:50 +0800] "GET /img/video/sohulogo.png HTTP/1.1" 200 23625
0:0:0:0:0:0:0:1 - - [13/Jul/2018:17:10:50 +0800] "GET /img/video/baomihualogo.png HTTP/1.1" 200 16107
0:0:0:0:0:0:0:1 - - [13/Jul/2018:17:10:50 +0800] "GET /img/video/kankannewslogo.png HTTP/1.1" 200 9202
0:0:0:0:0:0:0:1 - - [13/Jul/2018:17:10:50 +0800] "GET /img/video/sinalogo.png HTTP/1.1" 200 5880
0:0:0:0:0:0:0:1 - - [13/Jul/2018:17:10:50 +0800] "GET /img/video/acfun.png HTTP/1.1" 200 4372
0:0:0:0:0:0:0:1 - - [13/Jul/2018:17:10:50 +0800] "GET /img/video/cntvlogo.png HTTP/1.1" 200 16111
0:0:0:0:0:0:0:1 - - [13/Jul/2018:17:10:50 +0800] "GET /img/video/aipai.png HTTP/1.1" 200 10613
0:0:0:0:0:0:0:1 - - [13/Jul/2018:17:10:50 +0800] "GET /img/video/bilibili.png HTTP/1.1" 200 4850
