0:0:0:0:0:0:0:1 - - [24/May/2018:00:33:15 +0800] "GET / HTTP/1.1" 200 12426
0:0:0:0:0:0:0:1 - - [24/May/2018:00:33:15 +0800] "GET /main/css/styles.css HTTP/1.1" 200 2875
0:0:0:0:0:0:0:1 - - [24/May/2018:00:33:36 +0800] "GET /main/images/rainy-day.jpg HTTP/1.1" 200 66012
0:0:0:0:0:0:0:1 - - [24/May/2018:00:33:36 +0800] "GET /main/images/fan.jpg HTTP/1.1" 200 43238
0:0:0:0:0:0:0:1 - - [24/May/2018:00:33:36 +0800] "GET /main/images/example-work02.jpg HTTP/1.1" 200 15388
0:0:0:0:0:0:0:1 - - [24/May/2018:00:33:36 +0800] "GET /main/images/example-work03.jpg HTTP/1.1" 200 11096
0:0:0:0:0:0:0:1 - - [24/May/2018:00:33:36 +0800] "GET /main/images/example-work04.jpg HTTP/1.1" 200 9033
0:0:0:0:0:0:0:1 - - [24/May/2018:00:33:36 +0800] "GET /main/images/example-work08.jpg HTTP/1.1" 200 13010
0:0:0:0:0:0:0:1 - - [24/May/2018:00:33:36 +0800] "GET /main/images/example-work05.jpg HTTP/1.1" 200 14376
0:0:0:0:0:0:0:1 - - [24/May/2018:00:33:36 +0800] "GET /main/images/example-work06.jpg HTTP/1.1" 200 9776
0:0:0:0:0:0:0:1 - - [24/May/2018:00:33:36 +0800] "GET /main/images/example-work09.jpg HTTP/1.1" 200 28067
0:0:0:0:0:0:0:1 - - [24/May/2018:00:33:36 +0800] "GET /main/images/footer-background.png HTTP/1.1" 200 1330
0:0:0:0:0:0:0:1 - - [24/May/2018:00:33:36 +0800] "GET /main/images/header-bg.jpg HTTP/1.1" 200 10060
0:0:0:0:0:0:0:1 - - [24/May/2018:00:33:36 +0800] "GET /main/images/logo.jpg HTTP/1.1" 200 37392
0:0:0:0:0:0:0:1 - - [24/May/2018:00:33:49 +0800] "GET / HTTP/1.1" 200 12426
0:0:0:0:0:0:0:1 - - [24/May/2018:00:33:49 +0800] "GET /main/images/fan.jpg HTTP/1.1" 304 -
0:0:0:0:0:0:0:1 - - [24/May/2018:00:34:10 +0800] "GET /favicon.ico HTTP/1.1" 200 4286
0:0:0:0:0:0:0:1 - - [24/May/2018:00:35:07 +0800] "GET / HTTP/1.1" 200 12486
0:0:0:0:0:0:0:1 - - [24/May/2018:00:35:07 +0800] "GET /main/images/fan.jpg HTTP/1.1" 304 -
0:0:0:0:0:0:0:1 - - [24/May/2018:00:35:28 +0800] "GET /favicon.ico HTTP/1.1" 200 4286
0:0:0:0:0:0:0:1 - - [24/May/2018:00:36:08 +0800] "GET / HTTP/1.1" 200 12486
0:0:0:0:0:0:0:1 - - [24/May/2018:00:36:09 +0800] "GET /main/images/fan.jpg HTTP/1.1" 304 -
0:0:0:0:0:0:0:1 - - [24/May/2018:00:36:59 +0800] "GET / HTTP/1.1" 200 12486
0:0:0:0:0:0:0:1 - - [24/May/2018:00:36:59 +0800] "GET /main/images/fan.jpg HTTP/1.1" 304 -
0:0:0:0:0:0:0:1 - - [24/May/2018:00:36:59 +0800] "GET /favicon.ico HTTP/1.1" 200 4286
0:0:0:0:0:0:0:1 - - [24/May/2018:00:37:22 +0800] "GET / HTTP/1.1" 200 5486
0:0:0:0:0:0:0:1 - - [24/May/2018:00:37:22 +0800] "GET /favicon.ico HTTP/1.1" 200 4286
0:0:0:0:0:0:0:1 - - [24/May/2018:00:37:32 +0800] "GET /blog HTTP/1.1" 200 10356
0:0:0:0:0:0:0:1 - - [24/May/2018:00:37:32 +0800] "GET /main/images/example-blog01.jpg HTTP/1.1" 200 9957
0:0:0:0:0:0:0:1 - - [24/May/2018:00:37:32 +0800] "GET /main/images/example-blog02.jpg HTTP/1.1" 200 7269
0:0:0:0:0:0:0:1 - - [24/May/2018:00:37:32 +0800] "GET /main/images/example-blog04.jpg HTTP/1.1" 200 2348
0:0:0:0:0:0:0:1 - - [24/May/2018:00:37:32 +0800] "GET /main/images/example-blog07.jpg HTTP/1.1" 200 6707
0:0:0:0:0:0:0:1 - - [24/May/2018:00:37:32 +0800] "GET /main/images/example-blog03.jpg HTTP/1.1" 200 13233
0:0:0:0:0:0:0:1 - - [24/May/2018:00:37:32 +0800] "GET /main/images/example-blog05.jpg HTTP/1.1" 200 3097
0:0:0:0:0:0:0:1 - - [24/May/2018:00:37:32 +0800] "GET /main/images/example-blog06.jpg HTTP/1.1" 200 11426
0:0:0:0:0:0:0:1 - - [24/May/2018:00:44:57 +0800] "GET / HTTP/1.1" 200 5480
0:0:0:0:0:0:0:1 - - [24/May/2018:00:44:57 +0800] "GET /favicon.ico HTTP/1.1" 200 4286
0:0:0:0:0:0:0:1 - - [24/May/2018:00:45:09 +0800] "GET / HTTP/1.1" 200 5480
0:0:0:0:0:0:0:1 - - [24/May/2018:00:45:10 +0800] "GET /favicon.ico HTTP/1.1" 200 4286
0:0:0:0:0:0:0:1 - - [24/May/2018:00:45:17 +0800] "GET / HTTP/1.1" 200 5459
0:0:0:0:0:0:0:1 - - [24/May/2018:00:45:18 +0800] "GET /favicon.ico HTTP/1.1" 200 4286
0:0:0:0:0:0:0:1 - - [24/May/2018:00:45:21 +0800] "GET /fan HTTP/1.1" 200 9453
0:0:0:0:0:0:0:1 - - [24/May/2018:00:45:21 +0800] "GET /fan.mp3 HTTP/1.1" 206 130611
0:0:0:0:0:0:0:1 - - [24/May/2018:00:46:09 +0800] "GET /fan HTTP/1.1" 200 9453
0:0:0:0:0:0:0:1 - - [24/May/2018:00:46:11 +0800] "GET /fan HTTP/1.1" 200 9453
0:0:0:0:0:0:0:1 - - [24/May/2018:00:46:43 +0800] "GET /fan HTTP/1.1" 200 9480
0:0:0:0:0:0:0:1 - - [24/May/2018:00:46:43 +0800] "GET /fan.mp3 HTTP/1.1" 206 130611
0:0:0:0:0:0:0:1 - - [24/May/2018:00:47:19 +0800] "GET /fan HTTP/1.1" 200 8976
0:0:0:0:0:0:0:1 - - [24/May/2018:00:47:35 +0800] "GET /fan HTTP/1.1" 200 8976
0:0:0:0:0:0:0:1 - - [24/May/2018:00:47:47 +0800] "GET /fan HTTP/1.1" 200 8976
0:0:0:0:0:0:0:1 - - [24/May/2018:00:48:00 +0800] "GET /fan HTTP/1.1" 200 8976
0:0:0:0:0:0:0:1 - - [24/May/2018:00:48:37 +0800] "GET /fan HTTP/1.1" 200 8701
0:0:0:0:0:0:0:1 - - [24/May/2018:00:48:42 +0800] "GET /fan HTTP/1.1" 200 8701
0:0:0:0:0:0:0:1 - - [24/May/2018:00:48:42 +0800] "GET /favicon.ico HTTP/1.1" 200 4286
0:0:0:0:0:0:0:1 - - [24/May/2018:00:48:58 +0800] "GET /fan HTTP/1.1" 200 8976
0:0:0:0:0:0:0:1 - - [24/May/2018:00:48:58 +0800] "GET /favicon.ico HTTP/1.1" 200 4286
0:0:0:0:0:0:0:1 - - [24/May/2018:10:03:23 +0800] "GET / HTTP/1.1" 200 5459
0:0:0:0:0:0:0:1 - - [24/May/2018:10:03:24 +0800] "GET /main/css/styles.css HTTP/1.1" 200 2875
0:0:0:0:0:0:0:1 - - [24/May/2018:10:03:24 +0800] "GET /main/images/rainy-day.jpg HTTP/1.1" 200 66012
0:0:0:0:0:0:0:1 - - [24/May/2018:10:03:24 +0800] "GET /main/images/fan.jpg HTTP/1.1" 200 43238
0:0:0:0:0:0:0:1 - - [24/May/2018:18:17:22 +0800] "GET / HTTP/1.1" 200 5459
0:0:0:0:0:0:0:1 - - [24/May/2018:18:17:22 +0800] "GET /main/css/styles.css HTTP/1.1" 200 2875
0:0:0:0:0:0:0:1 - - [24/May/2018:18:17:24 +0800] "GET /main/images/rainy-day.jpg HTTP/1.1" 200 66012
0:0:0:0:0:0:0:1 - - [24/May/2018:18:17:24 +0800] "GET /main/images/fan.jpg HTTP/1.1" 200 43238
0:0:0:0:0:0:0:1 - - [24/May/2018:18:17:26 +0800] "GET /main/images/footer-background.png HTTP/1.1" 200 1330
0:0:0:0:0:0:0:1 - - [24/May/2018:18:17:26 +0800] "GET /main/images/logo.jpg HTTP/1.1" 200 37392
0:0:0:0:0:0:0:1 - - [24/May/2018:18:17:26 +0800] "GET /main/images/header-bg.jpg HTTP/1.1" 200 10060
0:0:0:0:0:0:0:1 - - [24/May/2018:18:17:27 +0800] "GET /fan HTTP/1.1" 200 8695
0:0:0:0:0:0:0:1 - - [24/May/2018:18:18:50 +0800] "GET /fan.mp3 HTTP/1.1" 500 7888896
0:0:0:0:0:0:0:1 - - [24/May/2018:18:18:51 +0800] "GET / HTTP/1.1" 200 5472
0:0:0:0:0:0:0:1 - - [24/May/2018:18:18:51 +0800] "GET /main/css/styles.css HTTP/1.1" 304 -
0:0:0:0:0:0:0:1 - - [24/May/2018:18:18:51 +0800] "GET /main/images/rainy-day.jpg HTTP/1.1" 304 -
0:0:0:0:0:0:0:1 - - [24/May/2018:18:18:51 +0800] "GET /main/images/fan.jpg HTTP/1.1" 304 -
0:0:0:0:0:0:0:1 - - [24/May/2018:18:18:51 +0800] "GET /main/images/footer-background.png HTTP/1.1" 304 -
0:0:0:0:0:0:0:1 - - [24/May/2018:18:18:51 +0800] "GET /main/images/logo.jpg HTTP/1.1" 304 -
0:0:0:0:0:0:0:1 - - [24/May/2018:18:18:51 +0800] "GET /main/images/header-bg.jpg HTTP/1.1" 304 -
0:0:0:0:0:0:0:1 - - [24/May/2018:18:18:51 +0800] "GET /favicon.ico HTTP/1.1" 200 4286
0:0:0:0:0:0:0:1 - - [24/May/2018:18:18:51 +0800] "GET / HTTP/1.1" 200 5472
0:0:0:0:0:0:0:1 - - [24/May/2018:18:18:52 +0800] "GET /favicon.ico HTTP/1.1" 200 4286
